2025-09-08 15:12:55,748 - DEBUG - ────────────────────────────────────────────────────────────────────────────────────────────────────────────────────────
2025-09-08 16:19:19,883 - DEBUG - ────────────────────────────────────────────────────────────────────────────────────────────────────────────────────────
2025-09-08 16:24:32,272 - DEBUG - ────────────────────────────────────────────────────────────────────────────────────────────────────────────────────────
2025-09-08 16:24:51,590 - DEBUG - ────────────────────────────────────────────────────────────────────────────────────────────────────────────────────────
2025-09-08 16:24:51,592 - DEBUG - [Twitter] Iniciando búsqueda para usuario=xemacanario
2025-09-08 16:24:51,597 - DEBUG - [Twitter] Usando cache en C:\Users\jm_ay\Documents\0-TFM_Programacion\Proyecto_TFM\Gestion_Identidad\Instagram\views\..\..\Twitter\busquedas\xemacanario.json
2025-09-08 16:24:51,601 - DEBUG - [find_sensitive] Analizando texto: Hamilton debería pagarle a Fernando Alonso solo por compartir pista con él.
Si q...
2025-09-08 16:24:51,602 - DEBUG - [find_sensitive] Coincidencias -> DNI=1, IBAN=2, CCC=2, Phones=1
2025-09-08 16:24:51,602 - DEBUG - [find_sensitive] Analizando texto: @Offsiders_PRJ Óscar Valentin...
2025-09-08 16:24:51,602 - DEBUG - [find_sensitive] Coincidencias -> DNI=0, IBAN=0, CCC=0, Phones=0
2025-09-08 16:24:51,602 - DEBUG - [find_sensitive] Analizando texto: RT @OrangeEsportsES: Termina el último clasificatorio del torneo virtual de @Mut...
2025-09-08 16:24:51,603 - DEBUG - [find_sensitive] Coincidencias -> DNI=0, IBAN=0, CCC=0, Phones=0
2025-09-08 16:24:51,603 - DEBUG - [find_sensitive] Analizando texto: RT @WorldRugby_ES: Ignacio Rodríguez-Guerra atraviesa a dos defensores de Japón ...
2025-09-08 16:24:51,603 - DEBUG - [find_sensitive] Coincidencias -> DNI=0, IBAN=0, CCC=0, Phones=0
2025-09-08 16:24:51,604 - DEBUG - [find_sensitive] Analizando texto: RT @Carlosnieto_97: ¿Por qué El once? https://t.co/kBsmCGMoxu https://t.co/iaFR1...
2025-09-08 16:24:51,604 - DEBUG - [find_sensitive] Coincidencias -> DNI=0, IBAN=0, CCC=0, Phones=0
2025-09-08 16:24:51,604 - DEBUG - [find_sensitive] Analizando texto: RT @CanariasEnHora: Sabe @Era_un_crass que  @FranNicolas_G es seguidor de la @UD...
2025-09-08 16:24:51,604 - DEBUG - [find_sensitive] Coincidencias -> DNI=0, IBAN=0, CCC=0, Phones=0
2025-09-08 16:24:51,604 - DEBUG - [find_sensitive] Analizando texto: RT @ecodeteleco: #Nius El grupo 13.1 presentará una denuncia por alineación inde...
2025-09-08 16:24:51,605 - DEBUG - [find_sensitive] Coincidencias -> DNI=0, IBAN=0, CCC=0, Phones=0
2025-09-08 16:24:51,605 - DEBUG - [find_sensitive] Analizando texto: RT @estereotopicos: Estar toda la semana más dormido que despierto #estereotopic...
2025-09-08 16:24:51,605 - DEBUG - [find_sensitive] Coincidencias -> DNI=0, IBAN=0, CCC=0, Phones=0
2025-09-08 16:24:51,605 - DEBUG - [find_sensitive] Analizando texto: RT @mariaflores555: Ehhhh hola? Se acaba de mover mi casa...
2025-09-08 16:24:51,605 - DEBUG - [find_sensitive] Coincidencias -> DNI=0, IBAN=0, CCC=0, Phones=0
2025-09-08 16:24:51,606 - DEBUG - [Twitter] Reanalizados 9 tweets
2025-09-08 16:25:07,720 - DEBUG - ────────────────────────────────────────────────────────────────────────────────────────────────────────────────────────
2025-09-08 16:25:20,272 - DEBUG - ────────────────────────────────────────────────────────────────────────────────────────────────────────────────────────
2025-09-08 16:35:57,707 - DEBUG - ────────────────────────────────────────────────────────────────────────────────────────────────────────────────────────
2025-09-08 16:51:34,741 - DEBUG - ────────────────────────────────────────────────────────────────────────────────────────────────────────────────────────
2025-09-08 16:52:10,344 - DEBUG - ────────────────────────────────────────────────────────────────────────────────────────────────────────────────────────
2025-09-08 17:02:22,998 - DEBUG - ────────────────────────────────────────────────────────────────────────────────────────────────────────────────────────
2025-09-08 17:06:37,893 - DEBUG - ────────────────────────────────────────────────────────────────────────────────────────────────────────────────────────
2025-09-08 17:09:15,933 - DEBUG - ────────────────────────────────────────────────────────────────────────────────────────────────────────────────────────
2025-09-08 17:10:46,260 - DEBUG - ────────────────────────────────────────────────────────────────────────────────────────────────────────────────────────
2025-09-08 17:10:46,270 - DEBUG - [Twitter] Iniciando búsqueda para usuario=xemacanario
2025-09-08 17:10:46,270 - DEBUG - [Twitter] Usando cache en C:\Users\jm_ay\Documents\0-TFM_Programacion\Proyecto_TFM\Gestion_Identidad\Instagram\views\..\..\Twitter\busquedas\xemacanario.json
2025-09-08 17:10:46,273 - DEBUG - [find_sensitive] Analizando texto: Hamilton debería pagarle a Fernando Alonso solo por compartir pista con él.
Si q...
2025-09-08 17:10:46,273 - DEBUG - [find_sensitive] Coincidencias -> DNI=1, IBAN=2, CCC=2, Phones=1
2025-09-08 17:10:46,274 - DEBUG - [find_sensitive] Analizando texto: @Offsiders_PRJ Óscar Valentin...
2025-09-08 17:10:46,274 - DEBUG - [find_sensitive] Coincidencias -> DNI=0, IBAN=0, CCC=0, Phones=0
2025-09-08 17:10:46,274 - DEBUG - [find_sensitive] Analizando texto: RT @OrangeEsportsES: Termina el último clasificatorio del torneo virtual de @Mut...
2025-09-08 17:10:46,274 - DEBUG - [find_sensitive] Coincidencias -> DNI=0, IBAN=0, CCC=0, Phones=0
2025-09-08 17:10:46,274 - DEBUG - [find_sensitive] Analizando texto: RT @WorldRugby_ES: Ignacio Rodríguez-Guerra atraviesa a dos defensores de Japón ...
2025-09-08 17:10:46,274 - DEBUG - [find_sensitive] Coincidencias -> DNI=0, IBAN=0, CCC=0, Phones=0
2025-09-08 17:10:46,275 - DEBUG - [find_sensitive] Analizando texto: RT @Carlosnieto_97: ¿Por qué El once? https://t.co/kBsmCGMoxu https://t.co/iaFR1...
2025-09-08 17:10:46,275 - DEBUG - [find_sensitive] Coincidencias -> DNI=0, IBAN=0, CCC=0, Phones=0
2025-09-08 17:10:46,275 - DEBUG - [find_sensitive] Analizando texto: RT @CanariasEnHora: Sabe @Era_un_crass que  @FranNicolas_G es seguidor de la @UD...
2025-09-08 17:10:46,275 - DEBUG - [find_sensitive] Coincidencias -> DNI=0, IBAN=0, CCC=0, Phones=0
2025-09-08 17:10:46,275 - DEBUG - [find_sensitive] Analizando texto: RT @ecodeteleco: #Nius El grupo 13.1 presentará una denuncia por alineación inde...
2025-09-08 17:10:46,275 - DEBUG - [find_sensitive] Coincidencias -> DNI=0, IBAN=0, CCC=0, Phones=0
2025-09-08 17:10:46,276 - DEBUG - [find_sensitive] Analizando texto: RT @estereotopicos: Estar toda la semana más dormido que despierto #estereotopic...
2025-09-08 17:10:46,276 - DEBUG - [find_sensitive] Coincidencias -> DNI=0, IBAN=0, CCC=0, Phones=0
2025-09-08 17:10:46,276 - DEBUG - [find_sensitive] Analizando texto: RT @mariaflores555: Ehhhh hola? Se acaba de mover mi casa...
2025-09-08 17:10:46,276 - DEBUG - [find_sensitive] Coincidencias -> DNI=0, IBAN=0, CCC=0, Phones=0
2025-09-08 17:10:46,276 - DEBUG - [Twitter] Reanalizados 9 tweets
2025-09-08 17:11:37,574 - DEBUG - ────────────────────────────────────────────────────────────────────────────────────────────────────────────────────────
2025-09-08 17:12:19,421 - DEBUG - ────────────────────────────────────────────────────────────────────────────────────────────────────────────────────────
2025-09-08 17:13:20,484 - DEBUG - ────────────────────────────────────────────────────────────────────────────────────────────────────────────────────────
2025-09-08 17:15:21,496 - DEBUG - ────────────────────────────────────────────────────────────────────────────────────────────────────────────────────────
2025-09-08 17:15:46,394 - DEBUG - ────────────────────────────────────────────────────────────────────────────────────────────────────────────────────────
2025-09-08 17:17:21,570 - DEBUG - ────────────────────────────────────────────────────────────────────────────────────────────────────────────────────────
2025-09-08 17:17:21,572 - DEBUG - [Twitter] Iniciando búsqueda para usuario=xemacanario
2025-09-08 17:17:21,573 - DEBUG - [Twitter] Usando cache en C:\Users\jm_ay\Documents\0-TFM_Programacion\Proyecto_TFM\Gestion_Identidad\Instagram\views\..\..\Twitter\busquedas\xemacanario.json
2025-09-08 17:17:21,573 - DEBUG - [find_sensitive] Analizando texto: Hamilton debería pagarle a Fernando Alonso solo por compartir pista con él.
Si q...
2025-09-08 17:17:21,574 - DEBUG - [find_sensitive] Coincidencias -> DNI=1, IBAN=2, CCC=2, Phones=1
2025-09-08 17:17:21,574 - DEBUG - [find_sensitive] Analizando texto: @Offsiders_PRJ Óscar Valentin...
2025-09-08 17:17:21,574 - DEBUG - [find_sensitive] Coincidencias -> DNI=0, IBAN=0, CCC=0, Phones=0
2025-09-08 17:17:21,574 - DEBUG - [find_sensitive] Analizando texto: RT @OrangeEsportsES: Termina el último clasificatorio del torneo virtual de @Mut...
2025-09-08 17:17:21,575 - DEBUG - [find_sensitive] Coincidencias -> DNI=0, IBAN=0, CCC=0, Phones=0
2025-09-08 17:17:21,575 - DEBUG - [find_sensitive] Analizando texto: RT @WorldRugby_ES: Ignacio Rodríguez-Guerra atraviesa a dos defensores de Japón ...
2025-09-08 17:17:21,575 - DEBUG - [find_sensitive] Coincidencias -> DNI=0, IBAN=0, CCC=0, Phones=0
2025-09-08 17:17:21,575 - DEBUG - [find_sensitive] Analizando texto: RT @Carlosnieto_97: ¿Por qué El once? https://t.co/kBsmCGMoxu https://t.co/iaFR1...
2025-09-08 17:17:21,575 - DEBUG - [find_sensitive] Coincidencias -> DNI=0, IBAN=0, CCC=0, Phones=0
2025-09-08 17:17:21,576 - DEBUG - [find_sensitive] Analizando texto: RT @CanariasEnHora: Sabe @Era_un_crass que  @FranNicolas_G es seguidor de la @UD...
2025-09-08 17:17:21,576 - DEBUG - [find_sensitive] Coincidencias -> DNI=0, IBAN=0, CCC=0, Phones=0
2025-09-08 17:17:21,576 - DEBUG - [find_sensitive] Analizando texto: RT @ecodeteleco: #Nius El grupo 13.1 presentará una denuncia por alineación inde...
2025-09-08 17:17:21,576 - DEBUG - [find_sensitive] Coincidencias -> DNI=0, IBAN=0, CCC=0, Phones=0
2025-09-08 17:17:21,576 - DEBUG - [find_sensitive] Analizando texto: RT @estereotopicos: Estar toda la semana más dormido que despierto #estereotopic...
2025-09-08 17:17:21,576 - DEBUG - [find_sensitive] Coincidencias -> DNI=0, IBAN=0, CCC=0, Phones=0
2025-09-08 17:17:21,577 - DEBUG - [find_sensitive] Analizando texto: RT @mariaflores555: Ehhhh hola? Se acaba de mover mi casa...
2025-09-08 17:17:21,577 - DEBUG - [find_sensitive] Coincidencias -> DNI=0, IBAN=0, CCC=0, Phones=0
2025-09-08 17:17:21,577 - DEBUG - [Twitter] Reanalizados 9 tweets
2025-09-08 17:18:40,513 - DEBUG - ────────────────────────────────────────────────────────────────────────────────────────────────────────────────────────
2025-09-08 17:19:07,261 - DEBUG - ────────────────────────────────────────────────────────────────────────────────────────────────────────────────────────
2025-09-08 17:21:46,651 - DEBUG - ────────────────────────────────────────────────────────────────────────────────────────────────────────────────────────
2025-09-08 17:22:52,698 - DEBUG - ────────────────────────────────────────────────────────────────────────────────────────────────────────────────────────
2025-09-08 17:22:52,699 - DEBUG - [Twitter] Iniciando búsqueda para usuario=xemacanario
2025-09-08 17:22:52,699 - DEBUG - [Twitter] Usando cache en C:\Users\jm_ay\Documents\0-TFM_Programacion\Proyecto_TFM\Gestion_Identidad\Instagram\views\..\..\Twitter\busquedas\xemacanario.json
2025-09-08 17:22:52,700 - DEBUG - [find_sensitive] Analizando texto: Hamilton debería pagarle a Fernando Alonso solo por compartir pista con él.
Si q...
2025-09-08 17:22:52,700 - DEBUG - [find_sensitive] Coincidencias -> DNI=1, IBAN=2, CCC=2, Phones=1
2025-09-08 17:22:52,700 - DEBUG - [find_sensitive] Analizando texto: @Offsiders_PRJ Óscar Valentin...
2025-09-08 17:22:52,700 - DEBUG - [find_sensitive] Coincidencias -> DNI=0, IBAN=0, CCC=0, Phones=0
2025-09-08 17:22:52,700 - DEBUG - [find_sensitive] Analizando texto: RT @OrangeEsportsES: Termina el último clasificatorio del torneo virtual de @Mut...
2025-09-08 17:22:52,700 - DEBUG - [find_sensitive] Coincidencias -> DNI=0, IBAN=0, CCC=0, Phones=0
2025-09-08 17:22:52,700 - DEBUG - [find_sensitive] Analizando texto: RT @WorldRugby_ES: Ignacio Rodríguez-Guerra atraviesa a dos defensores de Japón ...
2025-09-08 17:22:52,700 - DEBUG - [find_sensitive] Coincidencias -> DNI=0, IBAN=0, CCC=0, Phones=0
2025-09-08 17:22:52,700 - DEBUG - [find_sensitive] Analizando texto: RT @Carlosnieto_97: ¿Por qué El once? https://t.co/kBsmCGMoxu https://t.co/iaFR1...
2025-09-08 17:22:52,701 - DEBUG - [find_sensitive] Coincidencias -> DNI=0, IBAN=0, CCC=0, Phones=0
2025-09-08 17:22:52,701 - DEBUG - [find_sensitive] Analizando texto: RT @CanariasEnHora: Sabe @Era_un_crass que  @FranNicolas_G es seguidor de la @UD...
2025-09-08 17:22:52,701 - DEBUG - [find_sensitive] Coincidencias -> DNI=0, IBAN=0, CCC=0, Phones=0
2025-09-08 17:22:52,701 - DEBUG - [find_sensitive] Analizando texto: RT @ecodeteleco: #Nius El grupo 13.1 presentará una denuncia por alineación inde...
2025-09-08 17:22:52,701 - DEBUG - [find_sensitive] Coincidencias -> DNI=0, IBAN=0, CCC=0, Phones=0
2025-09-08 17:22:52,701 - DEBUG - [find_sensitive] Analizando texto: RT @estereotopicos: Estar toda la semana más dormido que despierto #estereotopic...
2025-09-08 17:22:52,701 - DEBUG - [find_sensitive] Coincidencias -> DNI=0, IBAN=0, CCC=0, Phones=0
2025-09-08 17:22:52,701 - DEBUG - [find_sensitive] Analizando texto: RT @mariaflores555: Ehhhh hola? Se acaba de mover mi casa...
2025-09-08 17:22:52,701 - DEBUG - [find_sensitive] Coincidencias -> DNI=0, IBAN=0, CCC=0, Phones=0
2025-09-08 17:22:52,701 - DEBUG - [Twitter] Reanalizados 9 tweets
2025-09-08 17:26:12,902 - DEBUG - ────────────────────────────────────────────────────────────────────────────────────────────────────────────────────────
2025-09-08 17:26:45,672 - DEBUG - ────────────────────────────────────────────────────────────────────────────────────────────────────────────────────────
2025-09-08 17:29:54,006 - DEBUG - ────────────────────────────────────────────────────────────────────────────────────────────────────────────────────────
2025-09-08 17:32:56,704 - DEBUG - ────────────────────────────────────────────────────────────────────────────────────────────────────────────────────────
2025-09-08 17:34:03,039 - DEBUG - ────────────────────────────────────────────────────────────────────────────────────────────────────────────────────────
2025-09-08 17:34:03,041 - DEBUG - [Twitter] Iniciando búsqueda para usuario=xemacanario
2025-09-08 17:34:03,042 - DEBUG - [Twitter] Usando cache en C:\Users\jm_ay\Documents\0-TFM_Programacion\Proyecto_TFM\Gestion_Identidad\Instagram\views\..\..\Twitter\busquedas\xemacanario.json
2025-09-08 17:34:03,044 - DEBUG - [find_sensitive] Analizando texto: Hamilton debería pagarle a Fernando Alonso solo por compartir pista con él.
Si q...
2025-09-08 17:34:03,045 - DEBUG - [find_sensitive] Coincidencias -> DNI=1, IBAN=2, CCC=2, Phones=1
2025-09-08 17:34:03,046 - DEBUG - [find_sensitive] Analizando texto: @Offsiders_PRJ Óscar Valentin...
2025-09-08 17:34:03,046 - DEBUG - [find_sensitive] Coincidencias -> DNI=0, IBAN=0, CCC=0, Phones=0
2025-09-08 17:34:03,046 - DEBUG - [find_sensitive] Analizando texto: RT @OrangeEsportsES: Termina el último clasificatorio del torneo virtual de @Mut...
2025-09-08 17:34:03,046 - DEBUG - [find_sensitive] Coincidencias -> DNI=0, IBAN=0, CCC=0, Phones=0
2025-09-08 17:34:03,047 - DEBUG - [find_sensitive] Analizando texto: RT @WorldRugby_ES: Ignacio Rodríguez-Guerra atraviesa a dos defensores de Japón ...
2025-09-08 17:34:03,047 - DEBUG - [find_sensitive] Coincidencias -> DNI=0, IBAN=0, CCC=0, Phones=0
2025-09-08 17:34:03,047 - DEBUG - [find_sensitive] Analizando texto: RT @Carlosnieto_97: ¿Por qué El once? https://t.co/kBsmCGMoxu https://t.co/iaFR1...
2025-09-08 17:34:03,047 - DEBUG - [find_sensitive] Coincidencias -> DNI=0, IBAN=0, CCC=0, Phones=0
2025-09-08 17:34:03,047 - DEBUG - [find_sensitive] Analizando texto: RT @CanariasEnHora: Sabe @Era_un_crass que  @FranNicolas_G es seguidor de la @UD...
2025-09-08 17:34:03,048 - DEBUG - [find_sensitive] Coincidencias -> DNI=0, IBAN=0, CCC=0, Phones=0
2025-09-08 17:34:03,048 - DEBUG - [find_sensitive] Analizando texto: RT @ecodeteleco: #Nius El grupo 13.1 presentará una denuncia por alineación inde...
2025-09-08 17:34:03,048 - DEBUG - [find_sensitive] Coincidencias -> DNI=0, IBAN=0, CCC=0, Phones=0
2025-09-08 17:34:03,048 - DEBUG - [find_sensitive] Analizando texto: RT @estereotopicos: Estar toda la semana más dormido que despierto #estereotopic...
2025-09-08 17:34:03,049 - DEBUG - [find_sensitive] Coincidencias -> DNI=0, IBAN=0, CCC=0, Phones=0
2025-09-08 17:34:03,049 - DEBUG - [find_sensitive] Analizando texto: RT @mariaflores555: Ehhhh hola? Se acaba de mover mi casa...
2025-09-08 17:34:03,049 - DEBUG - [find_sensitive] Coincidencias -> DNI=0, IBAN=0, CCC=0, Phones=0
2025-09-08 17:34:03,049 - DEBUG - [Twitter] Reanalizados 9 tweets
2025-09-08 17:39:15,056 - DEBUG - ────────────────────────────────────────────────────────────────────────────────────────────────────────────────────────
2025-09-08 17:41:26,280 - DEBUG - ────────────────────────────────────────────────────────────────────────────────────────────────────────────────────────
2025-09-08 17:46:18,108 - DEBUG - ────────────────────────────────────────────────────────────────────────────────────────────────────────────────────────
2025-09-08 17:51:37,764 - DEBUG - ────────────────────────────────────────────────────────────────────────────────────────────────────────────────────────
2025-09-08 18:01:31,485 - DEBUG - ────────────────────────────────────────────────────────────────────────────────────────────────────────────────────────
2025-09-08 18:08:14,668 - DEBUG - ────────────────────────────────────────────────────────────────────────────────────────────────────────────────────────
2025-09-08 18:17:30,351 - DEBUG - ────────────────────────────────────────────────────────────────────────────────────────────────────────────────────────
2025-09-08 18:26:00,334 - DEBUG - ────────────────────────────────────────────────────────────────────────────────────────────────────────────────────────
2025-09-08 18:28:12,849 - DEBUG - ────────────────────────────────────────────────────────────────────────────────────────────────────────────────────────
2025-09-08 18:28:12,851 - DEBUG - [Twitter] Iniciando búsqueda para usuario=xemacanario
2025-09-08 18:28:12,851 - DEBUG - [Twitter] Usando cache en C:\Users\jm_ay\Documents\0-TFM_Programacion\Proyecto_TFM\Gestion_Identidad\Instagram\views\..\..\Twitter\busquedas\xemacanario.json
2025-09-08 18:28:12,854 - DEBUG - [Twitter] Reanalizados 9 tweets
2025-09-08 18:34:58,478 - DEBUG - ────────────────────────────────────────────────────────────────────────────────────────────────────────────────────────
2025-09-08 18:41:10,649 - DEBUG - ────────────────────────────────────────────────────────────────────────────────────────────────────────────────────────
2025-09-08 18:42:35,879 - DEBUG - ────────────────────────────────────────────────────────────────────────────────────────────────────────────────────────
2025-09-08 18:43:37,350 - DEBUG - ────────────────────────────────────────────────────────────────────────────────────────────────────────────────────────
2025-09-08 18:50:12,826 - DEBUG - ────────────────────────────────────────────────────────────────────────────────────────────────────────────────────────
2025-09-08 18:52:10,387 - DEBUG - ────────────────────────────────────────────────────────────────────────────────────────────────────────────────────────
2025-09-08 18:52:10,389 - DEBUG - [Twitter] Iniciando búsqueda para usuario=xemacanario
2025-09-08 18:52:10,390 - DEBUG - [Twitter] Usando cache en C:\Users\jm_ay\Documents\0-TFM_Programacion\Proyecto_TFM\Gestion_Identidad\Instagram\views\..\..\Twitter\busquedas\xemacanario.json
2025-09-08 18:54:33,021 - DEBUG - ────────────────────────────────────────────────────────────────────────────────────────────────────────────────────────
2025-09-08 18:54:33,022 - DEBUG - [Twitter] Iniciando búsqueda para usuario=xemacanario
2025-09-08 18:54:33,022 - DEBUG - [Twitter] Usando cache en C:\Users\jm_ay\Documents\0-TFM_Programacion\Proyecto_TFM\Gestion_Identidad\Instagram\views\..\..\Twitter\busquedas\xemacanario.json
2025-09-08 18:55:10,565 - DEBUG - ────────────────────────────────────────────────────────────────────────────────────────────────────────────────────────
2025-09-08 18:55:10,567 - DEBUG - [Twitter] Iniciando búsqueda para usuario=xemacanario
2025-09-08 18:55:10,567 - DEBUG - [Twitter] Usando cache en C:\Users\jm_ay\Documents\0-TFM_Programacion\Proyecto_TFM\Gestion_Identidad\Instagram\views\..\..\Twitter\busquedas\xemacanario.json
2025-09-08 18:58:59,633 - DEBUG - ────────────────────────────────────────────────────────────────────────────────────────────────────────────────────────
2025-09-08 18:58:59,636 - DEBUG - [Twitter] Iniciando búsqueda para usuario=xemacanario
2025-09-08 18:58:59,637 - DEBUG - [Twitter] Usando cache en C:\Users\jm_ay\Documents\0-TFM_Programacion\Proyecto_TFM\Gestion_Identidad\Instagram\views\..\..\Twitter\busquedas\xemacanario.json
2025-09-08 19:03:30,340 - DEBUG - ────────────────────────────────────────────────────────────────────────────────────────────────────────────────────────
2025-09-08 19:03:30,343 - DEBUG - [Twitter] Iniciando búsqueda para usuario=xemacanario
2025-09-08 19:03:30,344 - DEBUG - [Twitter] Usando cache en C:\Users\jm_ay\Documents\0-TFM_Programacion\Proyecto_TFM\Gestion_Identidad\Instagram\views\..\..\Twitter\busquedas\xemacanario.json
2025-09-08 19:08:30,777 - DEBUG - ────────────────────────────────────────────────────────────────────────────────────────────────────────────────────────
2025-09-08 19:08:56,570 - DEBUG - ────────────────────────────────────────────────────────────────────────────────────────────────────────────────────────
2025-09-08 19:08:56,574 - DEBUG - [Twitter] Iniciando búsqueda para usuario=xemacanario
2025-09-08 19:08:56,575 - DEBUG - [Twitter] Usando cache en C:\Users\jm_ay\Documents\0-TFM_Programacion\Proyecto_TFM\Gestion_Identidad\Instagram\views\..\..\Twitter\busquedas\xemacanario.json
2025-09-08 19:12:41,127 - DEBUG - ────────────────────────────────────────────────────────────────────────────────────────────────────────────────────────
2025-09-08 19:12:41,128 - DEBUG - [Twitter] Iniciando búsqueda para usuario=xemacanario
2025-09-08 19:12:41,129 - DEBUG - [Twitter] Usando cache en C:\Users\jm_ay\Documents\0-TFM_Programacion\Proyecto_TFM\Gestion_Identidad\Instagram\views\..\..\Twitter\busquedas\xemacanario.json
2025-09-08 19:16:35,856 - DEBUG - ────────────────────────────────────────────────────────────────────────────────────────────────────────────────────────
2025-09-08 19:16:35,857 - DEBUG - [Twitter] Iniciando búsqueda para usuario=xemacanario
2025-09-08 19:16:35,857 - DEBUG - [Twitter] Usando cache en C:\Users\jm_ay\Documents\0-TFM_Programacion\Proyecto_TFM\Gestion_Identidad\Instagram\views\..\..\Twitter\busquedas\xemacanario.json
2025-09-08 19:16:35,860 - DEBUG - [Twitter] Reanalizados 9 tweets
2025-09-08 19:17:08,508 - DEBUG - ────────────────────────────────────────────────────────────────────────────────────────────────────────────────────────
2025-09-08 19:17:54,657 - DEBUG - ────────────────────────────────────────────────────────────────────────────────────────────────────────────────────────
2025-09-08 19:17:54,664 - DEBUG - [Twitter] Iniciando búsqueda para usuario=xemacanario
2025-09-08 19:17:54,665 - DEBUG - [Twitter] Usando cache en C:\Users\jm_ay\Documents\0-TFM_Programacion\Proyecto_TFM\Gestion_Identidad\Instagram\views\..\..\Twitter\busquedas\xemacanario.json
2025-09-08 19:17:54,668 - DEBUG - [Twitter] Reanalizados 9 tweets
2025-09-08 19:18:33,161 - DEBUG - ────────────────────────────────────────────────────────────────────────────────────────────────────────────────────────
2025-09-08 19:19:07,179 - DEBUG - ────────────────────────────────────────────────────────────────────────────────────────────────────────────────────────
2025-09-08 19:20:39,456 - DEBUG - ────────────────────────────────────────────────────────────────────────────────────────────────────────────────────────
2025-09-08 19:20:39,457 - DEBUG - [Twitter] Iniciando búsqueda para usuario=xemacanario
2025-09-08 19:20:39,457 - DEBUG - [Twitter] Usando cache en C:\Users\jm_ay\Documents\0-TFM_Programacion\Proyecto_TFM\Gestion_Identidad\Instagram\views\..\..\Twitter\busquedas\xemacanario.json
2025-09-08 19:20:39,458 - DEBUG - [Twitter] Reanalizados 9 tweets
2025-09-08 19:22:26,683 - DEBUG - ────────────────────────────────────────────────────────────────────────────────────────────────────────────────────────
