2025-09-08 15:12:55,749 - DEBUG - ────────────────────────────────────────────────────────────────────────────────────────────────────────────────────────
2025-09-08 16:19:19,884 - DEBUG - ────────────────────────────────────────────────────────────────────────────────────────────────────────────────────────
2025-09-08 16:24:32,273 - DEBUG - ────────────────────────────────────────────────────────────────────────────────────────────────────────────────────────
2025-09-08 16:24:51,590 - DEBUG - ────────────────────────────────────────────────────────────────────────────────────────────────────────────────────────
2025-09-08 16:25:07,720 - DEBUG - ────────────────────────────────────────────────────────────────────────────────────────────────────────────────────────
2025-09-08 16:25:07,720 - DEBUG - [LinkedIn] Iniciando búsqueda para URL=https://es.linkedin.com/in/jose-maria-aymerich-sanchez
2025-09-08 16:25:07,725 - DEBUG - [LinkedIn] Usando cache en C:\Users\jm_ay\Documents\0-TFM_Programacion\Proyecto_TFM\Gestion_Identidad\Instagram\views\..\..\Linkedin\busquedas\jose-maria-aymerich-sanchez.json
2025-09-08 16:25:20,272 - DEBUG - ────────────────────────────────────────────────────────────────────────────────────────────────────────────────────────
2025-09-08 16:35:57,707 - DEBUG - ────────────────────────────────────────────────────────────────────────────────────────────────────────────────────────
2025-09-08 16:51:34,741 - DEBUG - ────────────────────────────────────────────────────────────────────────────────────────────────────────────────────────
2025-09-08 16:52:10,344 - DEBUG - ────────────────────────────────────────────────────────────────────────────────────────────────────────────────────────
2025-09-08 17:02:22,998 - DEBUG - ────────────────────────────────────────────────────────────────────────────────────────────────────────────────────────
2025-09-08 17:06:37,893 - DEBUG - ────────────────────────────────────────────────────────────────────────────────────────────────────────────────────────
2025-09-08 17:09:15,934 - DEBUG - ────────────────────────────────────────────────────────────────────────────────────────────────────────────────────────
2025-09-08 17:10:46,261 - DEBUG - ────────────────────────────────────────────────────────────────────────────────────────────────────────────────────────
2025-09-08 17:10:46,262 - DEBUG - [LinkedIn] Iniciando búsqueda para URL=https://es.linkedin.com/in/jose-maria-aymerich-sanchez
2025-09-08 17:10:46,263 - DEBUG - [LinkedIn] Usando cache en C:\Users\jm_ay\Documents\0-TFM_Programacion\Proyecto_TFM\Gestion_Identidad\Instagram\views\..\..\Linkedin\busquedas\jose-maria-aymerich-sanchez.json
2025-09-08 17:11:37,575 - DEBUG - ────────────────────────────────────────────────────────────────────────────────────────────────────────────────────────
2025-09-08 17:12:19,421 - DEBUG - ────────────────────────────────────────────────────────────────────────────────────────────────────────────────────────
2025-09-08 17:13:20,484 - DEBUG - ────────────────────────────────────────────────────────────────────────────────────────────────────────────────────────
2025-09-08 17:15:21,496 - DEBUG - ────────────────────────────────────────────────────────────────────────────────────────────────────────────────────────
2025-09-08 17:15:46,394 - DEBUG - ────────────────────────────────────────────────────────────────────────────────────────────────────────────────────────
2025-09-08 17:17:21,570 - DEBUG - ────────────────────────────────────────────────────────────────────────────────────────────────────────────────────────
2025-09-08 17:18:40,513 - DEBUG - ────────────────────────────────────────────────────────────────────────────────────────────────────────────────────────
2025-09-08 17:19:07,261 - DEBUG - ────────────────────────────────────────────────────────────────────────────────────────────────────────────────────────
2025-09-08 17:21:46,651 - DEBUG - ────────────────────────────────────────────────────────────────────────────────────────────────────────────────────────
2025-09-08 17:22:52,698 - DEBUG - ────────────────────────────────────────────────────────────────────────────────────────────────────────────────────────
2025-09-08 17:26:12,902 - DEBUG - ────────────────────────────────────────────────────────────────────────────────────────────────────────────────────────
2025-09-08 17:26:45,672 - DEBUG - ────────────────────────────────────────────────────────────────────────────────────────────────────────────────────────
2025-09-08 17:29:54,006 - DEBUG - ────────────────────────────────────────────────────────────────────────────────────────────────────────────────────────
2025-09-08 17:32:56,704 - DEBUG - ────────────────────────────────────────────────────────────────────────────────────────────────────────────────────────
2025-09-08 17:34:03,039 - DEBUG - ────────────────────────────────────────────────────────────────────────────────────────────────────────────────────────
2025-09-08 17:39:15,056 - DEBUG - ────────────────────────────────────────────────────────────────────────────────────────────────────────────────────────
2025-09-08 17:41:26,281 - DEBUG - ────────────────────────────────────────────────────────────────────────────────────────────────────────────────────────
2025-09-08 17:46:18,108 - DEBUG - ────────────────────────────────────────────────────────────────────────────────────────────────────────────────────────
2025-09-08 17:51:37,765 - DEBUG - ────────────────────────────────────────────────────────────────────────────────────────────────────────────────────────
2025-09-08 18:01:31,485 - DEBUG - ────────────────────────────────────────────────────────────────────────────────────────────────────────────────────────
2025-09-08 18:08:14,669 - DEBUG - ────────────────────────────────────────────────────────────────────────────────────────────────────────────────────────
2025-09-08 18:17:30,352 - DEBUG - ────────────────────────────────────────────────────────────────────────────────────────────────────────────────────────
2025-09-08 18:26:00,335 - DEBUG - ────────────────────────────────────────────────────────────────────────────────────────────────────────────────────────
2025-09-08 18:28:12,849 - DEBUG - ────────────────────────────────────────────────────────────────────────────────────────────────────────────────────────
2025-09-08 18:28:12,909 - DEBUG - [LinkedIn] Iniciando búsqueda para URL=jorgerrios
2025-09-08 18:28:12,910 - DEBUG - [LinkedIn] Usando cache en C:\Users\jm_ay\Documents\0-TFM_Programacion\Proyecto_TFM\Gestion_Identidad\Instagram\views\..\..\Linkedin\busquedas\jorgerrios.json
2025-09-08 18:34:58,479 - DEBUG - ────────────────────────────────────────────────────────────────────────────────────────────────────────────────────────
2025-09-08 18:41:10,650 - DEBUG - ────────────────────────────────────────────────────────────────────────────────────────────────────────────────────────
2025-09-08 18:42:35,880 - DEBUG - ────────────────────────────────────────────────────────────────────────────────────────────────────────────────────────
2025-09-08 18:43:37,350 - DEBUG - ────────────────────────────────────────────────────────────────────────────────────────────────────────────────────────
2025-09-08 18:50:12,826 - DEBUG - ────────────────────────────────────────────────────────────────────────────────────────────────────────────────────────
2025-09-08 18:52:10,387 - DEBUG - ────────────────────────────────────────────────────────────────────────────────────────────────────────────────────────
2025-09-08 18:54:33,021 - DEBUG - ────────────────────────────────────────────────────────────────────────────────────────────────────────────────────────
2025-09-08 18:55:10,566 - DEBUG - ────────────────────────────────────────────────────────────────────────────────────────────────────────────────────────
2025-09-08 18:58:59,634 - DEBUG - ────────────────────────────────────────────────────────────────────────────────────────────────────────────────────────
2025-09-08 19:03:30,341 - DEBUG - ────────────────────────────────────────────────────────────────────────────────────────────────────────────────────────
2025-09-08 19:08:30,778 - DEBUG - ────────────────────────────────────────────────────────────────────────────────────────────────────────────────────────
2025-09-08 19:08:30,778 - DEBUG - [LinkedIn] Iniciando búsqueda para URL=jorgegrios
2025-09-08 19:08:30,779 - DEBUG - 🌐 GET https://linkedin-scraper-api-real-time-fast-affordable.p.rapidapi.com/profile/detail con params={'username': 'jorgegrios'}
2025-09-08 19:08:31,438 - DEBUG - ✅ Perfil encontrado para jorgegrios:
{
  "success": false,
  "message": "error, try again later"
}
2025-09-08 19:08:31,438 - WARNING - [LinkedIn] No se encontró información para jorgegrios
2025-09-08 19:08:56,571 - DEBUG - ────────────────────────────────────────────────────────────────────────────────────────────────────────────────────────
2025-09-08 19:12:41,127 - DEBUG - ────────────────────────────────────────────────────────────────────────────────────────────────────────────────────────
2025-09-08 19:16:35,856 - DEBUG - ────────────────────────────────────────────────────────────────────────────────────────────────────────────────────────
2025-09-08 19:17:08,508 - DEBUG - ────────────────────────────────────────────────────────────────────────────────────────────────────────────────────────
2025-09-08 19:17:08,510 - DEBUG - [LinkedIn] Iniciando búsqueda para URL=jorgerrios
2025-09-08 19:17:08,511 - DEBUG - [LinkedIn] Usando cache en C:\Users\jm_ay\Documents\0-TFM_Programacion\Proyecto_TFM\Gestion_Identidad\Instagram\views\..\..\Linkedin\busquedas\jorgerrios.json
2025-09-08 19:17:54,658 - DEBUG - ────────────────────────────────────────────────────────────────────────────────────────────────────────────────────────
2025-09-08 19:17:54,659 - DEBUG - [LinkedIn] Iniciando búsqueda para URL=jorgerrios
2025-09-08 19:17:54,660 - DEBUG - [LinkedIn] Usando cache en C:\Users\jm_ay\Documents\0-TFM_Programacion\Proyecto_TFM\Gestion_Identidad\Instagram\views\..\..\Linkedin\busquedas\jorgerrios.json
2025-09-08 19:17:54,661 - DEBUG - [LinkedIn] Iniciando búsqueda para URL=https://es.linkedin.com/in/jose-maria-aymerich-sanchez
2025-09-08 19:17:54,662 - DEBUG - [LinkedIn] Usando cache en C:\Users\jm_ay\Documents\0-TFM_Programacion\Proyecto_TFM\Gestion_Identidad\Instagram\views\..\..\Linkedin\busquedas\jose-maria-aymerich-sanchez.json
2025-09-08 19:18:33,162 - DEBUG - ────────────────────────────────────────────────────────────────────────────────────────────────────────────────────────
2025-09-08 19:19:07,179 - DEBUG - ────────────────────────────────────────────────────────────────────────────────────────────────────────────────────────
2025-09-08 19:19:07,181 - DEBUG - [LinkedIn] Iniciando búsqueda para URL=https://es.linkedin.com/in/jose-maria-aymerich-sanchez
2025-09-08 19:19:07,181 - DEBUG - [LinkedIn] Usando cache en C:\Users\jm_ay\Documents\0-TFM_Programacion\Proyecto_TFM\Gestion_Identidad\Instagram\views\..\..\Linkedin\busquedas\jose-maria-aymerich-sanchez.json
2025-09-08 19:19:07,182 - DEBUG - [LinkedIn] Iniciando búsqueda para URL=jorgerrios
2025-09-08 19:19:07,183 - DEBUG - [LinkedIn] Usando cache en C:\Users\jm_ay\Documents\0-TFM_Programacion\Proyecto_TFM\Gestion_Identidad\Instagram\views\..\..\Linkedin\busquedas\jorgerrios.json
2025-09-08 19:20:39,456 - DEBUG - ────────────────────────────────────────────────────────────────────────────────────────────────────────────────────────
2025-09-08 19:22:26,683 - DEBUG - ────────────────────────────────────────────────────────────────────────────────────────────────────────────────────────
2025-09-08 19:22:26,684 - DEBUG - [LinkedIn] Iniciando búsqueda para URL=jorgerrios
2025-09-08 19:22:26,684 - DEBUG - [LinkedIn] Usando cache en C:\Users\jm_ay\Documents\0-TFM_Programacion\Proyecto_TFM\Gestion_Identidad\Instagram\views\..\..\Linkedin\busquedas\jorgerrios.json
