2025-09-08 19:34:38,657 - DEBUG - â”€â”€â”€â”€â”€â”€â”€â”€â”€â”€â”€â”€â”€â”€â”€â”€â”€â”€â”€â”€â”€â”€â”€â”€â”€â”€â”€â”€â”€â”€â”€â”€â”€â”€â”€â”€â”€â”€â”€â”€â”€â”€â”€â”€â”€â”€â”€â”€â”€â”€â”€â”€â”€â”€â”€â”€â”€â”€â”€â”€â”€â”€â”€â”€â”€â”€â”€â”€â”€â”€â”€â”€â”€â”€â”€â”€â”€â”€â”€â”€â”€â”€â”€â”€â”€â”€â”€â”€â”€â”€â”€â”€â”€â”€â”€â”€â”€â”€â”€â”€â”€â”€â”€â”€â”€â”€â”€â”€â”€â”€â”€â”€â”€â”€â”€â”€â”€â”€â”€â”€
2025-09-08 19:34:38,665 - DEBUG - ðŸŽ¯ Endpoint /search activado correctamente
2025-09-08 19:34:38,665 - DEBUG - ðŸ“¨ Payload recibido: {"rows": [{"text": "Jose Maria Aymerich Sanchez", "dropdown1": "Google", "dropdown2": "Nombre/Apellidos", "selectedOption1": "Google", "selectedOption2": "Nombre/Apellidos", "optionsForDropdown2": ["Nombre/Apellidos", "N\u00ba Tel\u00e9fono", "Email", "DNI", "Nombre de usuario"], "numPhotos": 3}, {"text": "xemacanario", "dropdown1": "LinkedIn", "dropdown2": "URL del usuario", "selectedOption1": "LinkedIn", "selectedOption2": "URL del usuario", "optionsForDropdown2": ["URL del usuario"], "numPhotos": 3}], "mode": "development"}
2025-09-08 19:34:38,666 - DEBUG -  Modo: development
2025-09-08 19:34:38,666 - DEBUG - â–¶ï¸ Procesando fila -> platform=Google, text=Jose Maria Aymerich Sanchez, tipo=Nombre/Apellidos
2025-09-08 19:34:39,908 - DEBUG - â–¶ï¸ Procesando fila -> platform=LinkedIn, text=xemacanario, tipo=URL del usuario
2025-09-08 19:35:49,352 - DEBUG - â”€â”€â”€â”€â”€â”€â”€â”€â”€â”€â”€â”€â”€â”€â”€â”€â”€â”€â”€â”€â”€â”€â”€â”€â”€â”€â”€â”€â”€â”€â”€â”€â”€â”€â”€â”€â”€â”€â”€â”€â”€â”€â”€â”€â”€â”€â”€â”€â”€â”€â”€â”€â”€â”€â”€â”€â”€â”€â”€â”€â”€â”€â”€â”€â”€â”€â”€â”€â”€â”€â”€â”€â”€â”€â”€â”€â”€â”€â”€â”€â”€â”€â”€â”€â”€â”€â”€â”€â”€â”€â”€â”€â”€â”€â”€â”€â”€â”€â”€â”€â”€â”€â”€â”€â”€â”€â”€â”€â”€â”€â”€â”€â”€â”€â”€â”€â”€â”€â”€â”€
2025-09-08 19:35:49,354 - DEBUG - ðŸŽ¯ Endpoint /search activado correctamente
2025-09-08 19:35:49,354 - DEBUG - ðŸ“¨ Payload recibido: {"rows": [{"text": "Jose Maria Aymerich Sanchez", "dropdown1": "Google", "dropdown2": "Nombre/Apellidos", "selectedOption1": "Google", "selectedOption2": "Nombre/Apellidos", "optionsForDropdown2": ["Nombre/Apellidos", "N\u00ba Tel\u00e9fono", "Email", "DNI", "Nombre de usuario"], "numPhotos": 3}], "mode": "development"}
2025-09-08 19:35:49,354 - DEBUG -  Modo: development
2025-09-08 19:35:49,355 - DEBUG - â–¶ï¸ Procesando fila -> platform=Google, text=Jose Maria Aymerich Sanchez, tipo=Nombre/Apellidos
2025-09-08 19:36:23,249 - DEBUG - â”€â”€â”€â”€â”€â”€â”€â”€â”€â”€â”€â”€â”€â”€â”€â”€â”€â”€â”€â”€â”€â”€â”€â”€â”€â”€â”€â”€â”€â”€â”€â”€â”€â”€â”€â”€â”€â”€â”€â”€â”€â”€â”€â”€â”€â”€â”€â”€â”€â”€â”€â”€â”€â”€â”€â”€â”€â”€â”€â”€â”€â”€â”€â”€â”€â”€â”€â”€â”€â”€â”€â”€â”€â”€â”€â”€â”€â”€â”€â”€â”€â”€â”€â”€â”€â”€â”€â”€â”€â”€â”€â”€â”€â”€â”€â”€â”€â”€â”€â”€â”€â”€â”€â”€â”€â”€â”€â”€â”€â”€â”€â”€â”€â”€â”€â”€â”€â”€â”€â”€
2025-09-08 19:36:23,250 - DEBUG - ðŸŽ¯ Endpoint /search activado correctamente
2025-09-08 19:36:23,250 - DEBUG - ðŸ“¨ Payload recibido: {"rows": [{"text": "Jose Maria Aymerich Sanchez", "dropdown1": "Google", "dropdown2": "Nombre/Apellidos", "selectedOption1": "Google", "selectedOption2": "Nombre/Apellidos", "optionsForDropdown2": ["Nombre/Apellidos", "N\u00ba Tel\u00e9fono", "Email", "DNI", "Nombre de usuario"], "numPhotos": 3}, {"text": "xemacanario", "dropdown1": "Twitter", "dropdown2": "Nombre de usuario", "selectedOption1": "Twitter", "selectedOption2": "Nombre de usuario", "optionsForDropdown2": ["Nombre de usuario"], "numPhotos": 3}, {"text": "jorgerrios", "dropdown1": "LinkedIn", "dropdown2": "URL del usuario", "selectedOption1": "LinkedIn", "selectedOption2": "URL del usuario", "optionsForDropdown2": ["URL del usuario"], "numPhotos": 3}], "mode": "development"}
2025-09-08 19:36:23,250 - DEBUG -  Modo: development
2025-09-08 19:36:23,250 - DEBUG - â–¶ï¸ Procesando fila -> platform=Google, text=Jose Maria Aymerich Sanchez, tipo=Nombre/Apellidos
2025-09-08 19:36:24,149 - DEBUG - â–¶ï¸ Procesando fila -> platform=Twitter, text=xemacanario, tipo=Nombre de usuario
2025-09-08 19:36:24,159 - DEBUG - â–¶ï¸ Procesando fila -> platform=LinkedIn, text=jorgerrios, tipo=URL del usuario
2025-09-08 19:37:26,381 - DEBUG - â”€â”€â”€â”€â”€â”€â”€â”€â”€â”€â”€â”€â”€â”€â”€â”€â”€â”€â”€â”€â”€â”€â”€â”€â”€â”€â”€â”€â”€â”€â”€â”€â”€â”€â”€â”€â”€â”€â”€â”€â”€â”€â”€â”€â”€â”€â”€â”€â”€â”€â”€â”€â”€â”€â”€â”€â”€â”€â”€â”€â”€â”€â”€â”€â”€â”€â”€â”€â”€â”€â”€â”€â”€â”€â”€â”€â”€â”€â”€â”€â”€â”€â”€â”€â”€â”€â”€â”€â”€â”€â”€â”€â”€â”€â”€â”€â”€â”€â”€â”€â”€â”€â”€â”€â”€â”€â”€â”€â”€â”€â”€â”€â”€â”€â”€â”€â”€â”€â”€â”€
2025-09-08 19:37:26,381 - DEBUG - ðŸŽ¯ Endpoint /search activado correctamente
2025-09-08 19:37:26,381 - DEBUG - ðŸ“¨ Payload recibido: {"rows": [{"text": "Jose Maria AYmerich Sanchez", "dropdown1": "Google", "dropdown2": "Nombre/Apellidos", "selectedOption1": "Google", "selectedOption2": "Nombre/Apellidos", "optionsForDropdown2": ["Nombre/Apellidos", "N\u00ba Tel\u00e9fono", "Email", "DNI", "Nombre de usuario"], "numPhotos": 3}, {"text": "06598429m", "dropdown1": "Google", "dropdown2": "DNI", "selectedOption1": "Google", "selectedOption2": "DNI", "optionsForDropdown2": ["Nombre/Apellidos", "N\u00ba Tel\u00e9fono", "Email", "DNI", "Nombre de usuario"], "numPhotos": 3}], "mode": "development"}
2025-09-08 19:37:26,382 - DEBUG -  Modo: development
2025-09-08 19:37:26,382 - DEBUG - â–¶ï¸ Procesando fila -> platform=Google, text=Jose Maria AYmerich Sanchez, tipo=Nombre/Apellidos
2025-09-08 19:37:27,288 - DEBUG - â–¶ï¸ Procesando fila -> platform=Google, text=06598429m, tipo=DNI
2025-09-08 19:38:10,828 - DEBUG - â”€â”€â”€â”€â”€â”€â”€â”€â”€â”€â”€â”€â”€â”€â”€â”€â”€â”€â”€â”€â”€â”€â”€â”€â”€â”€â”€â”€â”€â”€â”€â”€â”€â”€â”€â”€â”€â”€â”€â”€â”€â”€â”€â”€â”€â”€â”€â”€â”€â”€â”€â”€â”€â”€â”€â”€â”€â”€â”€â”€â”€â”€â”€â”€â”€â”€â”€â”€â”€â”€â”€â”€â”€â”€â”€â”€â”€â”€â”€â”€â”€â”€â”€â”€â”€â”€â”€â”€â”€â”€â”€â”€â”€â”€â”€â”€â”€â”€â”€â”€â”€â”€â”€â”€â”€â”€â”€â”€â”€â”€â”€â”€â”€â”€â”€â”€â”€â”€â”€â”€
2025-09-08 19:38:10,829 - DEBUG - ðŸŽ¯ Endpoint /search activado correctamente
2025-09-08 19:38:10,829 - DEBUG - ðŸ“¨ Payload recibido: {"rows": [{"text": "Jose Maria Aymerich Sanchez", "dropdown1": "Google", "dropdown2": "Nombre/Apellidos", "selectedOption1": "Google", "selectedOption2": "Nombre/Apellidos", "optionsForDropdown2": ["Nombre/Apellidos", "N\u00ba Tel\u00e9fono", "Email", "DNI", "Nombre de usuario"], "numPhotos": 3}, {"text": "Gabriel Carravilla Baruueco", "dropdown1": "Google", "dropdown2": "Nombre/Apellidos", "selectedOption1": "Google", "selectedOption2": "Nombre/Apellidos", "optionsForDropdown2": ["Nombre/Apellidos", "N\u00ba Tel\u00e9fono", "Email", "DNI", "Nombre de usuario"], "numPhotos": 3}], "mode": "development"}
2025-09-08 19:38:10,829 - DEBUG -  Modo: development
2025-09-08 19:38:10,829 - DEBUG - â–¶ï¸ Procesando fila -> platform=Google, text=Jose Maria Aymerich Sanchez, tipo=Nombre/Apellidos
2025-09-08 19:38:11,743 - DEBUG - â–¶ï¸ Procesando fila -> platform=Google, text=Gabriel Carravilla Baruueco, tipo=Nombre/Apellidos
2025-09-08 19:40:03,352 - DEBUG - â”€â”€â”€â”€â”€â”€â”€â”€â”€â”€â”€â”€â”€â”€â”€â”€â”€â”€â”€â”€â”€â”€â”€â”€â”€â”€â”€â”€â”€â”€â”€â”€â”€â”€â”€â”€â”€â”€â”€â”€â”€â”€â”€â”€â”€â”€â”€â”€â”€â”€â”€â”€â”€â”€â”€â”€â”€â”€â”€â”€â”€â”€â”€â”€â”€â”€â”€â”€â”€â”€â”€â”€â”€â”€â”€â”€â”€â”€â”€â”€â”€â”€â”€â”€â”€â”€â”€â”€â”€â”€â”€â”€â”€â”€â”€â”€â”€â”€â”€â”€â”€â”€â”€â”€â”€â”€â”€â”€â”€â”€â”€â”€â”€â”€â”€â”€â”€â”€â”€â”€
2025-09-08 19:40:03,353 - DEBUG - ðŸŽ¯ Endpoint /search activado correctamente
2025-09-08 19:40:03,353 - DEBUG - ðŸ“¨ Payload recibido: {"rows": [{"text": "Gabriel Carravilla Barrueco", "dropdown1": "Google", "dropdown2": "Nombre/Apellidos", "selectedOption1": "Google", "selectedOption2": "Nombre/Apellidos", "optionsForDropdown2": ["Nombre/Apellidos", "N\u00ba Tel\u00e9fono", "Email", "DNI", "Nombre de usuario"], "numPhotos": 3}, {"text": "Jose Maria Aymerich Sanchez", "dropdown1": "Google", "dropdown2": "Nombre/Apellidos", "selectedOption1": "Google", "selectedOption2": "Nombre/Apellidos", "optionsForDropdown2": ["Nombre/Apellidos", "N\u00ba Tel\u00e9fono", "Email", "DNI", "Nombre de usuario"], "numPhotos": 3}], "mode": "development"}
2025-09-08 19:40:03,353 - DEBUG -  Modo: development
2025-09-08 19:40:03,354 - DEBUG - â–¶ï¸ Procesando fila -> platform=Google, text=Gabriel Carravilla Barrueco, tipo=Nombre/Apellidos
2025-09-08 19:40:04,344 - DEBUG - â–¶ï¸ Procesando fila -> platform=Google, text=Jose Maria Aymerich Sanchez, tipo=Nombre/Apellidos
2025-09-08 19:45:01,898 - DEBUG - â”€â”€â”€â”€â”€â”€â”€â”€â”€â”€â”€â”€â”€â”€â”€â”€â”€â”€â”€â”€â”€â”€â”€â”€â”€â”€â”€â”€â”€â”€â”€â”€â”€â”€â”€â”€â”€â”€â”€â”€â”€â”€â”€â”€â”€â”€â”€â”€â”€â”€â”€â”€â”€â”€â”€â”€â”€â”€â”€â”€â”€â”€â”€â”€â”€â”€â”€â”€â”€â”€â”€â”€â”€â”€â”€â”€â”€â”€â”€â”€â”€â”€â”€â”€â”€â”€â”€â”€â”€â”€â”€â”€â”€â”€â”€â”€â”€â”€â”€â”€â”€â”€â”€â”€â”€â”€â”€â”€â”€â”€â”€â”€â”€â”€â”€â”€â”€â”€â”€â”€
2025-09-08 19:45:01,900 - DEBUG - ðŸŽ¯ Endpoint /search activado correctamente
2025-09-08 19:45:01,900 - DEBUG - ðŸ“¨ Payload recibido: {"rows": [{"text": "Jose Maria Aymerich Sanchez", "dropdown1": "Google", "dropdown2": "Nombre/Apellidos", "selectedOption1": "Google", "selectedOption2": "Nombre/Apellidos", "optionsForDropdown2": ["Nombre/Apellidos", "N\u00ba Tel\u00e9fono", "Email", "DNI", "Nombre de usuario"], "numPhotos": 3}], "mode": "development"}
2025-09-08 19:45:01,900 - DEBUG -  Modo: development
2025-09-08 19:45:01,901 - DEBUG - â–¶ï¸ Procesando fila -> platform=Google, text=Jose Maria Aymerich Sanchez, tipo=Nombre/Apellidos
2025-09-08 19:45:44,247 - DEBUG - â”€â”€â”€â”€â”€â”€â”€â”€â”€â”€â”€â”€â”€â”€â”€â”€â”€â”€â”€â”€â”€â”€â”€â”€â”€â”€â”€â”€â”€â”€â”€â”€â”€â”€â”€â”€â”€â”€â”€â”€â”€â”€â”€â”€â”€â”€â”€â”€â”€â”€â”€â”€â”€â”€â”€â”€â”€â”€â”€â”€â”€â”€â”€â”€â”€â”€â”€â”€â”€â”€â”€â”€â”€â”€â”€â”€â”€â”€â”€â”€â”€â”€â”€â”€â”€â”€â”€â”€â”€â”€â”€â”€â”€â”€â”€â”€â”€â”€â”€â”€â”€â”€â”€â”€â”€â”€â”€â”€â”€â”€â”€â”€â”€â”€â”€â”€â”€â”€â”€â”€
2025-09-08 19:45:44,248 - DEBUG - ðŸŽ¯ Endpoint /search activado correctamente
2025-09-08 19:45:44,248 - DEBUG - ðŸ“¨ Payload recibido: {"rows": [{"text": "Jose Maria Aymerich Sanchez", "dropdown1": "Google", "dropdown2": "Nombre/Apellidos", "selectedOption1": "Google", "selectedOption2": "Nombre/Apellidos", "optionsForDropdown2": ["Nombre/Apellidos", "N\u00ba Tel\u00e9fono", "Email", "DNI", "Nombre de usuario"], "numPhotos": 3}], "mode": "development"}
2025-09-08 19:45:44,248 - DEBUG -  Modo: development
2025-09-08 19:45:44,248 - DEBUG - â–¶ï¸ Procesando fila -> platform=Google, text=Jose Maria Aymerich Sanchez, tipo=Nombre/Apellidos
2025-09-08 19:48:49,798 - DEBUG - â”€â”€â”€â”€â”€â”€â”€â”€â”€â”€â”€â”€â”€â”€â”€â”€â”€â”€â”€â”€â”€â”€â”€â”€â”€â”€â”€â”€â”€â”€â”€â”€â”€â”€â”€â”€â”€â”€â”€â”€â”€â”€â”€â”€â”€â”€â”€â”€â”€â”€â”€â”€â”€â”€â”€â”€â”€â”€â”€â”€â”€â”€â”€â”€â”€â”€â”€â”€â”€â”€â”€â”€â”€â”€â”€â”€â”€â”€â”€â”€â”€â”€â”€â”€â”€â”€â”€â”€â”€â”€â”€â”€â”€â”€â”€â”€â”€â”€â”€â”€â”€â”€â”€â”€â”€â”€â”€â”€â”€â”€â”€â”€â”€â”€â”€â”€â”€â”€â”€â”€
2025-09-08 19:48:49,799 - DEBUG - ðŸŽ¯ Endpoint /search activado correctamente
2025-09-08 19:48:49,799 - DEBUG - ðŸ“¨ Payload recibido: {"rows": [{"text": "Jose Maria Aymerich Sanchez", "dropdown1": "Google", "dropdown2": "Nombre/Apellidos", "selectedOption1": "Google", "selectedOption2": "Nombre/Apellidos", "optionsForDropdown2": ["Nombre/Apellidos", "N\u00ba Tel\u00e9fono", "Email", "DNI", "Nombre de usuario"], "numPhotos": 3}, {"text": "06598429m", "dropdown1": "Google", "dropdown2": "DNI", "selectedOption1": "Google", "selectedOption2": "DNI", "optionsForDropdown2": ["Nombre/Apellidos", "N\u00ba Tel\u00e9fono", "Email", "DNI", "Nombre de usuario"], "numPhotos": 3}, {"text": "sergiamen97", "dropdown1": "Instagram", "dropdown2": "Nombre de usuario", "selectedOption1": "Instagram", "selectedOption2": "Nombre de usuario", "optionsForDropdown2": ["Nombre de usuario"], "numPhotos": 3}, {"text": "xemacanario", "dropdown1": "Twitter", "dropdown2": "Nombre de usuario", "selectedOption1": "Twitter", "selectedOption2": "Nombre de usuario", "optionsForDropdown2": ["Nombre de usuario"], "numPhotos": 3}, {"text": "jorgerrios", "dropdown1": "LinkedIn", "dropdown2": "URL del usuario", "selectedOption1": "LinkedIn", "selectedOption2": "URL del usuario", "optionsForDropdown2": ["URL del usuario"], "numPhotos": 3}], "mode": "development"}
2025-09-08 19:48:49,799 - DEBUG -  Modo: development
2025-09-08 19:48:49,799 - DEBUG - â–¶ï¸ Procesando fila -> platform=Google, text=Jose Maria Aymerich Sanchez, tipo=Nombre/Apellidos
2025-09-08 19:48:51,050 - DEBUG - â–¶ï¸ Procesando fila -> platform=Google, text=06598429m, tipo=DNI
2025-09-08 19:48:51,312 - DEBUG - â–¶ï¸ Procesando fila -> platform=Instagram, text=sergiamen97, tipo=Nombre de usuario
2025-09-08 19:48:51,359 - DEBUG - â–¶ï¸ Procesando fila -> platform=Twitter, text=xemacanario, tipo=Nombre de usuario
2025-09-08 19:48:51,361 - DEBUG - â–¶ï¸ Procesando fila -> platform=LinkedIn, text=jorgerrios, tipo=URL del usuario
2025-09-09 08:13:43,178 - DEBUG - â”€â”€â”€â”€â”€â”€â”€â”€â”€â”€â”€â”€â”€â”€â”€â”€â”€â”€â”€â”€â”€â”€â”€â”€â”€â”€â”€â”€â”€â”€â”€â”€â”€â”€â”€â”€â”€â”€â”€â”€â”€â”€â”€â”€â”€â”€â”€â”€â”€â”€â”€â”€â”€â”€â”€â”€â”€â”€â”€â”€â”€â”€â”€â”€â”€â”€â”€â”€â”€â”€â”€â”€â”€â”€â”€â”€â”€â”€â”€â”€â”€â”€â”€â”€â”€â”€â”€â”€â”€â”€â”€â”€â”€â”€â”€â”€â”€â”€â”€â”€â”€â”€â”€â”€â”€â”€â”€â”€â”€â”€â”€â”€â”€â”€â”€â”€â”€â”€â”€â”€
2025-09-09 08:13:43,180 - DEBUG - ðŸŽ¯ Endpoint /search activado correctamente
2025-09-09 08:13:43,182 - DEBUG - ðŸ“¨ Payload recibido: {"rows": [{"text": "sergiamen97", "dropdown1": "Instagram", "dropdown2": "Nombre de usuario", "selectedOption1": "Instagram", "selectedOption2": "Nombre de usuario", "optionsForDropdown2": ["Nombre de usuario"], "numPhotos": 3}], "mode": "production"}
2025-09-09 08:13:43,183 - DEBUG -  Modo: production
2025-09-09 08:13:43,183 - DEBUG - â–¶ï¸ Procesando fila -> platform=Instagram, text=sergiamen97, tipo=Nombre de usuario
2025-09-09 12:39:21,845 - DEBUG - â”€â”€â”€â”€â”€â”€â”€â”€â”€â”€â”€â”€â”€â”€â”€â”€â”€â”€â”€â”€â”€â”€â”€â”€â”€â”€â”€â”€â”€â”€â”€â”€â”€â”€â”€â”€â”€â”€â”€â”€â”€â”€â”€â”€â”€â”€â”€â”€â”€â”€â”€â”€â”€â”€â”€â”€â”€â”€â”€â”€â”€â”€â”€â”€â”€â”€â”€â”€â”€â”€â”€â”€â”€â”€â”€â”€â”€â”€â”€â”€â”€â”€â”€â”€â”€â”€â”€â”€â”€â”€â”€â”€â”€â”€â”€â”€â”€â”€â”€â”€â”€â”€â”€â”€â”€â”€â”€â”€â”€â”€â”€â”€â”€â”€â”€â”€â”€â”€â”€â”€
2025-09-09 12:39:21,849 - DEBUG - ðŸŽ¯ Endpoint /search activado correctamente
2025-09-09 12:39:21,852 - DEBUG - ðŸ“¨ Payload recibido: {"rows": [{"text": "sergiamen97", "dropdown1": "Instagram", "dropdown2": "Nombre de usuario", "selectedOption1": "Instagram", "selectedOption2": "Nombre de usuario", "optionsForDropdown2": ["Nombre de usuario"], "numPhotos": 3}, {"text": "Jose Maria Aymerich Sanchez", "dropdown1": "Google", "dropdown2": "Nombre/Apellidos", "selectedOption1": "Google", "selectedOption2": "Nombre/Apellidos", "optionsForDropdown2": ["Nombre/Apellidos", "N\u00ba Tel\u00e9fono", "Email", "DNI", "Nombre de usuario"], "numPhotos": 3}, {"text": "xemacanario", "dropdown1": "Twitter", "dropdown2": "Nombre de usuario", "selectedOption1": "Twitter", "selectedOption2": "Nombre de usuario", "optionsForDropdown2": ["Nombre de usuario"], "numPhotos": 3}, {"text": "jorgerrios", "dropdown1": "LinkedIn", "dropdown2": "URL del usuario", "selectedOption1": "LinkedIn", "selectedOption2": "URL del usuario", "optionsForDropdown2": ["URL del usuario"], "numPhotos": 3}], "mode": "development"}
2025-09-09 12:39:21,853 - DEBUG -  Modo: development
2025-09-09 12:39:21,853 - DEBUG - â–¶ï¸ Procesando fila -> platform=Instagram, text=sergiamen97, tipo=Nombre de usuario
2025-09-09 12:39:21,962 - DEBUG - â–¶ï¸ Procesando fila -> platform=Google, text=Jose Maria Aymerich Sanchez, tipo=Nombre/Apellidos
2025-09-09 12:39:23,236 - DEBUG - â–¶ï¸ Procesando fila -> platform=Twitter, text=xemacanario, tipo=Nombre de usuario
2025-09-09 12:39:23,260 - DEBUG - â–¶ï¸ Procesando fila -> platform=LinkedIn, text=jorgerrios, tipo=URL del usuario
