2025-09-01 02:06:50,929 - DEBUG - ────────────────────────────────────────────────────────────────────────────────────────────────────────────────────────
2025-09-01 02:06:50,932 - DEBUG - 🎯 Endpoint /search activado correctamente
2025-09-01 02:06:50,933 - DEBUG - 📨 Payload recibido: {"rows": [{"text": "sergiamen97", "dropdown1": "Instagram", "dropdown2": "Nombre de usuario", "selectedOption1": "Instagram", "selectedOption2": "Nombre de usuario", "optionsForDropdown2": ["Nombre de usuario"], "numPhotos": 3}, {"text": "Jose Maria Aymerich Sanchez", "dropdown1": "Google", "dropdown2": "Nombre/Apellidos", "selectedOption1": "Google", "selectedOption2": "Nombre/Apellidos", "optionsForDropdown2": ["Nombre/Apellidos", "N\u00ba Tel\u00e9fono", "Email", "DNI"], "numPhotos": 3}]}
2025-09-01 02:06:50,934 - DEBUG - 📨 Rows recibido: [{'text': 'sergiamen97', 'dropdown1': 'Instagram', 'dropdown2': 'Nombre de usuario', 'selectedOption1': 'Instagram', 'selectedOption2': 'Nombre de usuario', 'optionsForDropdown2': ['Nombre de usuario'], 'numPhotos': 3}, {'text': 'Jose Maria Aymerich Sanchez', 'dropdown1': 'Google', 'dropdown2': 'Nombre/Apellidos', 'selectedOption1': 'Google', 'selectedOption2': 'Nombre/Apellidos', 'optionsForDropdown2': ['Nombre/Apellidos', 'Nº Teléfono', 'Email', 'DNI'], 'numPhotos': 3}]
2025-09-01 02:06:50,934 - DEBUG - ▶️ Procesando fila -> platform=Instagram, text=sergiamen97, tipo=Nombre de usuario
2025-09-01 02:06:50,934 - DEBUG - 🌐 Entrando en rama Instagram en search_view.py
2025-09-01 02:06:50,957 - DEBUG - ▶️ Procesando fila -> platform=Google, text=Jose Maria Aymerich Sanchez, tipo=Nombre/Apellidos
2025-09-01 02:07:22,755 - DEBUG - ────────────────────────────────────────────────────────────────────────────────────────────────────────────────────────
2025-09-01 02:07:22,756 - DEBUG - 🎯 Endpoint /search activado correctamente
2025-09-01 02:07:22,756 - DEBUG - 📨 Payload recibido: {"rows": [{"text": "sergiamen97", "dropdown1": "Instagram", "dropdown2": "Nombre de usuario", "selectedOption1": "Instagram", "selectedOption2": "Nombre de usuario", "optionsForDropdown2": ["Nombre de usuario"], "numPhotos": 3}]}
2025-09-01 02:07:22,756 - DEBUG - 📨 Rows recibido: [{'text': 'sergiamen97', 'dropdown1': 'Instagram', 'dropdown2': 'Nombre de usuario', 'selectedOption1': 'Instagram', 'selectedOption2': 'Nombre de usuario', 'optionsForDropdown2': ['Nombre de usuario'], 'numPhotos': 3}]
2025-09-01 02:07:22,756 - DEBUG - ▶️ Procesando fila -> platform=Instagram, text=sergiamen97, tipo=Nombre de usuario
2025-09-01 02:07:22,756 - DEBUG - 🌐 Entrando en rama Instagram en search_view.py
2025-09-01 02:07:41,793 - DEBUG - ────────────────────────────────────────────────────────────────────────────────────────────────────────────────────────
2025-09-01 02:07:41,793 - DEBUG - 🎯 Endpoint /search activado correctamente
2025-09-01 02:07:41,793 - DEBUG - 📨 Payload recibido: {"rows": [{"text": "Jose Maria Aymerich Sanchez", "dropdown1": "Google", "dropdown2": "Nombre/Apellidos", "selectedOption1": "Google", "selectedOption2": "Nombre/Apellidos", "optionsForDropdown2": ["Nombre/Apellidos", "N\u00ba Tel\u00e9fono", "Email", "DNI"], "numPhotos": 3}]}
2025-09-01 02:07:41,793 - DEBUG - 📨 Rows recibido: [{'text': 'Jose Maria Aymerich Sanchez', 'dropdown1': 'Google', 'dropdown2': 'Nombre/Apellidos', 'selectedOption1': 'Google', 'selectedOption2': 'Nombre/Apellidos', 'optionsForDropdown2': ['Nombre/Apellidos', 'Nº Teléfono', 'Email', 'DNI'], 'numPhotos': 3}]
2025-09-01 02:07:41,793 - DEBUG - ▶️ Procesando fila -> platform=Google, text=Jose Maria Aymerich Sanchez, tipo=Nombre/Apellidos
2025-09-01 02:17:26,169 - DEBUG - ────────────────────────────────────────────────────────────────────────────────────────────────────────────────────────
2025-09-01 02:17:26,169 - DEBUG - 🎯 Endpoint /search activado correctamente
2025-09-01 02:17:26,170 - DEBUG - 📨 Payload recibido: {"rows": [{"text": "Jose Maria Aymerich Sanchez", "dropdown1": "Google", "dropdown2": "Nombre/Apellidos", "selectedOption1": "Google", "selectedOption2": "Nombre/Apellidos", "optionsForDropdown2": ["Nombre/Apellidos", "N\u00ba Tel\u00e9fono", "Email", "DNI"], "numPhotos": 3}]}
2025-09-01 02:17:26,170 - DEBUG - 📨 Rows recibido: [{'text': 'Jose Maria Aymerich Sanchez', 'dropdown1': 'Google', 'dropdown2': 'Nombre/Apellidos', 'selectedOption1': 'Google', 'selectedOption2': 'Nombre/Apellidos', 'optionsForDropdown2': ['Nombre/Apellidos', 'Nº Teléfono', 'Email', 'DNI'], 'numPhotos': 3}]
2025-09-01 02:17:26,170 - DEBUG - ▶️ Procesando fila -> platform=Google, text=Jose Maria Aymerich Sanchez, tipo=Nombre/Apellidos
2025-09-01 02:27:21,104 - DEBUG - ────────────────────────────────────────────────────────────────────────────────────────────────────────────────────────
2025-09-01 02:27:21,105 - DEBUG - 🎯 Endpoint /search activado correctamente
2025-09-01 02:27:21,106 - DEBUG - 📨 Payload recibido: {"rows": [{"text": "Jose Maria Aymerich Sanchez", "dropdown1": "Google", "dropdown2": "Nombre/Apellidos", "selectedOption1": "Google", "selectedOption2": "Nombre/Apellidos", "optionsForDropdown2": ["Nombre/Apellidos", "N\u00ba Tel\u00e9fono", "Email", "DNI"], "numPhotos": 3}]}
2025-09-01 02:27:21,107 - DEBUG - 📨 Rows recibido: [{'text': 'Jose Maria Aymerich Sanchez', 'dropdown1': 'Google', 'dropdown2': 'Nombre/Apellidos', 'selectedOption1': 'Google', 'selectedOption2': 'Nombre/Apellidos', 'optionsForDropdown2': ['Nombre/Apellidos', 'Nº Teléfono', 'Email', 'DNI'], 'numPhotos': 3}]
2025-09-01 02:27:21,107 - DEBUG - ▶️ Procesando fila -> platform=Google, text=Jose Maria Aymerich Sanchez, tipo=Nombre/Apellidos
2025-09-01 02:33:25,477 - DEBUG - ────────────────────────────────────────────────────────────────────────────────────────────────────────────────────────
2025-09-01 02:33:25,478 - DEBUG - 🎯 Endpoint /search activado correctamente
2025-09-01 02:33:25,478 - DEBUG - 📨 Payload recibido: {"rows": [{"text": "Jose Maria Aymerich Sanchez", "dropdown1": "Google", "dropdown2": "Nombre/Apellidos", "selectedOption1": "Google", "selectedOption2": "Nombre/Apellidos", "optionsForDropdown2": ["Nombre/Apellidos", "N\u00ba Tel\u00e9fono", "Email", "DNI"], "numPhotos": 3}]}
2025-09-01 02:33:25,478 - DEBUG - 📨 Rows recibido: [{'text': 'Jose Maria Aymerich Sanchez', 'dropdown1': 'Google', 'dropdown2': 'Nombre/Apellidos', 'selectedOption1': 'Google', 'selectedOption2': 'Nombre/Apellidos', 'optionsForDropdown2': ['Nombre/Apellidos', 'Nº Teléfono', 'Email', 'DNI'], 'numPhotos': 3}]
2025-09-01 02:33:25,478 - DEBUG - ▶️ Procesando fila -> platform=Google, text=Jose Maria Aymerich Sanchez, tipo=Nombre/Apellidos
2025-09-01 02:37:23,552 - DEBUG - ────────────────────────────────────────────────────────────────────────────────────────────────────────────────────────
2025-09-01 02:37:23,552 - DEBUG - 🎯 Endpoint /search activado correctamente
2025-09-01 02:37:23,553 - DEBUG - 📨 Payload recibido: {"rows": [{"text": "sergiamen97", "dropdown1": "Instagram", "dropdown2": "Nombre de usuario", "selectedOption1": "Instagram", "selectedOption2": "Nombre de usuario", "optionsForDropdown2": ["Nombre de usuario"], "numPhotos": 3}]}
2025-09-01 02:37:23,553 - DEBUG - 📨 Rows recibido: [{'text': 'sergiamen97', 'dropdown1': 'Instagram', 'dropdown2': 'Nombre de usuario', 'selectedOption1': 'Instagram', 'selectedOption2': 'Nombre de usuario', 'optionsForDropdown2': ['Nombre de usuario'], 'numPhotos': 3}]
2025-09-01 02:37:23,553 - DEBUG - ▶️ Procesando fila -> platform=Instagram, text=sergiamen97, tipo=Nombre de usuario
2025-09-01 02:37:23,553 - DEBUG - 🌐 Entrando en rama Instagram en search_view.py
2025-09-01 02:52:50,655 - DEBUG - ────────────────────────────────────────────────────────────────────────────────────────────────────────────────────────
2025-09-01 02:52:50,658 - DEBUG - 🎯 Endpoint /search activado correctamente
2025-09-01 02:52:50,659 - DEBUG - 📨 Payload recibido: {"rows": [{"text": "Jose Maria Aymerich Sanchez", "dropdown1": "Google", "dropdown2": "Nombre/Apellidos", "selectedOption1": "Google", "selectedOption2": "Nombre/Apellidos", "optionsForDropdown2": ["Nombre/Apellidos", "N\u00ba Tel\u00e9fono", "Email", "DNI"], "numPhotos": 3}]}
2025-09-01 02:52:50,659 - DEBUG - 📨 Rows recibido: [{'text': 'Jose Maria Aymerich Sanchez', 'dropdown1': 'Google', 'dropdown2': 'Nombre/Apellidos', 'selectedOption1': 'Google', 'selectedOption2': 'Nombre/Apellidos', 'optionsForDropdown2': ['Nombre/Apellidos', 'Nº Teléfono', 'Email', 'DNI'], 'numPhotos': 3}]
2025-09-01 02:52:50,660 - DEBUG - ▶️ Procesando fila -> platform=Google, text=Jose Maria Aymerich Sanchez, tipo=Nombre/Apellidos
2025-09-01 02:55:32,995 - DEBUG - ────────────────────────────────────────────────────────────────────────────────────────────────────────────────────────
2025-09-01 02:55:32,996 - DEBUG - 🎯 Endpoint /search activado correctamente
2025-09-01 02:55:32,997 - DEBUG - 📨 Payload recibido: {"rows": [{"text": "Jose Maria Aymerich Sanchez", "dropdown1": "Google", "dropdown2": "Nombre/Apellidos", "selectedOption1": "Google", "selectedOption2": "Nombre/Apellidos", "optionsForDropdown2": ["Nombre/Apellidos", "N\u00ba Tel\u00e9fono", "Email", "DNI"], "numPhotos": 3}]}
2025-09-01 02:55:32,997 - DEBUG - 📨 Rows recibido: [{'text': 'Jose Maria Aymerich Sanchez', 'dropdown1': 'Google', 'dropdown2': 'Nombre/Apellidos', 'selectedOption1': 'Google', 'selectedOption2': 'Nombre/Apellidos', 'optionsForDropdown2': ['Nombre/Apellidos', 'Nº Teléfono', 'Email', 'DNI'], 'numPhotos': 3}]
2025-09-01 02:55:32,997 - DEBUG - ▶️ Procesando fila -> platform=Google, text=Jose Maria Aymerich Sanchez, tipo=Nombre/Apellidos
2025-09-01 03:26:59,017 - DEBUG - ────────────────────────────────────────────────────────────────────────────────────────────────────────────────────────
2025-09-01 03:26:59,018 - DEBUG - 🎯 Endpoint /search activado correctamente
2025-09-01 03:26:59,019 - DEBUG - 📨 Payload recibido: {"rows": [{"text": "Jose Maria Aymerich", "dropdown1": "Google", "dropdown2": "Nombre/Apellidos", "selectedOption1": "Google", "selectedOption2": "Nombre/Apellidos", "optionsForDropdown2": ["Nombre/Apellidos", "N\u00ba Tel\u00e9fono", "Email", "DNI"], "numPhotos": 3}]}
2025-09-01 03:26:59,019 - DEBUG - 📨 Rows recibido: [{'text': 'Jose Maria Aymerich', 'dropdown1': 'Google', 'dropdown2': 'Nombre/Apellidos', 'selectedOption1': 'Google', 'selectedOption2': 'Nombre/Apellidos', 'optionsForDropdown2': ['Nombre/Apellidos', 'Nº Teléfono', 'Email', 'DNI'], 'numPhotos': 3}]
2025-09-01 03:26:59,019 - DEBUG - ▶️ Procesando fila -> platform=Google, text=Jose Maria Aymerich, tipo=Nombre/Apellidos
2025-09-01 08:50:24,089 - DEBUG - ────────────────────────────────────────────────────────────────────────────────────────────────────────────────────────
2025-09-01 08:50:24,091 - DEBUG - 🎯 Endpoint /search activado correctamente
2025-09-01 08:50:24,092 - DEBUG - 📨 Payload recibido: {"rows": [{"text": "Jose Maria Aymerich Sanchez", "dropdown1": "Google", "dropdown2": "Nombre/Apellidos", "selectedOption1": "Google", "selectedOption2": "Nombre/Apellidos", "optionsForDropdown2": ["Nombre/Apellidos", "N\u00ba Tel\u00e9fono", "Email", "DNI"], "numPhotos": 3}]}
2025-09-01 08:50:24,092 - DEBUG - 📨 Rows recibido: [{'text': 'Jose Maria Aymerich Sanchez', 'dropdown1': 'Google', 'dropdown2': 'Nombre/Apellidos', 'selectedOption1': 'Google', 'selectedOption2': 'Nombre/Apellidos', 'optionsForDropdown2': ['Nombre/Apellidos', 'Nº Teléfono', 'Email', 'DNI'], 'numPhotos': 3}]
2025-09-01 08:50:24,092 - DEBUG - ▶️ Procesando fila -> platform=Google, text=Jose Maria Aymerich Sanchez, tipo=Nombre/Apellidos
2025-09-01 09:48:04,665 - DEBUG - ────────────────────────────────────────────────────────────────────────────────────────────────────────────────────────
2025-09-01 09:48:04,665 - DEBUG - 🎯 Endpoint /search activado correctamente
2025-09-01 09:48:04,666 - DEBUG - 📨 Payload recibido: {"rows": [{"text": "Jose Maria Aymerich Sanchez", "dropdown1": "Google", "dropdown2": "Nombre/Apellidos", "selectedOption1": "Google", "selectedOption2": "Nombre/Apellidos", "optionsForDropdown2": ["Nombre/Apellidos", "N\u00ba Tel\u00e9fono", "Email", "DNI"], "numPhotos": 3}]}
2025-09-01 09:48:04,666 - DEBUG - 📨 Rows recibido: [{'text': 'Jose Maria Aymerich Sanchez', 'dropdown1': 'Google', 'dropdown2': 'Nombre/Apellidos', 'selectedOption1': 'Google', 'selectedOption2': 'Nombre/Apellidos', 'optionsForDropdown2': ['Nombre/Apellidos', 'Nº Teléfono', 'Email', 'DNI'], 'numPhotos': 3}]
2025-09-01 09:48:04,666 - DEBUG - ▶️ Procesando fila -> platform=Google, text=Jose Maria Aymerich Sanchez, tipo=Nombre/Apellidos
2025-09-01 09:52:49,682 - DEBUG - ────────────────────────────────────────────────────────────────────────────────────────────────────────────────────────
2025-09-01 09:52:49,683 - DEBUG - 🎯 Endpoint /search activado correctamente
2025-09-01 09:52:49,683 - DEBUG - 📨 Payload recibido: {"rows": [{"text": "Jose Maria Aymerich Sanchez", "dropdown1": "Google", "dropdown2": "Nombre/Apellidos", "selectedOption1": "Google", "selectedOption2": "Nombre/Apellidos", "optionsForDropdown2": ["Nombre/Apellidos", "N\u00ba Tel\u00e9fono", "Email", "DNI"], "numPhotos": 3}]}
2025-09-01 09:52:49,684 - DEBUG - 📨 Rows recibido: [{'text': 'Jose Maria Aymerich Sanchez', 'dropdown1': 'Google', 'dropdown2': 'Nombre/Apellidos', 'selectedOption1': 'Google', 'selectedOption2': 'Nombre/Apellidos', 'optionsForDropdown2': ['Nombre/Apellidos', 'Nº Teléfono', 'Email', 'DNI'], 'numPhotos': 3}]
2025-09-01 09:52:49,684 - DEBUG - ▶️ Procesando fila -> platform=Google, text=Jose Maria Aymerich Sanchez, tipo=Nombre/Apellidos
2025-09-01 09:55:54,230 - DEBUG - ────────────────────────────────────────────────────────────────────────────────────────────────────────────────────────
2025-09-01 09:55:54,232 - DEBUG - 🎯 Endpoint /search activado correctamente
2025-09-01 09:55:54,234 - DEBUG - 📨 Payload recibido: {"rows": [{"text": "sergiamen97", "dropdown1": "Instagram", "dropdown2": "Nombre de usuario", "selectedOption1": "Instagram", "selectedOption2": "Nombre de usuario", "optionsForDropdown2": ["Nombre de usuario"], "numPhotos": 3}, {"text": "Jose Maria Aymerich Sanchez", "dropdown1": "Google", "dropdown2": "Nombre/Apellidos", "selectedOption1": "Google", "selectedOption2": "Nombre/Apellidos", "optionsForDropdown2": ["Nombre/Apellidos", "N\u00ba Tel\u00e9fono", "Email", "DNI"], "numPhotos": 3}]}
2025-09-01 09:55:54,234 - DEBUG - 📨 Rows recibido: [{'text': 'sergiamen97', 'dropdown1': 'Instagram', 'dropdown2': 'Nombre de usuario', 'selectedOption1': 'Instagram', 'selectedOption2': 'Nombre de usuario', 'optionsForDropdown2': ['Nombre de usuario'], 'numPhotos': 3}, {'text': 'Jose Maria Aymerich Sanchez', 'dropdown1': 'Google', 'dropdown2': 'Nombre/Apellidos', 'selectedOption1': 'Google', 'selectedOption2': 'Nombre/Apellidos', 'optionsForDropdown2': ['Nombre/Apellidos', 'Nº Teléfono', 'Email', 'DNI'], 'numPhotos': 3}]
2025-09-01 09:55:54,235 - DEBUG - ▶️ Procesando fila -> platform=Instagram, text=sergiamen97, tipo=Nombre de usuario
2025-09-01 09:55:54,236 - DEBUG - 🌐 Entrando en rama Instagram en search_view.py
2025-09-01 09:55:54,288 - DEBUG - ▶️ Procesando fila -> platform=Google, text=Jose Maria Aymerich Sanchez, tipo=Nombre/Apellidos
2025-09-01 09:57:23,360 - DEBUG - ────────────────────────────────────────────────────────────────────────────────────────────────────────────────────────
2025-09-01 09:57:23,360 - DEBUG - 🎯 Endpoint /search activado correctamente
2025-09-01 09:57:23,361 - DEBUG - 📨 Payload recibido: {"rows": [{"text": "Jose Maria Aymerich Sanchez", "dropdown1": "Google", "dropdown2": "Nombre/Apellidos", "selectedOption1": "Google", "selectedOption2": "Nombre/Apellidos", "optionsForDropdown2": ["Nombre/Apellidos", "N\u00ba Tel\u00e9fono", "Email", "DNI"], "numPhotos": 3}, {"text": "Gabriel Carravilla Barrueco", "dropdown1": "Google", "dropdown2": "Nombre/Apellidos", "selectedOption1": "Google", "selectedOption2": "Nombre/Apellidos", "optionsForDropdown2": ["Nombre/Apellidos", "N\u00ba Tel\u00e9fono", "Email", "DNI"], "numPhotos": 3}]}
2025-09-01 09:57:23,365 - DEBUG - 📨 Rows recibido: [{'text': 'Jose Maria Aymerich Sanchez', 'dropdown1': 'Google', 'dropdown2': 'Nombre/Apellidos', 'selectedOption1': 'Google', 'selectedOption2': 'Nombre/Apellidos', 'optionsForDropdown2': ['Nombre/Apellidos', 'Nº Teléfono', 'Email', 'DNI'], 'numPhotos': 3}, {'text': 'Gabriel Carravilla Barrueco', 'dropdown1': 'Google', 'dropdown2': 'Nombre/Apellidos', 'selectedOption1': 'Google', 'selectedOption2': 'Nombre/Apellidos', 'optionsForDropdown2': ['Nombre/Apellidos', 'Nº Teléfono', 'Email', 'DNI'], 'numPhotos': 3}]
2025-09-01 09:57:23,366 - DEBUG - ▶️ Procesando fila -> platform=Google, text=Jose Maria Aymerich Sanchez, tipo=Nombre/Apellidos
2025-09-01 09:57:24,501 - DEBUG - ▶️ Procesando fila -> platform=Google, text=Gabriel Carravilla Barrueco, tipo=Nombre/Apellidos
2025-09-01 09:58:45,329 - DEBUG - ────────────────────────────────────────────────────────────────────────────────────────────────────────────────────────
2025-09-01 09:58:45,329 - DEBUG - 🎯 Endpoint /search activado correctamente
2025-09-01 09:58:45,329 - DEBUG - 📨 Payload recibido: {"rows": [{"text": "Gabriel Carravilla Barrueco", "dropdown1": "Google", "dropdown2": "Nombre/Apellidos", "selectedOption1": "Google", "selectedOption2": "Nombre/Apellidos", "optionsForDropdown2": ["Nombre/Apellidos", "N\u00ba Tel\u00e9fono", "Email", "DNI"], "numPhotos": 3}]}
2025-09-01 09:58:45,330 - DEBUG - 📨 Rows recibido: [{'text': 'Gabriel Carravilla Barrueco', 'dropdown1': 'Google', 'dropdown2': 'Nombre/Apellidos', 'selectedOption1': 'Google', 'selectedOption2': 'Nombre/Apellidos', 'optionsForDropdown2': ['Nombre/Apellidos', 'Nº Teléfono', 'Email', 'DNI'], 'numPhotos': 3}]
2025-09-01 09:58:45,330 - DEBUG - ▶️ Procesando fila -> platform=Google, text=Gabriel Carravilla Barrueco, tipo=Nombre/Apellidos
2025-09-01 09:59:43,782 - DEBUG - ────────────────────────────────────────────────────────────────────────────────────────────────────────────────────────
2025-09-01 09:59:43,783 - DEBUG - 🎯 Endpoint /search activado correctamente
2025-09-01 09:59:43,783 - DEBUG - 📨 Payload recibido: {"rows": [{"text": "651015274", "dropdown1": "Google", "dropdown2": "N\u00ba Tel\u00e9fono", "selectedOption1": "Google", "selectedOption2": "N\u00ba Tel\u00e9fono", "optionsForDropdown2": ["Nombre/Apellidos", "N\u00ba Tel\u00e9fono", "Email", "DNI"], "numPhotos": 3}]}
2025-09-01 09:59:43,783 - DEBUG - 📨 Rows recibido: [{'text': '651015274', 'dropdown1': 'Google', 'dropdown2': 'Nº Teléfono', 'selectedOption1': 'Google', 'selectedOption2': 'Nº Teléfono', 'optionsForDropdown2': ['Nombre/Apellidos', 'Nº Teléfono', 'Email', 'DNI'], 'numPhotos': 3}]
2025-09-01 09:59:43,783 - DEBUG - ▶️ Procesando fila -> platform=Google, text=651015274, tipo=Nº Teléfono
2025-09-01 09:59:44,274 - ERROR - ❌ Error en search: '651'
2025-09-01 10:01:05,999 - DEBUG - ────────────────────────────────────────────────────────────────────────────────────────────────────────────────────────
2025-09-01 10:01:06,000 - DEBUG - 🎯 Endpoint /search activado correctamente
2025-09-01 10:01:06,000 - DEBUG - 📨 Payload recibido: {"rows": [{"text": "sergiamen97", "dropdown1": "Instagram", "dropdown2": "Nombre de usuario", "selectedOption1": "Instagram", "selectedOption2": "Nombre de usuario", "optionsForDropdown2": ["Nombre de usuario"], "numPhotos": 3}]}
2025-09-01 10:01:06,001 - DEBUG - 📨 Rows recibido: [{'text': 'sergiamen97', 'dropdown1': 'Instagram', 'dropdown2': 'Nombre de usuario', 'selectedOption1': 'Instagram', 'selectedOption2': 'Nombre de usuario', 'optionsForDropdown2': ['Nombre de usuario'], 'numPhotos': 3}]
2025-09-01 10:01:06,001 - DEBUG - ▶️ Procesando fila -> platform=Instagram, text=sergiamen97, tipo=Nombre de usuario
2025-09-01 10:01:06,001 - DEBUG - 🌐 Entrando en rama Instagram en search_view.py
2025-09-01 10:01:30,206 - DEBUG - ────────────────────────────────────────────────────────────────────────────────────────────────────────────────────────
2025-09-01 10:01:30,207 - DEBUG - 🎯 Endpoint /search activado correctamente
2025-09-01 10:01:30,207 - DEBUG - 📨 Payload recibido: {"rows": [{"text": "sergiamen97", "dropdown1": "Instagram", "dropdown2": "Nombre de usuario", "selectedOption1": "Instagram", "selectedOption2": "Nombre de usuario", "optionsForDropdown2": ["Nombre de usuario"], "numPhotos": 3}, {"text": "Sergio Martinez Rodriguez", "dropdown1": "Google", "dropdown2": "Nombre/Apellidos", "selectedOption1": "Google", "selectedOption2": "Nombre/Apellidos", "optionsForDropdown2": ["Nombre/Apellidos", "N\u00ba Tel\u00e9fono", "Email", "DNI"], "numPhotos": 3}]}
2025-09-01 10:01:30,208 - DEBUG - 📨 Rows recibido: [{'text': 'sergiamen97', 'dropdown1': 'Instagram', 'dropdown2': 'Nombre de usuario', 'selectedOption1': 'Instagram', 'selectedOption2': 'Nombre de usuario', 'optionsForDropdown2': ['Nombre de usuario'], 'numPhotos': 3}, {'text': 'Sergio Martinez Rodriguez', 'dropdown1': 'Google', 'dropdown2': 'Nombre/Apellidos', 'selectedOption1': 'Google', 'selectedOption2': 'Nombre/Apellidos', 'optionsForDropdown2': ['Nombre/Apellidos', 'Nº Teléfono', 'Email', 'DNI'], 'numPhotos': 3}]
2025-09-01 10:01:30,208 - DEBUG - ▶️ Procesando fila -> platform=Instagram, text=sergiamen97, tipo=Nombre de usuario
2025-09-01 10:01:30,208 - DEBUG - 🌐 Entrando en rama Instagram en search_view.py
2025-09-01 10:01:30,221 - DEBUG - ▶️ Procesando fila -> platform=Google, text=Sergio Martinez Rodriguez, tipo=Nombre/Apellidos
2025-09-01 10:01:30,882 - ERROR - ❌ Error en search: '600'
2025-09-01 10:01:57,838 - DEBUG - ────────────────────────────────────────────────────────────────────────────────────────────────────────────────────────
2025-09-01 10:01:57,839 - DEBUG - 🎯 Endpoint /search activado correctamente
2025-09-01 10:01:57,839 - DEBUG - 📨 Payload recibido: {"rows": [{"text": "sergiamen97", "dropdown1": "Instagram", "dropdown2": "Nombre de usuario", "selectedOption1": "Instagram", "selectedOption2": "Nombre de usuario", "optionsForDropdown2": ["Nombre de usuario"], "numPhotos": 3}, {"text": "Jose Maria Aymerich Sanchez", "dropdown1": "Google", "dropdown2": "Nombre/Apellidos", "selectedOption1": "Google", "selectedOption2": "Nombre/Apellidos", "optionsForDropdown2": ["Nombre/Apellidos", "N\u00ba Tel\u00e9fono", "Email", "DNI"], "numPhotos": 3}]}
2025-09-01 10:01:57,839 - DEBUG - 📨 Rows recibido: [{'text': 'sergiamen97', 'dropdown1': 'Instagram', 'dropdown2': 'Nombre de usuario', 'selectedOption1': 'Instagram', 'selectedOption2': 'Nombre de usuario', 'optionsForDropdown2': ['Nombre de usuario'], 'numPhotos': 3}, {'text': 'Jose Maria Aymerich Sanchez', 'dropdown1': 'Google', 'dropdown2': 'Nombre/Apellidos', 'selectedOption1': 'Google', 'selectedOption2': 'Nombre/Apellidos', 'optionsForDropdown2': ['Nombre/Apellidos', 'Nº Teléfono', 'Email', 'DNI'], 'numPhotos': 3}]
2025-09-01 10:01:57,839 - DEBUG - ▶️ Procesando fila -> platform=Instagram, text=sergiamen97, tipo=Nombre de usuario
2025-09-01 10:01:57,839 - DEBUG - 🌐 Entrando en rama Instagram en search_view.py
2025-09-01 10:01:57,850 - DEBUG - ▶️ Procesando fila -> platform=Google, text=Jose Maria Aymerich Sanchez, tipo=Nombre/Apellidos
2025-09-01 10:13:41,877 - DEBUG - ────────────────────────────────────────────────────────────────────────────────────────────────────────────────────────
2025-09-01 10:13:41,879 - DEBUG - 🎯 Endpoint /search activado correctamente
2025-09-01 10:13:41,880 - DEBUG - 📨 Payload recibido: {"rows": [{"text": "sergiamen97", "dropdown1": "Instagram", "dropdown2": "Nombre de usuario", "selectedOption1": "Instagram", "selectedOption2": "Nombre de usuario", "optionsForDropdown2": ["Nombre de usuario"], "numPhotos": 3}]}
2025-09-01 10:13:41,880 - DEBUG - 📨 Rows recibido: [{'text': 'sergiamen97', 'dropdown1': 'Instagram', 'dropdown2': 'Nombre de usuario', 'selectedOption1': 'Instagram', 'selectedOption2': 'Nombre de usuario', 'optionsForDropdown2': ['Nombre de usuario'], 'numPhotos': 3}]
2025-09-01 10:13:41,881 - DEBUG - ▶️ Procesando fila -> platform=Instagram, text=sergiamen97, tipo=Nombre de usuario
2025-09-01 10:13:41,881 - DEBUG - 🌐 Entrando en rama Instagram en search_view.py
2025-09-01 10:14:22,732 - DEBUG - ────────────────────────────────────────────────────────────────────────────────────────────────────────────────────────
2025-09-01 10:14:22,733 - DEBUG - 🎯 Endpoint /search activado correctamente
2025-09-01 10:14:22,733 - DEBUG - 📨 Payload recibido: {"rows": [{"text": "sergiamne97", "dropdown1": "Instagram", "dropdown2": "Nombre de usuario", "selectedOption1": "Instagram", "selectedOption2": "Nombre de usuario", "optionsForDropdown2": ["Nombre de usuario"], "numPhotos": 3}, {"text": "Jose Maria Aymerich Sanchez", "dropdown1": "Google", "dropdown2": "Nombre/Apellidos", "selectedOption1": "Google", "selectedOption2": "Nombre/Apellidos", "optionsForDropdown2": ["Nombre/Apellidos", "N\u00ba Tel\u00e9fono", "Email", "DNI"], "numPhotos": 3}]}
2025-09-01 10:14:22,734 - DEBUG - 📨 Rows recibido: [{'text': 'sergiamne97', 'dropdown1': 'Instagram', 'dropdown2': 'Nombre de usuario', 'selectedOption1': 'Instagram', 'selectedOption2': 'Nombre de usuario', 'optionsForDropdown2': ['Nombre de usuario'], 'numPhotos': 3}, {'text': 'Jose Maria Aymerich Sanchez', 'dropdown1': 'Google', 'dropdown2': 'Nombre/Apellidos', 'selectedOption1': 'Google', 'selectedOption2': 'Nombre/Apellidos', 'optionsForDropdown2': ['Nombre/Apellidos', 'Nº Teléfono', 'Email', 'DNI'], 'numPhotos': 3}]
2025-09-01 10:14:22,734 - DEBUG - ▶️ Procesando fila -> platform=Instagram, text=sergiamne97, tipo=Nombre de usuario
2025-09-01 10:14:22,734 - DEBUG - 🌐 Entrando en rama Instagram en search_view.py
2025-09-01 10:14:26,877 - ERROR - ❌ Error en search: 'str' object has no attribute 'get'
2025-09-01 10:15:01,302 - DEBUG - ────────────────────────────────────────────────────────────────────────────────────────────────────────────────────────
2025-09-01 10:15:01,304 - DEBUG - 🎯 Endpoint /search activado correctamente
2025-09-01 10:15:01,305 - DEBUG - 📨 Payload recibido: {"rows": [{"text": "Jose Maria Aymerich Sanchez", "dropdown1": "Google", "dropdown2": "Nombre/Apellidos", "selectedOption1": "Google", "selectedOption2": "Nombre/Apellidos", "optionsForDropdown2": ["Nombre/Apellidos", "N\u00ba Tel\u00e9fono", "Email", "DNI"], "numPhotos": 3}]}
2025-09-01 10:15:01,306 - DEBUG - 📨 Rows recibido: [{'text': 'Jose Maria Aymerich Sanchez', 'dropdown1': 'Google', 'dropdown2': 'Nombre/Apellidos', 'selectedOption1': 'Google', 'selectedOption2': 'Nombre/Apellidos', 'optionsForDropdown2': ['Nombre/Apellidos', 'Nº Teléfono', 'Email', 'DNI'], 'numPhotos': 3}]
2025-09-01 10:15:01,306 - DEBUG - ▶️ Procesando fila -> platform=Google, text=Jose Maria Aymerich Sanchez, tipo=Nombre/Apellidos
2025-09-01 10:45:04,881 - DEBUG - ────────────────────────────────────────────────────────────────────────────────────────────────────────────────────────
2025-09-01 10:45:04,886 - DEBUG - 🎯 Endpoint /search activado correctamente
2025-09-01 10:45:04,887 - DEBUG - 📨 Payload recibido: {"rows": [{"text": "Jose Maria Aymerich Sanchez", "dropdown1": "Google", "dropdown2": "Nombre/Apellidos", "selectedOption1": "Google", "selectedOption2": "Nombre/Apellidos", "optionsForDropdown2": ["Nombre/Apellidos", "N\u00ba Tel\u00e9fono", "Email", "DNI"], "numPhotos": 3}]}
2025-09-01 10:45:04,888 - DEBUG - 📨 Rows recibido: [{'text': 'Jose Maria Aymerich Sanchez', 'dropdown1': 'Google', 'dropdown2': 'Nombre/Apellidos', 'selectedOption1': 'Google', 'selectedOption2': 'Nombre/Apellidos', 'optionsForDropdown2': ['Nombre/Apellidos', 'Nº Teléfono', 'Email', 'DNI'], 'numPhotos': 3}]
2025-09-01 10:45:04,888 - DEBUG - ▶️ Procesando fila -> platform=Google, text=Jose Maria Aymerich Sanchez, tipo=Nombre/Apellidos
2025-09-01 10:48:15,783 - DEBUG - ────────────────────────────────────────────────────────────────────────────────────────────────────────────────────────
2025-09-01 10:48:15,785 - DEBUG - 🎯 Endpoint /search activado correctamente
2025-09-01 10:48:15,786 - DEBUG - 📨 Payload recibido: {"rows": [{"text": "Jose Maria Aymerich Sanchez", "dropdown1": "Google", "dropdown2": "Nombre/Apellidos", "selectedOption1": "Google", "selectedOption2": "Nombre/Apellidos", "optionsForDropdown2": ["Nombre/Apellidos", "N\u00ba Tel\u00e9fono", "Email", "DNI"], "numPhotos": 3}]}
2025-09-01 10:48:15,786 - DEBUG - 📨 Rows recibido: [{'text': 'Jose Maria Aymerich Sanchez', 'dropdown1': 'Google', 'dropdown2': 'Nombre/Apellidos', 'selectedOption1': 'Google', 'selectedOption2': 'Nombre/Apellidos', 'optionsForDropdown2': ['Nombre/Apellidos', 'Nº Teléfono', 'Email', 'DNI'], 'numPhotos': 3}]
2025-09-01 10:48:15,787 - DEBUG - ▶️ Procesando fila -> platform=Google, text=Jose Maria Aymerich Sanchez, tipo=Nombre/Apellidos
2025-09-01 10:50:17,269 - DEBUG - ────────────────────────────────────────────────────────────────────────────────────────────────────────────────────────
2025-09-01 10:50:17,273 - DEBUG - 🎯 Endpoint /search activado correctamente
2025-09-01 10:50:17,274 - DEBUG - 📨 Payload recibido: {"rows": [{"text": "Jose Maria Aymerich Sanchez", "dropdown1": "Google", "dropdown2": "Nombre/Apellidos", "selectedOption1": "Google", "selectedOption2": "Nombre/Apellidos", "optionsForDropdown2": ["Nombre/Apellidos", "N\u00ba Tel\u00e9fono", "Email", "DNI"], "numPhotos": 3}]}
2025-09-01 10:50:17,274 - DEBUG - 📨 Rows recibido: [{'text': 'Jose Maria Aymerich Sanchez', 'dropdown1': 'Google', 'dropdown2': 'Nombre/Apellidos', 'selectedOption1': 'Google', 'selectedOption2': 'Nombre/Apellidos', 'optionsForDropdown2': ['Nombre/Apellidos', 'Nº Teléfono', 'Email', 'DNI'], 'numPhotos': 3}]
2025-09-01 10:50:17,275 - DEBUG - ▶️ Procesando fila -> platform=Google, text=Jose Maria Aymerich Sanchez, tipo=Nombre/Apellidos
2025-09-01 10:52:57,845 - DEBUG - ────────────────────────────────────────────────────────────────────────────────────────────────────────────────────────
2025-09-01 10:52:57,845 - DEBUG - 🎯 Endpoint /search activado correctamente
2025-09-01 10:52:57,846 - DEBUG - 📨 Payload recibido: {"rows": [{"text": "Jose Maria Aymerich Sanchez", "dropdown1": "Google", "dropdown2": "Nombre/Apellidos", "selectedOption1": "Google", "selectedOption2": "Nombre/Apellidos", "optionsForDropdown2": ["Nombre/Apellidos", "N\u00ba Tel\u00e9fono", "Email", "DNI"], "numPhotos": 3}]}
2025-09-01 10:52:57,846 - DEBUG - 📨 Rows recibido: [{'text': 'Jose Maria Aymerich Sanchez', 'dropdown1': 'Google', 'dropdown2': 'Nombre/Apellidos', 'selectedOption1': 'Google', 'selectedOption2': 'Nombre/Apellidos', 'optionsForDropdown2': ['Nombre/Apellidos', 'Nº Teléfono', 'Email', 'DNI'], 'numPhotos': 3}]
2025-09-01 10:52:57,846 - DEBUG - ▶️ Procesando fila -> platform=Google, text=Jose Maria Aymerich Sanchez, tipo=Nombre/Apellidos
2025-09-01 10:56:14,311 - DEBUG - ────────────────────────────────────────────────────────────────────────────────────────────────────────────────────────
2025-09-01 10:56:14,312 - DEBUG - 🎯 Endpoint /search activado correctamente
2025-09-01 10:56:14,312 - DEBUG - 📨 Payload recibido: {"rows": [{"text": "Jose Maria Aymerich Sanchez", "dropdown1": "Google", "dropdown2": "Nombre/Apellidos", "selectedOption1": "Google", "selectedOption2": "Nombre/Apellidos", "optionsForDropdown2": ["Nombre/Apellidos", "N\u00ba Tel\u00e9fono", "Email", "DNI"], "numPhotos": 3}]}
2025-09-01 10:56:14,313 - DEBUG - 📨 Rows recibido: [{'text': 'Jose Maria Aymerich Sanchez', 'dropdown1': 'Google', 'dropdown2': 'Nombre/Apellidos', 'selectedOption1': 'Google', 'selectedOption2': 'Nombre/Apellidos', 'optionsForDropdown2': ['Nombre/Apellidos', 'Nº Teléfono', 'Email', 'DNI'], 'numPhotos': 3}]
2025-09-01 10:56:14,313 - DEBUG - ▶️ Procesando fila -> platform=Google, text=Jose Maria Aymerich Sanchez, tipo=Nombre/Apellidos
2025-09-01 10:57:12,275 - DEBUG - ────────────────────────────────────────────────────────────────────────────────────────────────────────────────────────
2025-09-01 10:57:12,276 - DEBUG - 🎯 Endpoint /search activado correctamente
2025-09-01 10:57:12,276 - DEBUG - 📨 Payload recibido: {"rows": [{"text": "sergiamen97", "dropdown1": "Instagram", "dropdown2": "Nombre de usuario", "selectedOption1": "Instagram", "selectedOption2": "Nombre de usuario", "optionsForDropdown2": ["Nombre de usuario"], "numPhotos": 3}]}
2025-09-01 10:57:12,276 - DEBUG - 📨 Rows recibido: [{'text': 'sergiamen97', 'dropdown1': 'Instagram', 'dropdown2': 'Nombre de usuario', 'selectedOption1': 'Instagram', 'selectedOption2': 'Nombre de usuario', 'optionsForDropdown2': ['Nombre de usuario'], 'numPhotos': 3}]
2025-09-01 10:57:12,276 - DEBUG - ▶️ Procesando fila -> platform=Instagram, text=sergiamen97, tipo=Nombre de usuario
2025-09-01 10:57:12,276 - DEBUG - 🌐 Entrando en rama Instagram en search_view.py
2025-09-01 10:58:10,297 - DEBUG - ────────────────────────────────────────────────────────────────────────────────────────────────────────────────────────
2025-09-01 10:58:10,298 - DEBUG - 🎯 Endpoint /search activado correctamente
2025-09-01 10:58:10,299 - DEBUG - 📨 Payload recibido: {"rows": [{"text": "sergiamen97", "dropdown1": "Instagram", "dropdown2": "Nombre de usuario", "selectedOption1": "Instagram", "selectedOption2": "Nombre de usuario", "optionsForDropdown2": ["Nombre de usuario"], "numPhotos": 3}, {"text": "Jose Maria Aymerich Sanchez", "dropdown1": "Google", "dropdown2": "Nombre/Apellidos", "selectedOption1": "Google", "selectedOption2": "Nombre/Apellidos", "optionsForDropdown2": ["Nombre/Apellidos", "N\u00ba Tel\u00e9fono", "Email", "DNI"], "numPhotos": 3}]}
2025-09-01 10:58:10,300 - DEBUG - 📨 Rows recibido: [{'text': 'sergiamen97', 'dropdown1': 'Instagram', 'dropdown2': 'Nombre de usuario', 'selectedOption1': 'Instagram', 'selectedOption2': 'Nombre de usuario', 'optionsForDropdown2': ['Nombre de usuario'], 'numPhotos': 3}, {'text': 'Jose Maria Aymerich Sanchez', 'dropdown1': 'Google', 'dropdown2': 'Nombre/Apellidos', 'selectedOption1': 'Google', 'selectedOption2': 'Nombre/Apellidos', 'optionsForDropdown2': ['Nombre/Apellidos', 'Nº Teléfono', 'Email', 'DNI'], 'numPhotos': 3}]
2025-09-01 10:58:10,300 - DEBUG - ▶️ Procesando fila -> platform=Instagram, text=sergiamen97, tipo=Nombre de usuario
2025-09-01 10:58:10,301 - DEBUG - 🌐 Entrando en rama Instagram en search_view.py
2025-09-01 10:58:10,333 - DEBUG - ▶️ Procesando fila -> platform=Google, text=Jose Maria Aymerich Sanchez, tipo=Nombre/Apellidos
2025-09-01 10:59:10,209 - DEBUG - ────────────────────────────────────────────────────────────────────────────────────────────────────────────────────────
2025-09-01 10:59:10,210 - DEBUG - 🎯 Endpoint /search activado correctamente
2025-09-01 10:59:10,211 - DEBUG - 📨 Payload recibido: {"rows": [{"text": "Jose Maria Aymerich Sanchez", "dropdown1": "Google", "dropdown2": "Nombre/Apellidos", "selectedOption1": "Google", "selectedOption2": "Nombre/Apellidos", "optionsForDropdown2": ["Nombre/Apellidos", "N\u00ba Tel\u00e9fono", "Email", "DNI"], "numPhotos": 3}, {"text": "sergiamen97", "dropdown1": "Instagram", "dropdown2": "Nombre de usuario", "selectedOption1": "Instagram", "selectedOption2": "Nombre de usuario", "optionsForDropdown2": ["Nombre de usuario"], "numPhotos": 3}]}
2025-09-01 10:59:10,212 - DEBUG - 📨 Rows recibido: [{'text': 'Jose Maria Aymerich Sanchez', 'dropdown1': 'Google', 'dropdown2': 'Nombre/Apellidos', 'selectedOption1': 'Google', 'selectedOption2': 'Nombre/Apellidos', 'optionsForDropdown2': ['Nombre/Apellidos', 'Nº Teléfono', 'Email', 'DNI'], 'numPhotos': 3}, {'text': 'sergiamen97', 'dropdown1': 'Instagram', 'dropdown2': 'Nombre de usuario', 'selectedOption1': 'Instagram', 'selectedOption2': 'Nombre de usuario', 'optionsForDropdown2': ['Nombre de usuario'], 'numPhotos': 3}]
2025-09-01 10:59:10,212 - DEBUG - ▶️ Procesando fila -> platform=Google, text=Jose Maria Aymerich Sanchez, tipo=Nombre/Apellidos
2025-09-01 10:59:11,292 - DEBUG - ▶️ Procesando fila -> platform=Instagram, text=sergiamen97, tipo=Nombre de usuario
2025-09-01 10:59:11,292 - DEBUG - 🌐 Entrando en rama Instagram en search_view.py
2025-09-01 11:00:07,885 - DEBUG - ────────────────────────────────────────────────────────────────────────────────────────────────────────────────────────
2025-09-01 11:00:07,886 - DEBUG - 🎯 Endpoint /search activado correctamente
2025-09-01 11:00:07,887 - DEBUG - 📨 Payload recibido: {"rows": [{"text": "Jose Maria Aymerich Sanchez", "dropdown1": "Google", "dropdown2": "Nombre/Apellidos", "selectedOption1": "Google", "selectedOption2": "Nombre/Apellidos", "optionsForDropdown2": ["Nombre/Apellidos", "N\u00ba Tel\u00e9fono", "Email", "DNI"], "numPhotos": 3}, {"text": "Gabriel Carravilla Barrueco", "dropdown1": "Google", "dropdown2": "Nombre/Apellidos", "selectedOption1": "Google", "selectedOption2": "Nombre/Apellidos", "optionsForDropdown2": ["Nombre/Apellidos", "N\u00ba Tel\u00e9fono", "Email", "DNI"], "numPhotos": 3}]}
2025-09-01 11:00:07,887 - DEBUG - 📨 Rows recibido: [{'text': 'Jose Maria Aymerich Sanchez', 'dropdown1': 'Google', 'dropdown2': 'Nombre/Apellidos', 'selectedOption1': 'Google', 'selectedOption2': 'Nombre/Apellidos', 'optionsForDropdown2': ['Nombre/Apellidos', 'Nº Teléfono', 'Email', 'DNI'], 'numPhotos': 3}, {'text': 'Gabriel Carravilla Barrueco', 'dropdown1': 'Google', 'dropdown2': 'Nombre/Apellidos', 'selectedOption1': 'Google', 'selectedOption2': 'Nombre/Apellidos', 'optionsForDropdown2': ['Nombre/Apellidos', 'Nº Teléfono', 'Email', 'DNI'], 'numPhotos': 3}]
2025-09-01 11:00:07,887 - DEBUG - ▶️ Procesando fila -> platform=Google, text=Jose Maria Aymerich Sanchez, tipo=Nombre/Apellidos
2025-09-01 11:00:08,939 - DEBUG - ▶️ Procesando fila -> platform=Google, text=Gabriel Carravilla Barrueco, tipo=Nombre/Apellidos
2025-09-01 11:00:37,946 - DEBUG - ────────────────────────────────────────────────────────────────────────────────────────────────────────────────────────
2025-09-01 11:00:37,948 - DEBUG - 🎯 Endpoint /search activado correctamente
2025-09-01 11:00:37,949 - DEBUG - 📨 Payload recibido: {"rows": [{"text": "651015274", "dropdown1": "Google", "dropdown2": "N\u00ba Tel\u00e9fono", "selectedOption1": "Google", "selectedOption2": "N\u00ba Tel\u00e9fono", "optionsForDropdown2": ["Nombre/Apellidos", "N\u00ba Tel\u00e9fono", "Email", "DNI"], "numPhotos": 3}]}
2025-09-01 11:00:37,949 - DEBUG - 📨 Rows recibido: [{'text': '651015274', 'dropdown1': 'Google', 'dropdown2': 'Nº Teléfono', 'selectedOption1': 'Google', 'selectedOption2': 'Nº Teléfono', 'optionsForDropdown2': ['Nombre/Apellidos', 'Nº Teléfono', 'Email', 'DNI'], 'numPhotos': 3}]
2025-09-01 11:00:37,950 - DEBUG - ▶️ Procesando fila -> platform=Google, text=651015274, tipo=Nº Teléfono
2025-09-01 11:00:38,415 - ERROR - ❌ Error en search: '651'
2025-09-01 11:02:01,620 - DEBUG - ────────────────────────────────────────────────────────────────────────────────────────────────────────────────────────
2025-09-01 11:02:01,624 - DEBUG - 🎯 Endpoint /search activado correctamente
2025-09-01 11:02:01,625 - DEBUG - 📨 Payload recibido: {"rows": [{"text": "651015274", "dropdown1": "Google", "dropdown2": "N\u00ba Tel\u00e9fono", "selectedOption1": "Google", "selectedOption2": "N\u00ba Tel\u00e9fono", "optionsForDropdown2": ["Nombre/Apellidos", "N\u00ba Tel\u00e9fono", "Email", "DNI"], "numPhotos": 3}]}
2025-09-01 11:02:01,625 - DEBUG - 📨 Rows recibido: [{'text': '651015274', 'dropdown1': 'Google', 'dropdown2': 'Nº Teléfono', 'selectedOption1': 'Google', 'selectedOption2': 'Nº Teléfono', 'optionsForDropdown2': ['Nombre/Apellidos', 'Nº Teléfono', 'Email', 'DNI'], 'numPhotos': 3}]
2025-09-01 11:02:01,626 - DEBUG - ▶️ Procesando fila -> platform=Google, text=651015274, tipo=Nº Teléfono
2025-09-01 11:02:02,129 - ERROR - ❌ Error en search: '651'
2025-09-01 11:09:42,709 - DEBUG - ────────────────────────────────────────────────────────────────────────────────────────────────────────────────────────
2025-09-01 11:09:42,711 - DEBUG - 🎯 Endpoint /search activado correctamente
2025-09-01 11:09:42,712 - DEBUG - 📨 Payload recibido: {"rows": [{"text": "651015274", "dropdown1": "Google", "dropdown2": "N\u00ba Tel\u00e9fono", "selectedOption1": "Google", "selectedOption2": "N\u00ba Tel\u00e9fono", "optionsForDropdown2": ["Nombre/Apellidos", "N\u00ba Tel\u00e9fono", "Email", "DNI"], "numPhotos": 3}]}
2025-09-01 11:09:42,712 - DEBUG - 📨 Rows recibido: [{'text': '651015274', 'dropdown1': 'Google', 'dropdown2': 'Nº Teléfono', 'selectedOption1': 'Google', 'selectedOption2': 'Nº Teléfono', 'optionsForDropdown2': ['Nombre/Apellidos', 'Nº Teléfono', 'Email', 'DNI'], 'numPhotos': 3}]
2025-09-01 11:09:42,713 - DEBUG - ▶️ Procesando fila -> platform=Google, text=651015274, tipo=Nº Teléfono
2025-09-01 11:09:43,220 - ERROR - ❌ Error en search: '651'
2025-09-01 11:11:14,583 - DEBUG - ────────────────────────────────────────────────────────────────────────────────────────────────────────────────────────
2025-09-01 11:11:14,584 - DEBUG - 🎯 Endpoint /search activado correctamente
2025-09-01 11:11:14,586 - DEBUG - 📨 Payload recibido: {"rows": [{"text": "Jose Maria Aymerich Sanchez", "dropdown1": "Google", "dropdown2": "Nombre/Apellidos", "selectedOption1": "Google", "selectedOption2": "Nombre/Apellidos", "optionsForDropdown2": ["Nombre/Apellidos", "N\u00ba Tel\u00e9fono", "Email", "DNI"], "numPhotos": 3}]}
2025-09-01 11:11:14,587 - DEBUG - 📨 Rows recibido: [{'text': 'Jose Maria Aymerich Sanchez', 'dropdown1': 'Google', 'dropdown2': 'Nombre/Apellidos', 'selectedOption1': 'Google', 'selectedOption2': 'Nombre/Apellidos', 'optionsForDropdown2': ['Nombre/Apellidos', 'Nº Teléfono', 'Email', 'DNI'], 'numPhotos': 3}]
2025-09-01 11:11:14,587 - DEBUG - ▶️ Procesando fila -> platform=Google, text=Jose Maria Aymerich Sanchez, tipo=Nombre/Apellidos
2025-09-01 11:11:48,759 - DEBUG - ────────────────────────────────────────────────────────────────────────────────────────────────────────────────────────
2025-09-01 11:11:48,759 - DEBUG - 🎯 Endpoint /search activado correctamente
2025-09-01 11:11:48,760 - DEBUG - 📨 Payload recibido: {"rows": [{"text": "Gabriel Carravilla Barrueco", "dropdown1": "Google", "dropdown2": "Nombre/Apellidos", "selectedOption1": "Google", "selectedOption2": "Nombre/Apellidos", "optionsForDropdown2": ["Nombre/Apellidos", "N\u00ba Tel\u00e9fono", "Email", "DNI"], "numPhotos": 3}, {"text": "Jose Maria Aymerich Sanchez", "dropdown1": "Google", "dropdown2": "Nombre/Apellidos", "selectedOption1": "Google", "selectedOption2": "Nombre/Apellidos", "optionsForDropdown2": ["Nombre/Apellidos", "N\u00ba Tel\u00e9fono", "Email", "DNI"], "numPhotos": 3}]}
2025-09-01 11:11:48,760 - DEBUG - 📨 Rows recibido: [{'text': 'Gabriel Carravilla Barrueco', 'dropdown1': 'Google', 'dropdown2': 'Nombre/Apellidos', 'selectedOption1': 'Google', 'selectedOption2': 'Nombre/Apellidos', 'optionsForDropdown2': ['Nombre/Apellidos', 'Nº Teléfono', 'Email', 'DNI'], 'numPhotos': 3}, {'text': 'Jose Maria Aymerich Sanchez', 'dropdown1': 'Google', 'dropdown2': 'Nombre/Apellidos', 'selectedOption1': 'Google', 'selectedOption2': 'Nombre/Apellidos', 'optionsForDropdown2': ['Nombre/Apellidos', 'Nº Teléfono', 'Email', 'DNI'], 'numPhotos': 3}]
2025-09-01 11:11:48,760 - DEBUG - ▶️ Procesando fila -> platform=Google, text=Gabriel Carravilla Barrueco, tipo=Nombre/Apellidos
2025-09-01 11:11:49,938 - DEBUG - ▶️ Procesando fila -> platform=Google, text=Jose Maria Aymerich Sanchez, tipo=Nombre/Apellidos
2025-09-01 11:14:12,644 - DEBUG - ────────────────────────────────────────────────────────────────────────────────────────────────────────────────────────
2025-09-01 11:14:12,649 - DEBUG - 🎯 Endpoint /search activado correctamente
2025-09-01 11:14:12,650 - DEBUG - 📨 Payload recibido: {"rows": [{"text": "651015274", "dropdown1": "Google", "dropdown2": "N\u00ba Tel\u00e9fono", "selectedOption1": "Google", "selectedOption2": "N\u00ba Tel\u00e9fono", "optionsForDropdown2": ["Nombre/Apellidos", "N\u00ba Tel\u00e9fono", "Email", "DNI"], "numPhotos": 3}]}
2025-09-01 11:14:12,650 - DEBUG - 📨 Rows recibido: [{'text': '651015274', 'dropdown1': 'Google', 'dropdown2': 'Nº Teléfono', 'selectedOption1': 'Google', 'selectedOption2': 'Nº Teléfono', 'optionsForDropdown2': ['Nombre/Apellidos', 'Nº Teléfono', 'Email', 'DNI'], 'numPhotos': 3}]
2025-09-01 11:14:12,651 - DEBUG - ▶️ Procesando fila -> platform=Google, text=651015274, tipo=Nº Teléfono
2025-09-01 11:14:13,124 - ERROR - ❌ Error en search: '651'
2025-09-01 11:22:38,584 - DEBUG - ────────────────────────────────────────────────────────────────────────────────────────────────────────────────────────
2025-09-01 11:22:38,585 - DEBUG - 🎯 Endpoint /search activado correctamente
2025-09-01 11:22:38,585 - DEBUG - 📨 Payload recibido: {"rows": [{"text": "651015274", "dropdown1": "Google", "dropdown2": "N\u00ba Tel\u00e9fono", "selectedOption1": "Google", "selectedOption2": "N\u00ba Tel\u00e9fono", "optionsForDropdown2": ["Nombre/Apellidos", "N\u00ba Tel\u00e9fono", "Email", "DNI"], "numPhotos": 3}]}
2025-09-01 11:22:38,587 - DEBUG - 📨 Rows recibido: [{'text': '651015274', 'dropdown1': 'Google', 'dropdown2': 'Nº Teléfono', 'selectedOption1': 'Google', 'selectedOption2': 'Nº Teléfono', 'optionsForDropdown2': ['Nombre/Apellidos', 'Nº Teléfono', 'Email', 'DNI'], 'numPhotos': 3}]
2025-09-01 11:22:38,587 - DEBUG - ▶️ Procesando fila -> platform=Google, text=651015274, tipo=Nº Teléfono
2025-09-01 11:22:39,108 - ERROR - ❌ Error en search: Object of type set is not JSON serializable
2025-09-01 11:26:27,890 - DEBUG - ────────────────────────────────────────────────────────────────────────────────────────────────────────────────────────
2025-09-01 11:26:27,895 - DEBUG - 🎯 Endpoint /search activado correctamente
2025-09-01 11:26:27,896 - DEBUG - 📨 Payload recibido: {"rows": [{"text": "651015274", "dropdown1": "Google", "dropdown2": "N\u00ba Tel\u00e9fono", "selectedOption1": "Google", "selectedOption2": "N\u00ba Tel\u00e9fono", "optionsForDropdown2": ["Nombre/Apellidos", "N\u00ba Tel\u00e9fono", "Email", "DNI"], "numPhotos": 3}]}
2025-09-01 11:26:27,896 - DEBUG - 📨 Rows recibido: [{'text': '651015274', 'dropdown1': 'Google', 'dropdown2': 'Nº Teléfono', 'selectedOption1': 'Google', 'selectedOption2': 'Nº Teléfono', 'optionsForDropdown2': ['Nombre/Apellidos', 'Nº Teléfono', 'Email', 'DNI'], 'numPhotos': 3}]
2025-09-01 11:26:27,897 - DEBUG - ▶️ Procesando fila -> platform=Google, text=651015274, tipo=Nº Teléfono
2025-09-01 11:28:01,970 - DEBUG - ────────────────────────────────────────────────────────────────────────────────────────────────────────────────────────
2025-09-01 11:28:01,970 - DEBUG - 🎯 Endpoint /search activado correctamente
2025-09-01 11:28:01,970 - DEBUG - 📨 Payload recibido: {"rows": [{"text": "651015274", "dropdown1": "Google", "dropdown2": "N\u00ba Tel\u00e9fono", "selectedOption1": "Google", "selectedOption2": "N\u00ba Tel\u00e9fono", "optionsForDropdown2": ["Nombre/Apellidos", "N\u00ba Tel\u00e9fono", "Email", "DNI"], "numPhotos": 3}, {"text": "Jose Maria Aymerich Sanchez", "dropdown1": "Google", "dropdown2": "Nombre/Apellidos", "selectedOption1": "Google", "selectedOption2": "Nombre/Apellidos", "optionsForDropdown2": ["Nombre/Apellidos", "N\u00ba Tel\u00e9fono", "Email", "DNI"], "numPhotos": 3}]}
2025-09-01 11:28:01,970 - DEBUG - 📨 Rows recibido: [{'text': '651015274', 'dropdown1': 'Google', 'dropdown2': 'Nº Teléfono', 'selectedOption1': 'Google', 'selectedOption2': 'Nº Teléfono', 'optionsForDropdown2': ['Nombre/Apellidos', 'Nº Teléfono', 'Email', 'DNI'], 'numPhotos': 3}, {'text': 'Jose Maria Aymerich Sanchez', 'dropdown1': 'Google', 'dropdown2': 'Nombre/Apellidos', 'selectedOption1': 'Google', 'selectedOption2': 'Nombre/Apellidos', 'optionsForDropdown2': ['Nombre/Apellidos', 'Nº Teléfono', 'Email', 'DNI'], 'numPhotos': 3}]
2025-09-01 11:28:01,971 - DEBUG - ▶️ Procesando fila -> platform=Google, text=651015274, tipo=Nº Teléfono
2025-09-01 11:28:02,369 - DEBUG - ▶️ Procesando fila -> platform=Google, text=Jose Maria Aymerich Sanchez, tipo=Nombre/Apellidos
2025-09-01 12:02:49,729 - DEBUG - ────────────────────────────────────────────────────────────────────────────────────────────────────────────────────────
2025-09-01 12:02:49,731 - DEBUG - 🎯 Endpoint /search activado correctamente
2025-09-01 12:02:49,732 - DEBUG - 📨 Payload recibido: {"rows": [{"text": "chemacanario17@gmail.com", "dropdown1": "Google", "dropdown2": "Email", "selectedOption1": "Google", "selectedOption2": "Email", "optionsForDropdown2": ["Nombre/Apellidos", "N\u00ba Tel\u00e9fono", "Email", "DNI"], "numPhotos": 3}]}
2025-09-01 12:02:49,733 - DEBUG - 📨 Rows recibido: [{'text': 'chemacanario17@gmail.com', 'dropdown1': 'Google', 'dropdown2': 'Email', 'selectedOption1': 'Google', 'selectedOption2': 'Email', 'optionsForDropdown2': ['Nombre/Apellidos', 'Nº Teléfono', 'Email', 'DNI'], 'numPhotos': 3}]
2025-09-01 12:02:49,733 - DEBUG - ▶️ Procesando fila -> platform=Google, text=chemacanario17@gmail.com, tipo=Email
2025-09-01 12:04:33,166 - DEBUG - ────────────────────────────────────────────────────────────────────────────────────────────────────────────────────────
2025-09-01 12:04:33,167 - DEBUG - 🎯 Endpoint /search activado correctamente
2025-09-01 12:04:33,167 - DEBUG - 📨 Payload recibido: {"rows": [{"text": "651015274", "dropdown1": "Google", "dropdown2": "N\u00ba Tel\u00e9fono", "selectedOption1": "Google", "selectedOption2": "N\u00ba Tel\u00e9fono", "optionsForDropdown2": ["Nombre/Apellidos", "N\u00ba Tel\u00e9fono", "Email", "DNI"], "numPhotos": 3}]}
2025-09-01 12:04:33,167 - DEBUG - 📨 Rows recibido: [{'text': '651015274', 'dropdown1': 'Google', 'dropdown2': 'Nº Teléfono', 'selectedOption1': 'Google', 'selectedOption2': 'Nº Teléfono', 'optionsForDropdown2': ['Nombre/Apellidos', 'Nº Teléfono', 'Email', 'DNI'], 'numPhotos': 3}]
2025-09-01 12:04:33,168 - DEBUG - ▶️ Procesando fila -> platform=Google, text=651015274, tipo=Nº Teléfono
2025-09-01 12:17:37,672 - DEBUG - ────────────────────────────────────────────────────────────────────────────────────────────────────────────────────────
2025-09-01 12:17:37,675 - DEBUG - 🎯 Endpoint /search activado correctamente
2025-09-01 12:17:37,675 - DEBUG - 📨 Payload recibido: {"rows": [{"text": "651015274", "dropdown1": "Google", "dropdown2": "N\u00ba Tel\u00e9fono", "selectedOption1": "Google", "selectedOption2": "N\u00ba Tel\u00e9fono", "optionsForDropdown2": ["Nombre/Apellidos", "N\u00ba Tel\u00e9fono", "Email", "DNI"], "numPhotos": 3}]}
2025-09-01 12:17:37,676 - DEBUG - 📨 Rows recibido: [{'text': '651015274', 'dropdown1': 'Google', 'dropdown2': 'Nº Teléfono', 'selectedOption1': 'Google', 'selectedOption2': 'Nº Teléfono', 'optionsForDropdown2': ['Nombre/Apellidos', 'Nº Teléfono', 'Email', 'DNI'], 'numPhotos': 3}]
2025-09-01 12:17:37,676 - DEBUG - ▶️ Procesando fila -> platform=Google, text=651015274, tipo=Nº Teléfono
2025-09-01 12:18:11,649 - DEBUG - ────────────────────────────────────────────────────────────────────────────────────────────────────────────────────────
2025-09-01 12:18:11,649 - DEBUG - 🎯 Endpoint /search activado correctamente
2025-09-01 12:18:11,649 - DEBUG - 📨 Payload recibido: {"rows": [{"text": "chemacanario17@gmail.com", "dropdown1": "Google", "dropdown2": "Email", "selectedOption1": "Google", "selectedOption2": "Email", "optionsForDropdown2": ["Nombre/Apellidos", "N\u00ba Tel\u00e9fono", "Email", "DNI"], "numPhotos": 3}]}
2025-09-01 12:18:11,650 - DEBUG - 📨 Rows recibido: [{'text': 'chemacanario17@gmail.com', 'dropdown1': 'Google', 'dropdown2': 'Email', 'selectedOption1': 'Google', 'selectedOption2': 'Email', 'optionsForDropdown2': ['Nombre/Apellidos', 'Nº Teléfono', 'Email', 'DNI'], 'numPhotos': 3}]
2025-09-01 12:18:11,650 - DEBUG - ▶️ Procesando fila -> platform=Google, text=chemacanario17@gmail.com, tipo=Email
2025-09-01 12:19:27,436 - DEBUG - ────────────────────────────────────────────────────────────────────────────────────────────────────────────────────────
2025-09-01 12:19:27,437 - DEBUG - 🎯 Endpoint /search activado correctamente
2025-09-01 12:19:27,438 - DEBUG - 📨 Payload recibido: {"rows": [{"text": "06598429m", "dropdown1": "Google", "dropdown2": "DNI", "selectedOption1": "Google", "selectedOption2": "DNI", "optionsForDropdown2": ["Nombre/Apellidos", "N\u00ba Tel\u00e9fono", "Email", "DNI"], "numPhotos": 3}]}
2025-09-01 12:19:27,438 - DEBUG - 📨 Rows recibido: [{'text': '06598429m', 'dropdown1': 'Google', 'dropdown2': 'DNI', 'selectedOption1': 'Google', 'selectedOption2': 'DNI', 'optionsForDropdown2': ['Nombre/Apellidos', 'Nº Teléfono', 'Email', 'DNI'], 'numPhotos': 3}]
2025-09-01 12:19:27,438 - DEBUG - ▶️ Procesando fila -> platform=Google, text=06598429m, tipo=DNI
2025-09-01 12:26:33,094 - DEBUG - ────────────────────────────────────────────────────────────────────────────────────────────────────────────────────────
2025-09-01 12:26:33,096 - DEBUG - 🎯 Endpoint /search activado correctamente
2025-09-01 12:26:33,097 - DEBUG - 📨 Payload recibido: {"rows": [{"text": "chemacanario", "dropdown1": "Google", "dropdown2": "", "selectedOption1": "Google", "selectedOption2": "", "optionsForDropdown2": ["Nombre/Apellidos", "N\u00ba Tel\u00e9fono", "Email", "DNI", "Nombre de usuario"], "numPhotos": 3}]}
2025-09-01 12:26:33,097 - DEBUG - 📨 Rows recibido: [{'text': 'chemacanario', 'dropdown1': 'Google', 'dropdown2': '', 'selectedOption1': 'Google', 'selectedOption2': '', 'optionsForDropdown2': ['Nombre/Apellidos', 'Nº Teléfono', 'Email', 'DNI', 'Nombre de usuario'], 'numPhotos': 3}]
2025-09-01 12:26:33,097 - DEBUG - ▶️ Procesando fila -> platform=Google, text=chemacanario, tipo=
2025-09-01 12:27:17,085 - DEBUG - ────────────────────────────────────────────────────────────────────────────────────────────────────────────────────────
2025-09-01 12:27:17,085 - DEBUG - 🎯 Endpoint /search activado correctamente
2025-09-01 12:27:17,086 - DEBUG - 📨 Payload recibido: {"rows": [{"text": "chemacanario17@gmail.com", "dropdown1": "Google", "dropdown2": "Email", "selectedOption1": "Google", "selectedOption2": "Email", "optionsForDropdown2": ["Nombre/Apellidos", "N\u00ba Tel\u00e9fono", "Email", "DNI", "Nombre de usuario"], "numPhotos": 3}, {"text": "xemayme@gmail.com", "dropdown1": "Google", "dropdown2": "Email", "selectedOption1": "Google", "selectedOption2": "Email", "optionsForDropdown2": ["Nombre/Apellidos", "N\u00ba Tel\u00e9fono", "Email", "DNI", "Nombre de usuario"], "numPhotos": 3}]}
2025-09-01 12:27:17,086 - DEBUG - 📨 Rows recibido: [{'text': 'chemacanario17@gmail.com', 'dropdown1': 'Google', 'dropdown2': 'Email', 'selectedOption1': 'Google', 'selectedOption2': 'Email', 'optionsForDropdown2': ['Nombre/Apellidos', 'Nº Teléfono', 'Email', 'DNI', 'Nombre de usuario'], 'numPhotos': 3}, {'text': 'xemayme@gmail.com', 'dropdown1': 'Google', 'dropdown2': 'Email', 'selectedOption1': 'Google', 'selectedOption2': 'Email', 'optionsForDropdown2': ['Nombre/Apellidos', 'Nº Teléfono', 'Email', 'DNI', 'Nombre de usuario'], 'numPhotos': 3}]
2025-09-01 12:27:17,086 - DEBUG - ▶️ Procesando fila -> platform=Google, text=chemacanario17@gmail.com, tipo=Email
2025-09-01 12:27:17,874 - DEBUG - ▶️ Procesando fila -> platform=Google, text=xemayme@gmail.com, tipo=Email
2025-09-01 12:28:59,731 - DEBUG - ────────────────────────────────────────────────────────────────────────────────────────────────────────────────────────
2025-09-01 12:28:59,732 - DEBUG - 🎯 Endpoint /search activado correctamente
2025-09-01 12:28:59,733 - DEBUG - 📨 Payload recibido: {"rows": [{"text": "Jose Maria Aymerich Sanchez", "dropdown1": "Google", "dropdown2": "Nombre/Apellidos", "selectedOption1": "Google", "selectedOption2": "Nombre/Apellidos", "optionsForDropdown2": ["Nombre/Apellidos", "N\u00ba Tel\u00e9fono", "Email", "DNI", "Nombre de usuario"], "numPhotos": 3}, {"text": "Gabriel Carravilla Barrueco", "dropdown1": "Google", "dropdown2": "Nombre/Apellidos", "selectedOption1": "Google", "selectedOption2": "Nombre/Apellidos", "optionsForDropdown2": ["Nombre/Apellidos", "N\u00ba Tel\u00e9fono", "Email", "DNI", "Nombre de usuario"], "numPhotos": 3}]}
2025-09-01 12:28:59,734 - DEBUG - 📨 Rows recibido: [{'text': 'Jose Maria Aymerich Sanchez', 'dropdown1': 'Google', 'dropdown2': 'Nombre/Apellidos', 'selectedOption1': 'Google', 'selectedOption2': 'Nombre/Apellidos', 'optionsForDropdown2': ['Nombre/Apellidos', 'Nº Teléfono', 'Email', 'DNI', 'Nombre de usuario'], 'numPhotos': 3}, {'text': 'Gabriel Carravilla Barrueco', 'dropdown1': 'Google', 'dropdown2': 'Nombre/Apellidos', 'selectedOption1': 'Google', 'selectedOption2': 'Nombre/Apellidos', 'optionsForDropdown2': ['Nombre/Apellidos', 'Nº Teléfono', 'Email', 'DNI', 'Nombre de usuario'], 'numPhotos': 3}]
2025-09-01 12:28:59,734 - DEBUG - ▶️ Procesando fila -> platform=Google, text=Jose Maria Aymerich Sanchez, tipo=Nombre/Apellidos
2025-09-01 12:29:01,154 - DEBUG - ▶️ Procesando fila -> platform=Google, text=Gabriel Carravilla Barrueco, tipo=Nombre/Apellidos
2025-09-01 12:34:20,203 - DEBUG - ────────────────────────────────────────────────────────────────────────────────────────────────────────────────────────
2025-09-01 12:34:20,205 - DEBUG - 🎯 Endpoint /search activado correctamente
2025-09-01 12:34:20,205 - DEBUG - 📨 Payload recibido: {"rows": [{"text": "Jose Maria Aymerich Sanchez", "dropdown1": "Google", "dropdown2": "Nombre/Apellidos", "selectedOption1": "Google", "selectedOption2": "Nombre/Apellidos", "optionsForDropdown2": ["Nombre/Apellidos", "N\u00ba Tel\u00e9fono", "Email", "DNI", "Nombre de usuario"], "numPhotos": 3}, {"text": "651015274", "dropdown1": "Google", "dropdown2": "N\u00ba Tel\u00e9fono", "selectedOption1": "Google", "selectedOption2": "N\u00ba Tel\u00e9fono", "optionsForDropdown2": ["Nombre/Apellidos", "N\u00ba Tel\u00e9fono", "Email", "DNI", "Nombre de usuario"], "numPhotos": 3}, {"text": "635281407", "dropdown1": "Google", "dropdown2": "N\u00ba Tel\u00e9fono", "selectedOption1": "Google", "selectedOption2": "N\u00ba Tel\u00e9fono", "optionsForDropdown2": ["Nombre/Apellidos", "N\u00ba Tel\u00e9fono", "Email", "DNI", "Nombre de usuario"], "numPhotos": 3}, {"text": "06598429m", "dropdown1": "Google", "dropdown2": "DNI", "selectedOption1": "Google", "selectedOption2": "DNI", "optionsForDropdown2": ["Nombre/Apellidos", "N\u00ba Tel\u00e9fono", "Email", "DNI", "Nombre de usuario"], "numPhotos": 3}, {"text": "xemacanario", "dropdown1": "Google", "dropdown2": "Nombre de usuario", "selectedOption1": "Google", "selectedOption2": "Nombre de usuario", "optionsForDropdown2": ["Nombre/Apellidos", "N\u00ba Tel\u00e9fono", "Email", "DNI", "Nombre de usuario"], "numPhotos": 3}, {"text": "chemacanario", "dropdown1": "Instagram", "dropdown2": "Nombre de usuario", "selectedOption1": "Instagram", "selectedOption2": "Nombre de usuario", "optionsForDropdown2": ["Nombre de usuario"], "numPhotos": 3}]}
2025-09-01 12:34:20,205 - DEBUG - 📨 Rows recibido: [{'text': 'Jose Maria Aymerich Sanchez', 'dropdown1': 'Google', 'dropdown2': 'Nombre/Apellidos', 'selectedOption1': 'Google', 'selectedOption2': 'Nombre/Apellidos', 'optionsForDropdown2': ['Nombre/Apellidos', 'Nº Teléfono', 'Email', 'DNI', 'Nombre de usuario'], 'numPhotos': 3}, {'text': '651015274', 'dropdown1': 'Google', 'dropdown2': 'Nº Teléfono', 'selectedOption1': 'Google', 'selectedOption2': 'Nº Teléfono', 'optionsForDropdown2': ['Nombre/Apellidos', 'Nº Teléfono', 'Email', 'DNI', 'Nombre de usuario'], 'numPhotos': 3}, {'text': '635281407', 'dropdown1': 'Google', 'dropdown2': 'Nº Teléfono', 'selectedOption1': 'Google', 'selectedOption2': 'Nº Teléfono', 'optionsForDropdown2': ['Nombre/Apellidos', 'Nº Teléfono', 'Email', 'DNI', 'Nombre de usuario'], 'numPhotos': 3}, {'text': '06598429m', 'dropdown1': 'Google', 'dropdown2': 'DNI', 'selectedOption1': 'Google', 'selectedOption2': 'DNI', 'optionsForDropdown2': ['Nombre/Apellidos', 'Nº Teléfono', 'Email', 'DNI', 'Nombre de usuario'], 'numPhotos': 3}, {'text': 'xemacanario', 'dropdown1': 'Google', 'dropdown2': 'Nombre de usuario', 'selectedOption1': 'Google', 'selectedOption2': 'Nombre de usuario', 'optionsForDropdown2': ['Nombre/Apellidos', 'Nº Teléfono', 'Email', 'DNI', 'Nombre de usuario'], 'numPhotos': 3}, {'text': 'chemacanario', 'dropdown1': 'Instagram', 'dropdown2': 'Nombre de usuario', 'selectedOption1': 'Instagram', 'selectedOption2': 'Nombre de usuario', 'optionsForDropdown2': ['Nombre de usuario'], 'numPhotos': 3}]
2025-09-01 12:34:20,206 - DEBUG - ▶️ Procesando fila -> platform=Google, text=Jose Maria Aymerich Sanchez, tipo=Nombre/Apellidos
2025-09-01 12:34:21,561 - DEBUG - ▶️ Procesando fila -> platform=Google, text=651015274, tipo=Nº Teléfono
2025-09-01 12:34:22,164 - DEBUG - ▶️ Procesando fila -> platform=Google, text=635281407, tipo=Nº Teléfono
2025-09-01 12:34:22,745 - DEBUG - ▶️ Procesando fila -> platform=Google, text=06598429m, tipo=DNI
2025-09-01 12:34:23,167 - DEBUG - ▶️ Procesando fila -> platform=Google, text=xemacanario, tipo=Nombre de usuario
2025-09-01 12:34:23,556 - DEBUG - ▶️ Procesando fila -> platform=Instagram, text=chemacanario, tipo=Nombre de usuario
2025-09-01 12:34:23,557 - DEBUG - 🌐 Entrando en rama Instagram en search_view.py
2025-09-01 12:36:37,361 - DEBUG - ────────────────────────────────────────────────────────────────────────────────────────────────────────────────────────
2025-09-01 12:36:37,363 - DEBUG - 🎯 Endpoint /search activado correctamente
2025-09-01 12:36:37,364 - DEBUG - 📨 Payload recibido: {"rows": [{"text": "jmaymerich17@gmail.com", "dropdown1": "Google", "dropdown2": "Email", "selectedOption1": "Google", "selectedOption2": "Email", "optionsForDropdown2": ["Nombre/Apellidos", "N\u00ba Tel\u00e9fono", "Email", "DNI", "Nombre de usuario"], "numPhotos": 3}, {"text": "chemacanario17@gmail.com", "dropdown1": "Google", "dropdown2": "Email", "selectedOption1": "Google", "selectedOption2": "Email", "optionsForDropdown2": ["Nombre/Apellidos", "N\u00ba Tel\u00e9fono", "Email", "DNI", "Nombre de usuario"], "numPhotos": 3}, {"text": "xemayme@gmail.com", "dropdown1": "Google", "dropdown2": "Email", "selectedOption1": "Google", "selectedOption2": "Email", "optionsForDropdown2": ["Nombre/Apellidos", "N\u00ba Tel\u00e9fono", "Email", "DNI", "Nombre de usuario"], "numPhotos": 3}]}
2025-09-01 12:36:37,365 - DEBUG - 📨 Rows recibido: [{'text': 'jmaymerich17@gmail.com', 'dropdown1': 'Google', 'dropdown2': 'Email', 'selectedOption1': 'Google', 'selectedOption2': 'Email', 'optionsForDropdown2': ['Nombre/Apellidos', 'Nº Teléfono', 'Email', 'DNI', 'Nombre de usuario'], 'numPhotos': 3}, {'text': 'chemacanario17@gmail.com', 'dropdown1': 'Google', 'dropdown2': 'Email', 'selectedOption1': 'Google', 'selectedOption2': 'Email', 'optionsForDropdown2': ['Nombre/Apellidos', 'Nº Teléfono', 'Email', 'DNI', 'Nombre de usuario'], 'numPhotos': 3}, {'text': 'xemayme@gmail.com', 'dropdown1': 'Google', 'dropdown2': 'Email', 'selectedOption1': 'Google', 'selectedOption2': 'Email', 'optionsForDropdown2': ['Nombre/Apellidos', 'Nº Teléfono', 'Email', 'DNI', 'Nombre de usuario'], 'numPhotos': 3}]
2025-09-01 12:36:37,365 - DEBUG - ▶️ Procesando fila -> platform=Google, text=jmaymerich17@gmail.com, tipo=Email
2025-09-01 12:36:38,033 - DEBUG - ▶️ Procesando fila -> platform=Google, text=chemacanario17@gmail.com, tipo=Email
2025-09-01 12:36:38,492 - DEBUG - ▶️ Procesando fila -> platform=Google, text=xemayme@gmail.com, tipo=Email
2025-09-01 12:40:47,532 - DEBUG - ────────────────────────────────────────────────────────────────────────────────────────────────────────────────────────
2025-09-01 12:40:47,534 - DEBUG - 🎯 Endpoint /search activado correctamente
2025-09-01 12:40:47,534 - DEBUG - 📨 Payload recibido: {"rows": [{"text": "06598429m", "dropdown1": "Google", "dropdown2": "DNI", "selectedOption1": "Google", "selectedOption2": "DNI", "optionsForDropdown2": ["Nombre/Apellidos", "N\u00ba Tel\u00e9fono", "Email", "DNI", "Nombre de usuario"], "numPhotos": 3}]}
2025-09-01 12:40:47,535 - DEBUG - 📨 Rows recibido: [{'text': '06598429m', 'dropdown1': 'Google', 'dropdown2': 'DNI', 'selectedOption1': 'Google', 'selectedOption2': 'DNI', 'optionsForDropdown2': ['Nombre/Apellidos', 'Nº Teléfono', 'Email', 'DNI', 'Nombre de usuario'], 'numPhotos': 3}]
2025-09-01 12:40:47,535 - DEBUG - ▶️ Procesando fila -> platform=Google, text=06598429m, tipo=DNI
2025-09-01 12:41:34,276 - DEBUG - ────────────────────────────────────────────────────────────────────────────────────────────────────────────────────────
2025-09-01 12:41:34,277 - DEBUG - 🎯 Endpoint /search activado correctamente
2025-09-01 12:41:34,277 - DEBUG - 📨 Payload recibido: {"rows": [{"text": "chemacanario", "dropdown1": "Google", "dropdown2": "Nombre de usuario", "selectedOption1": "Google", "selectedOption2": "Nombre de usuario", "optionsForDropdown2": ["Nombre/Apellidos", "N\u00ba Tel\u00e9fono", "Email", "DNI", "Nombre de usuario"], "numPhotos": 3}, {"text": "xemacanario", "dropdown1": "Google", "dropdown2": "Nombre de usuario", "selectedOption1": "Google", "selectedOption2": "Nombre de usuario", "optionsForDropdown2": ["Nombre/Apellidos", "N\u00ba Tel\u00e9fono", "Email", "DNI", "Nombre de usuario"], "numPhotos": 3}]}
2025-09-01 12:41:34,277 - DEBUG - 📨 Rows recibido: [{'text': 'chemacanario', 'dropdown1': 'Google', 'dropdown2': 'Nombre de usuario', 'selectedOption1': 'Google', 'selectedOption2': 'Nombre de usuario', 'optionsForDropdown2': ['Nombre/Apellidos', 'Nº Teléfono', 'Email', 'DNI', 'Nombre de usuario'], 'numPhotos': 3}, {'text': 'xemacanario', 'dropdown1': 'Google', 'dropdown2': 'Nombre de usuario', 'selectedOption1': 'Google', 'selectedOption2': 'Nombre de usuario', 'optionsForDropdown2': ['Nombre/Apellidos', 'Nº Teléfono', 'Email', 'DNI', 'Nombre de usuario'], 'numPhotos': 3}]
2025-09-01 12:41:34,277 - DEBUG - ▶️ Procesando fila -> platform=Google, text=chemacanario, tipo=Nombre de usuario
2025-09-01 12:41:34,507 - DEBUG - ▶️ Procesando fila -> platform=Google, text=xemacanario, tipo=Nombre de usuario
2025-09-01 12:45:12,078 - DEBUG - ────────────────────────────────────────────────────────────────────────────────────────────────────────────────────────
2025-09-01 12:45:12,080 - DEBUG - 🎯 Endpoint /search activado correctamente
2025-09-01 12:45:12,081 - DEBUG - 📨 Payload recibido: {"rows": [{"text": "chemacanario", "dropdown1": "Google", "dropdown2": "Nombre de usuario", "selectedOption1": "Google", "selectedOption2": "Nombre de usuario", "optionsForDropdown2": ["Nombre/Apellidos", "N\u00ba Tel\u00e9fono", "Email", "DNI", "Nombre de usuario"], "numPhotos": 3}, {"text": "xemacanario", "dropdown1": "Google", "dropdown2": "Nombre de usuario", "selectedOption1": "Google", "selectedOption2": "Nombre de usuario", "optionsForDropdown2": ["Nombre/Apellidos", "N\u00ba Tel\u00e9fono", "Email", "DNI", "Nombre de usuario"], "numPhotos": 3}]}
2025-09-01 12:45:12,081 - DEBUG - 📨 Rows recibido: [{'text': 'chemacanario', 'dropdown1': 'Google', 'dropdown2': 'Nombre de usuario', 'selectedOption1': 'Google', 'selectedOption2': 'Nombre de usuario', 'optionsForDropdown2': ['Nombre/Apellidos', 'Nº Teléfono', 'Email', 'DNI', 'Nombre de usuario'], 'numPhotos': 3}, {'text': 'xemacanario', 'dropdown1': 'Google', 'dropdown2': 'Nombre de usuario', 'selectedOption1': 'Google', 'selectedOption2': 'Nombre de usuario', 'optionsForDropdown2': ['Nombre/Apellidos', 'Nº Teléfono', 'Email', 'DNI', 'Nombre de usuario'], 'numPhotos': 3}]
2025-09-01 12:45:12,081 - DEBUG - ▶️ Procesando fila -> platform=Google, text=chemacanario, tipo=Nombre de usuario
2025-09-01 12:45:12,385 - DEBUG - ▶️ Procesando fila -> platform=Google, text=xemacanario, tipo=Nombre de usuario
2025-09-01 12:46:04,107 - DEBUG - ────────────────────────────────────────────────────────────────────────────────────────────────────────────────────────
2025-09-01 12:46:04,109 - DEBUG - 🎯 Endpoint /search activado correctamente
2025-09-01 12:46:04,110 - DEBUG - 📨 Payload recibido: {"rows": [{"text": "xemacanario", "dropdown1": "Google", "dropdown2": "Nombre de usuario", "selectedOption1": "Google", "selectedOption2": "Nombre de usuario", "optionsForDropdown2": ["Nombre/Apellidos", "N\u00ba Tel\u00e9fono", "Email", "DNI", "Nombre de usuario"], "numPhotos": 3}]}
2025-09-01 12:46:04,110 - DEBUG - 📨 Rows recibido: [{'text': 'xemacanario', 'dropdown1': 'Google', 'dropdown2': 'Nombre de usuario', 'selectedOption1': 'Google', 'selectedOption2': 'Nombre de usuario', 'optionsForDropdown2': ['Nombre/Apellidos', 'Nº Teléfono', 'Email', 'DNI', 'Nombre de usuario'], 'numPhotos': 3}]
2025-09-01 12:46:04,110 - DEBUG - ▶️ Procesando fila -> platform=Google, text=xemacanario, tipo=Nombre de usuario
2025-09-01 12:46:36,180 - DEBUG - ────────────────────────────────────────────────────────────────────────────────────────────────────────────────────────
2025-09-01 12:46:36,181 - DEBUG - 🎯 Endpoint /search activado correctamente
2025-09-01 12:46:36,181 - DEBUG - 📨 Payload recibido: {"rows": [{"text": "xemacanario", "dropdown1": "Google", "dropdown2": "Nombre/Apellidos", "selectedOption1": "Google", "selectedOption2": "Nombre/Apellidos", "optionsForDropdown2": ["Nombre/Apellidos", "N\u00ba Tel\u00e9fono", "Email", "DNI", "Nombre de usuario"], "numPhotos": 3}]}
2025-09-01 12:46:36,181 - DEBUG - 📨 Rows recibido: [{'text': 'xemacanario', 'dropdown1': 'Google', 'dropdown2': 'Nombre/Apellidos', 'selectedOption1': 'Google', 'selectedOption2': 'Nombre/Apellidos', 'optionsForDropdown2': ['Nombre/Apellidos', 'Nº Teléfono', 'Email', 'DNI', 'Nombre de usuario'], 'numPhotos': 3}]
2025-09-01 12:46:36,182 - DEBUG - ▶️ Procesando fila -> platform=Google, text=xemacanario, tipo=Nombre/Apellidos
2025-09-01 20:20:21,578 - DEBUG - ────────────────────────────────────────────────────────────────────────────────────────────────────────────────────────
2025-09-01 20:20:21,585 - DEBUG - 🎯 Endpoint /search activado correctamente
2025-09-01 20:20:21,585 - DEBUG - 📨 Payload recibido: {"rows": [{"text": "xemacanario", "dropdown1": "Twitter", "dropdown2": "Nombre de usuario", "selectedOption1": "Twitter", "selectedOption2": "Nombre de usuario", "optionsForDropdown2": ["Nombre de usuario"], "numPhotos": 3}]}
2025-09-01 20:20:21,586 - DEBUG - 📨 Rows recibido: [{'text': 'xemacanario', 'dropdown1': 'Twitter', 'dropdown2': 'Nombre de usuario', 'selectedOption1': 'Twitter', 'selectedOption2': 'Nombre de usuario', 'optionsForDropdown2': ['Nombre de usuario'], 'numPhotos': 3}]
2025-09-01 20:20:21,587 - DEBUG - ▶️ Procesando fila -> platform=Twitter, text=xemacanario, tipo=Nombre de usuario
2025-09-01 20:50:10,193 - DEBUG - ────────────────────────────────────────────────────────────────────────────────────────────────────────────────────────
2025-09-01 20:50:10,199 - DEBUG - 🎯 Endpoint /search activado correctamente
2025-09-01 20:50:10,199 - DEBUG - 📨 Payload recibido: {"rows": [{"text": "xemacanario", "dropdown1": "Twitter", "dropdown2": "Nombre de usuario", "selectedOption1": "Twitter", "selectedOption2": "Nombre de usuario", "optionsForDropdown2": ["Nombre de usuario"], "numPhotos": 3}]}
2025-09-01 20:50:10,200 - DEBUG - 📨 Rows recibido: [{'text': 'xemacanario', 'dropdown1': 'Twitter', 'dropdown2': 'Nombre de usuario', 'selectedOption1': 'Twitter', 'selectedOption2': 'Nombre de usuario', 'optionsForDropdown2': ['Nombre de usuario'], 'numPhotos': 3}]
2025-09-01 20:50:10,200 - DEBUG - ▶️ Procesando fila -> platform=Twitter, text=xemacanario, tipo=Nombre de usuario
