2025-07-15 01:31:04,708 - DEBUG - ────────────────────────────────────────────────────────────────────────────────────────────────────────────────────────
2025-07-15 01:31:04,713 - DEBUG - 🎯 Endpoint /search activado correctamente
2025-07-15 01:31:04,714 - DEBUG - 📨 Payload recibido: {"rows": [{"text": "saracarceller", "dropdown1": "Opci\u00f3n 1", "dropdown2": "Nombre de usuario", "selectedOption1": "Instagram", "selectedOption2": "Nombre de usuario", "optionsForDropdown2": ["Nombre de usuario"], "numPhotos": 3}]}
2025-07-15 01:31:04,714 - DEBUG - Número de fotos: 3
2025-07-15 01:31:04,715 - DEBUG - 📂 Archivo user_info.json ya existe, cargando desde disco: C:\Users\jm_ay\Documents\0-TFM_Programacion\Proyecto_TFM\Gestion_Identidad\Instagram\busquedas\saracarceller\user_info.json
2025-07-15 01:31:04,724 - DEBUG - ✅ Usuario saracarceller preparado. user_id: 476165384
2025-07-15 01:31:04,727 - DEBUG - 📂 Archivo user_posts.json ya existe: C:\Users\jm_ay\Documents\0-TFM_Programacion\Proyecto_TFM\Gestion_Identidad\Instagram\busquedas\saracarceller\user_posts.json, cargando.
2025-07-15 01:31:04,820 - DEBUG - 📂 full_information ya existe: C:\Users\jm_ay\Documents\0-TFM_Programacion\Proyecto_TFM\Gestion_Identidad\Instagram\busquedas\saracarceller\3\full_information_3_posts.json, no se regenera.
2025-07-15 01:31:04,826 - DEBUG - 📦 search finalizado. Enviando datos de saracarceller con 3 fotos.
2025-07-15 01:31:06,207 - DEBUG - 📥 extract_posts activado
2025-07-15 01:31:06,208 - DEBUG - 📂 user_info.json encontrado en: C:\Users\jm_ay\Documents\0-TFM_Programacion\Proyecto_TFM\Gestion_Identidad\Instagram\busquedas\saracarceller\user_info.json
2025-07-15 01:31:06,213 - DEBUG - 📥 extract_posts activado
2025-07-15 01:31:06,214 - DEBUG - ✅ user_posts.json ya existe y no se reejecuta: C:\Users\jm_ay\Documents\0-TFM_Programacion\Proyecto_TFM\Gestion_Identidad\Instagram\busquedas\saracarceller\5\user_posts.json
2025-07-15 01:31:06,214 - DEBUG - 📂 user_info.json encontrado en: C:\Users\jm_ay\Documents\0-TFM_Programacion\Proyecto_TFM\Gestion_Identidad\Instagram\busquedas\saracarceller\user_info.json
2025-07-15 01:31:06,220 - DEBUG - ✅ user_posts.json ya existe y no se reejecuta: C:\Users\jm_ay\Documents\0-TFM_Programacion\Proyecto_TFM\Gestion_Identidad\Instagram\busquedas\saracarceller\5\user_posts.json
2025-07-22 19:38:56,633 - DEBUG - ────────────────────────────────────────────────────────────────────────────────────────────────────────────────────────
2025-07-22 19:38:56,641 - DEBUG - 🎯 Endpoint /search activado correctamente
2025-07-22 19:38:56,651 - DEBUG - 📨 Payload recibido: {"rows": [{"text": "saracarceller", "dropdown1": "Opci\u00f3n 1", "dropdown2": "Nombre de usuario", "selectedOption1": "Instagram", "selectedOption2": "Nombre de usuario", "optionsForDropdown2": ["Nombre de usuario"], "numPhotos": 3}]}
2025-07-22 19:38:56,652 - DEBUG - Número de fotos: 3
2025-07-22 19:38:56,664 - DEBUG - 📂 Archivo user_info.json ya existe, cargando desde disco: C:\Users\jm_ay\Documents\0-TFM_Programacion\Proyecto_TFM\Gestion_Identidad\Instagram\busquedas\saracarceller\user_info.json
2025-07-22 19:38:56,821 - DEBUG - ✅ Usuario saracarceller preparado. user_id: 476165384
2025-07-22 19:38:56,823 - DEBUG - 📂 Archivo user_posts.json ya existe: C:\Users\jm_ay\Documents\0-TFM_Programacion\Proyecto_TFM\Gestion_Identidad\Instagram\busquedas\saracarceller\user_posts.json, cargando.
2025-07-22 19:38:56,862 - DEBUG - 📂 full_information ya existe: C:\Users\jm_ay\Documents\0-TFM_Programacion\Proyecto_TFM\Gestion_Identidad\Instagram\busquedas\saracarceller\3\full_information_3_posts.json, no se regenera.
2025-07-22 19:38:56,901 - DEBUG - 📦 search finalizado. Enviando datos de saracarceller con 3 fotos.
2025-07-22 19:38:57,039 - DEBUG - 📥 extract_posts activado
2025-07-22 19:38:57,046 - DEBUG - 📥 extract_posts activado
2025-07-22 19:38:57,046 - DEBUG - 📂 user_info.json encontrado en: C:\Users\jm_ay\Documents\0-TFM_Programacion\Proyecto_TFM\Gestion_Identidad\Instagram\busquedas\saracarceller\user_info.json
2025-07-22 19:38:57,047 - DEBUG - 📂 user_info.json encontrado en: C:\Users\jm_ay\Documents\0-TFM_Programacion\Proyecto_TFM\Gestion_Identidad\Instagram\busquedas\saracarceller\user_info.json
2025-07-22 19:38:57,055 - DEBUG - ✅ user_posts.json ya existe y no se reejecuta: C:\Users\jm_ay\Documents\0-TFM_Programacion\Proyecto_TFM\Gestion_Identidad\Instagram\busquedas\saracarceller\5\user_posts.json
2025-07-22 19:38:57,057 - DEBUG - ✅ user_posts.json ya existe y no se reejecuta: C:\Users\jm_ay\Documents\0-TFM_Programacion\Proyecto_TFM\Gestion_Identidad\Instagram\busquedas\saracarceller\5\user_posts.json
2025-07-22 20:37:23,712 - DEBUG - 📥 extract_posts activado
2025-07-22 20:37:23,724 - DEBUG - 📂 user_info.json encontrado en: C:\Users\jm_ay\Documents\0-TFM_Programacion\Proyecto_TFM\Gestion_Identidad\Instagram\busquedas\saracarceller\user_info.json
2025-07-22 20:37:23,743 - DEBUG - ✅ user_posts.json ya existe y no se reejecuta: C:\Users\jm_ay\Documents\0-TFM_Programacion\Proyecto_TFM\Gestion_Identidad\Instagram\busquedas\saracarceller\5\user_posts.json
2025-07-22 20:37:36,305 - DEBUG - 📥 extract_posts activado
2025-07-22 20:37:36,308 - DEBUG - 📂 user_info.json encontrado en: C:\Users\jm_ay\Documents\0-TFM_Programacion\Proyecto_TFM\Gestion_Identidad\Instagram\busquedas\saracarceller\user_info.json
2025-07-22 20:37:36,324 - DEBUG - ✅ user_posts.json ya existe y no se reejecuta: C:\Users\jm_ay\Documents\0-TFM_Programacion\Proyecto_TFM\Gestion_Identidad\Instagram\busquedas\saracarceller\5\user_posts.json
2025-07-22 20:37:43,283 - DEBUG - 📥 extract_posts activado
2025-07-22 20:37:43,284 - DEBUG - 📂 user_info.json encontrado en: C:\Users\jm_ay\Documents\0-TFM_Programacion\Proyecto_TFM\Gestion_Identidad\Instagram\busquedas\saracarceller\user_info.json
2025-07-22 20:37:43,292 - DEBUG - ✅ user_posts.json ya existe y no se reejecuta: C:\Users\jm_ay\Documents\0-TFM_Programacion\Proyecto_TFM\Gestion_Identidad\Instagram\busquedas\saracarceller\5\user_posts.json
2025-07-22 20:46:01,677 - DEBUG - ────────────────────────────────────────────────────────────────────────────────────────────────────────────────────────
2025-07-22 20:46:01,677 - DEBUG - 🎯 Endpoint /search activado correctamente
2025-07-22 20:46:01,677 - DEBUG - 📨 Payload recibido: {"rows": [{"text": "saracarceller", "dropdown1": "Opci\u00f3n 1", "dropdown2": "Nombre de usuario", "selectedOption1": "Instagram", "selectedOption2": "Nombre de usuario", "optionsForDropdown2": ["Nombre de usuario"], "numPhotos": 3}, {"text": "", "dropdown1": "", "dropdown2": "", "selectedOption1": "", "selectedOption2": "", "optionsForDropdown2": ["Nombre de usuario", "N\u00ba Tel\u00e9fono", "Email", "DNI"], "numPhotos": 3}]}
2025-07-22 20:46:01,678 - DEBUG - Número de fotos: 3
2025-07-22 20:46:01,679 - DEBUG - 📂 Archivo user_info.json ya existe, cargando desde disco: C:\Users\jm_ay\Documents\0-TFM_Programacion\Proyecto_TFM\Gestion_Identidad\Instagram\busquedas\saracarceller\user_info.json
2025-07-22 20:46:01,684 - DEBUG - ✅ Usuario saracarceller preparado. user_id: 476165384
2025-07-22 20:46:01,684 - DEBUG - 📂 Archivo user_posts.json ya existe: C:\Users\jm_ay\Documents\0-TFM_Programacion\Proyecto_TFM\Gestion_Identidad\Instagram\busquedas\saracarceller\user_posts.json, cargando.
2025-07-22 20:46:01,686 - DEBUG - 📂 full_information ya existe: C:\Users\jm_ay\Documents\0-TFM_Programacion\Proyecto_TFM\Gestion_Identidad\Instagram\busquedas\saracarceller\3\full_information_3_posts.json, no se regenera.
2025-07-22 20:46:01,691 - DEBUG - 📦 search finalizado. Enviando datos de saracarceller con 3 fotos.
2025-07-22 20:46:03,353 - DEBUG - 📥 extract_posts activado
2025-07-22 20:46:03,353 - DEBUG - 📂 user_info.json encontrado en: C:\Users\jm_ay\Documents\0-TFM_Programacion\Proyecto_TFM\Gestion_Identidad\Instagram\busquedas\saracarceller\user_info.json
2025-07-22 20:46:03,357 - DEBUG - ✅ user_posts.json ya existe y no se reejecuta: C:\Users\jm_ay\Documents\0-TFM_Programacion\Proyecto_TFM\Gestion_Identidad\Instagram\busquedas\saracarceller\5\user_posts.json
2025-07-22 20:46:08,296 - DEBUG - 📥 extract_posts activado
2025-07-22 20:46:08,297 - DEBUG - 📂 user_info.json encontrado en: C:\Users\jm_ay\Documents\0-TFM_Programacion\Proyecto_TFM\Gestion_Identidad\Instagram\busquedas\saracarceller\user_info.json
2025-07-22 20:46:08,303 - DEBUG - ✅ user_posts.json ya existe y no se reejecuta: C:\Users\jm_ay\Documents\0-TFM_Programacion\Proyecto_TFM\Gestion_Identidad\Instagram\busquedas\saracarceller\5\user_posts.json
2025-07-22 20:46:10,050 - DEBUG - 📥 extract_posts activado
2025-07-22 20:46:10,052 - DEBUG - 📂 user_info.json encontrado en: C:\Users\jm_ay\Documents\0-TFM_Programacion\Proyecto_TFM\Gestion_Identidad\Instagram\busquedas\saracarceller\user_info.json
2025-07-22 20:46:10,058 - DEBUG - ✅ user_posts.json ya existe y no se reejecuta: C:\Users\jm_ay\Documents\0-TFM_Programacion\Proyecto_TFM\Gestion_Identidad\Instagram\busquedas\saracarceller\5\user_posts.json
2025-07-22 20:46:12,093 - DEBUG - 📥 extract_posts activado
2025-07-22 20:46:12,094 - DEBUG - 📂 user_info.json encontrado en: C:\Users\jm_ay\Documents\0-TFM_Programacion\Proyecto_TFM\Gestion_Identidad\Instagram\busquedas\saracarceller\user_info.json
2025-07-22 20:46:12,100 - DEBUG - ✅ user_posts.json ya existe y no se reejecuta: C:\Users\jm_ay\Documents\0-TFM_Programacion\Proyecto_TFM\Gestion_Identidad\Instagram\busquedas\saracarceller\5\user_posts.json
2025-07-22 20:46:14,176 - DEBUG - 📥 extract_posts activado
2025-07-22 20:46:14,184 - DEBUG - 📂 user_info.json encontrado en: C:\Users\jm_ay\Documents\0-TFM_Programacion\Proyecto_TFM\Gestion_Identidad\Instagram\busquedas\saracarceller\user_info.json
2025-07-22 20:46:14,191 - DEBUG - ✅ user_posts.json ya existe y no se reejecuta: C:\Users\jm_ay\Documents\0-TFM_Programacion\Proyecto_TFM\Gestion_Identidad\Instagram\busquedas\saracarceller\5\user_posts.json
2025-07-24 20:38:31,784 - DEBUG - ────────────────────────────────────────────────────────────────────────────────────────────────────────────────────────
2025-07-24 20:38:31,786 - DEBUG - 🎯 Endpoint /search activado correctamente
2025-07-24 20:38:31,787 - DEBUG - 📨 Payload recibido: {"rows": [{"text": "saracarceller", "dropdown1": "Opci\u00f3n 1", "dropdown2": "Nombre de usuario", "selectedOption1": "Instagram", "selectedOption2": "Nombre de usuario", "optionsForDropdown2": ["Nombre de usuario"], "numPhotos": 3}]}
2025-07-24 20:38:31,789 - DEBUG - Número de fotos: 3
2025-07-24 20:38:31,795 - DEBUG - 📂 Archivo user_info.json ya existe, cargando desde disco: C:\Users\jm_ay\Documents\0-TFM_Programacion\Proyecto_TFM\Gestion_Identidad\Instagram\busquedas\saracarceller\user_info.json
2025-07-24 20:38:32,058 - DEBUG - ✅ Usuario saracarceller preparado. user_id: 476165384
2025-07-24 20:38:32,058 - DEBUG - 📂 Archivo user_posts.json ya existe: C:\Users\jm_ay\Documents\0-TFM_Programacion\Proyecto_TFM\Gestion_Identidad\Instagram\busquedas\saracarceller\user_posts.json, cargando.
2025-07-24 20:38:32,079 - DEBUG - 📂 full_information ya existe: C:\Users\jm_ay\Documents\0-TFM_Programacion\Proyecto_TFM\Gestion_Identidad\Instagram\busquedas\saracarceller\3\full_information_3_posts.json, no se regenera.
2025-07-24 20:38:32,113 - DEBUG - 📦 search finalizado. Enviando datos de saracarceller con 3 fotos.
2025-07-24 20:38:33,879 - DEBUG - 📥 extract_posts activado
2025-07-24 20:38:33,880 - DEBUG - 📂 user_info.json encontrado en: C:\Users\jm_ay\Documents\0-TFM_Programacion\Proyecto_TFM\Gestion_Identidad\Instagram\busquedas\saracarceller\user_info.json
2025-07-24 20:38:33,884 - DEBUG - ✅ user_posts.json ya existe y no se reejecuta: C:\Users\jm_ay\Documents\0-TFM_Programacion\Proyecto_TFM\Gestion_Identidad\Instagram\busquedas\saracarceller\5\user_posts.json
2025-07-24 22:53:34,045 - DEBUG - ────────────────────────────────────────────────────────────────────────────────────────────────────────────────────────
2025-07-24 22:53:34,048 - DEBUG - 🎯 Endpoint /search activado correctamente
2025-07-24 22:53:34,050 - DEBUG - 📨 Payload recibido: {"rows": [{"text": "saracarceller", "dropdown1": "Opci\u00f3n 1", "dropdown2": "Nombre de usuario", "selectedOption1": "Instagram", "selectedOption2": "Nombre de usuario", "optionsForDropdown2": ["Nombre de usuario"], "numPhotos": 3}]}
2025-07-24 22:53:34,050 - DEBUG - Número de fotos: 3
2025-07-24 22:53:34,054 - DEBUG - 📂 Archivo user_info.json ya existe, cargando desde disco: C:\Users\jm_ay\Documents\0-TFM_Programacion\Proyecto_TFM\Gestion_Identidad\Instagram\busquedas\saracarceller\user_info.json
2025-07-24 22:53:34,061 - DEBUG - ✅ Usuario saracarceller preparado. user_id: 476165384
2025-07-24 22:53:34,062 - DEBUG - 📂 Archivo user_posts.json ya existe: C:\Users\jm_ay\Documents\0-TFM_Programacion\Proyecto_TFM\Gestion_Identidad\Instagram\busquedas\saracarceller\user_posts.json, cargando.
2025-07-24 22:53:34,065 - DEBUG - 📂 full_information ya existe: C:\Users\jm_ay\Documents\0-TFM_Programacion\Proyecto_TFM\Gestion_Identidad\Instagram\busquedas\saracarceller\3\full_information_3_posts.json, no se regenera.
2025-07-24 22:53:34,070 - DEBUG - 📦 search finalizado. Enviando datos de saracarceller con 3 fotos.
2025-07-24 22:58:47,844 - DEBUG - ────────────────────────────────────────────────────────────────────────────────────────────────────────────────────────
2025-07-24 22:58:47,845 - DEBUG - 🎯 Endpoint /search activado correctamente
2025-07-24 22:58:47,846 - DEBUG - 📨 Payload recibido: {"rows": [{"text": "", "dropdown1": "Opci\u00f3n 1", "dropdown2": "Nombre de usuario", "selectedOption1": "Instagram", "selectedOption2": "Nombre de usuario", "optionsForDropdown2": ["Nombre de usuario"], "numPhotos": 3}, {"text": "", "dropdown1": "Opci\u00f3n 2", "dropdown2": "Nombre de usuario", "selectedOption1": "Twitter", "selectedOption2": "Nombre de usuario", "optionsForDropdown2": ["Nombre de usuario"], "numPhotos": 3}, {"text": "", "dropdown1": "", "dropdown2": "N\u00ba Tel\u00e9fono", "selectedOption1": "", "selectedOption2": "N\u00ba Tel\u00e9fono", "optionsForDropdown2": ["Nombre de usuario", "N\u00ba Tel\u00e9fono", "Email", "DNI"], "numPhotos": 3}, {"text": "", "dropdown1": "", "dropdown2": "DNI", "selectedOption1": "", "selectedOption2": "DNI", "optionsForDropdown2": ["Nombre de usuario", "N\u00ba Tel\u00e9fono", "Email", "DNI"], "numPhotos": 3}]}
