2025-09-02 13:13:44,872 - DEBUG - Número de fotos: 3
2025-09-02 13:13:44,873 - DEBUG - 📂 Archivo user_info.json ya existe: C:\Users\jm_ay\Documents\0-TFM_Programacion\Proyecto_TFM\Gestion_Identidad\Instagram\busquedas\sergiamen97\user_info.json
2025-09-02 13:13:44,878 - DEBUG - ✅ Usuario sergiamen97 preparado. user_id: 564181243
2025-09-02 13:13:44,878 - DEBUG - 📂 user_posts.json ya existe: C:\Users\jm_ay\Documents\0-TFM_Programacion\Proyecto_TFM\Gestion_Identidad\Instagram\busquedas\sergiamen97\user_posts.json
2025-09-02 13:13:44,884 - DEBUG - 📦 search finalizado. Enviando datos de sergiamen97 con 3 fotos.
2025-09-02 13:13:52,432 - DEBUG - Probando numero_fotos:3
2025-09-02 13:13:52,433 - DEBUG - Probando numero_fotos:3
2025-09-02 13:14:12,788 - DEBUG - Probando numero_fotos:3
2025-09-02 13:14:12,795 - DEBUG - Probando numero_fotos:3
2025-09-02 13:15:32,049 - DEBUG - Número de fotos: 3
2025-09-02 13:15:32,050 - DEBUG - 📂 Archivo user_info.json ya existe: C:\Users\jm_ay\Documents\0-TFM_Programacion\Proyecto_TFM\Gestion_Identidad\Instagram\busquedas\sergiamen97\user_info.json
2025-09-02 13:15:32,057 - DEBUG - ✅ Usuario sergiamen97 preparado. user_id: 564181243
2025-09-02 13:15:32,058 - DEBUG - 📂 user_posts.json ya existe: C:\Users\jm_ay\Documents\0-TFM_Programacion\Proyecto_TFM\Gestion_Identidad\Instagram\busquedas\sergiamen97\user_posts.json
2025-09-02 13:15:32,063 - DEBUG - 📦 search finalizado. Enviando datos de sergiamen97 con 3 fotos.
2025-09-02 23:42:00,586 - DEBUG - Número de fotos: 3
2025-09-02 23:42:00,587 - DEBUG - 📂 Archivo user_info.json ya existe: C:\Users\jm_ay\Documents\0-TFM_Programacion\Proyecto_TFM\Gestion_Identidad\Instagram\busquedas\sergiamen97\user_info.json
2025-09-02 23:42:00,617 - DEBUG - ✅ Usuario sergiamen97 preparado. user_id: 564181243
2025-09-02 23:42:00,618 - DEBUG - 📂 user_posts.json ya existe: C:\Users\jm_ay\Documents\0-TFM_Programacion\Proyecto_TFM\Gestion_Identidad\Instagram\busquedas\sergiamen97\user_posts.json
2025-09-02 23:42:00,659 - DEBUG - 📦 search finalizado. Enviando datos de sergiamen97 con 3 fotos.
2025-09-02 23:42:08,687 - DEBUG - Probando numero_fotos:3
2025-09-02 23:42:08,760 - DEBUG - Probando numero_fotos:3
2025-09-02 23:42:59,462 - DEBUG - Probando numero_fotos:3
2025-09-02 23:42:59,464 - DEBUG - Probando numero_fotos:3
2025-09-03 00:43:17,631 - DEBUG - Número de fotos: 3
2025-09-03 00:43:17,633 - DEBUG - 📂 Archivo user_info.json ya existe: C:\Users\jm_ay\Documents\0-TFM_Programacion\Proyecto_TFM\Gestion_Identidad\Instagram\busquedas\sergiamen97\user_info.json
2025-09-03 00:43:17,679 - DEBUG - ✅ Usuario sergiamen97 preparado. user_id: 564181243
2025-09-03 00:43:17,680 - DEBUG - 📂 user_posts.json ya existe: C:\Users\jm_ay\Documents\0-TFM_Programacion\Proyecto_TFM\Gestion_Identidad\Instagram\busquedas\sergiamen97\user_posts.json
2025-09-03 00:43:17,721 - DEBUG - 📦 search finalizado. Enviando datos de sergiamen97 con 3 fotos.
2025-09-03 00:43:20,331 - DEBUG - Probando numero_fotos:3
2025-09-03 00:43:20,337 - DEBUG - Probando numero_fotos:3
2025-09-03 00:44:02,691 - DEBUG - Probando numero_fotos:3
2025-09-03 00:44:02,696 - DEBUG - Probando numero_fotos:3
2025-09-03 00:44:07,387 - DEBUG - Probando numero_fotos:3
2025-09-03 00:44:07,389 - DEBUG - Probando numero_fotos:3
2025-09-03 00:44:18,660 - DEBUG - Probando numero_fotos:3
2025-09-03 00:44:18,666 - DEBUG - Probando numero_fotos:3
2025-09-03 01:13:18,232 - DEBUG - Probando numero_fotos:3
2025-09-03 01:13:18,242 - DEBUG - Probando numero_fotos:3
2025-09-03 01:41:34,676 - DEBUG - Número de fotos: 3
2025-09-03 01:41:34,682 - DEBUG - 📂 Archivo user_info.json ya existe: C:\Users\jm_ay\Documents\0-TFM_Programacion\Proyecto_TFM\Gestion_Identidad\Instagram\busquedas\sergiamen97\user_info.json
2025-09-03 01:41:34,703 - DEBUG - ✅ Usuario sergiamen97 preparado. user_id: 564181243
2025-09-03 01:41:34,704 - DEBUG - 📂 user_posts.json ya existe: C:\Users\jm_ay\Documents\0-TFM_Programacion\Proyecto_TFM\Gestion_Identidad\Instagram\busquedas\sergiamen97\user_posts.json
2025-09-03 01:41:34,725 - DEBUG - 📦 search finalizado. Enviando datos de sergiamen97 con 3 fotos.
2025-09-03 01:41:34,725 - DEBUG - Número de fotos: 3
2025-09-03 01:41:34,726 - DEBUG - 📂 Archivo user_info.json ya existe: C:\Users\jm_ay\Documents\0-TFM_Programacion\Proyecto_TFM\Gestion_Identidad\Instagram\busquedas\saracarceller\user_info.json
2025-09-03 01:41:34,760 - DEBUG - ✅ Usuario saracarceller preparado. user_id: 476165384
2025-09-03 01:41:34,760 - DEBUG - 📂 user_posts.json ya existe: C:\Users\jm_ay\Documents\0-TFM_Programacion\Proyecto_TFM\Gestion_Identidad\Instagram\busquedas\saracarceller\user_posts.json
2025-09-03 01:41:34,795 - DEBUG - 📦 search finalizado. Enviando datos de saracarceller con 3 fotos.
2025-09-03 01:41:38,436 - DEBUG - Probando numero_fotos:3
2025-09-03 01:41:38,437 - DEBUG - Probando numero_fotos:3
2025-09-03 01:43:29,683 - DEBUG - Probando numero_fotos:3
2025-09-03 01:43:29,686 - DEBUG - Probando numero_fotos:3
2025-09-03 01:50:15,123 - DEBUG - Probando numero_fotos:3
2025-09-03 01:50:15,125 - DEBUG - Probando numero_fotos:3
2025-09-03 01:50:19,252 - DEBUG - Probando numero_fotos:3
2025-09-03 01:50:19,254 - DEBUG - Probando numero_fotos:3
2025-09-03 01:50:47,457 - DEBUG - Probando numero_fotos:3
2025-09-03 01:50:47,461 - DEBUG - Probando numero_fotos:3
2025-09-03 01:50:51,523 - DEBUG - Probando numero_fotos:3
2025-09-03 01:50:51,530 - DEBUG - Probando numero_fotos:3
2025-09-03 01:50:57,052 - DEBUG - Probando numero_fotos:3
2025-09-03 01:50:57,058 - DEBUG - Probando numero_fotos:3
2025-09-03 01:51:05,080 - DEBUG - Probando numero_fotos:3
2025-09-03 01:51:05,096 - DEBUG - Probando numero_fotos:3
2025-09-03 01:53:06,711 - DEBUG - Probando numero_fotos:3
2025-09-03 01:53:06,713 - DEBUG - Probando numero_fotos:3
2025-09-03 01:53:09,907 - DEBUG - Probando numero_fotos:3
2025-09-03 01:53:09,910 - DEBUG - Probando numero_fotos:3
2025-09-03 01:53:21,688 - DEBUG - Probando numero_fotos:3
2025-09-03 01:53:21,690 - DEBUG - Probando numero_fotos:3
2025-09-03 01:53:24,412 - DEBUG - Probando numero_fotos:3
2025-09-03 01:53:24,414 - DEBUG - Probando numero_fotos:3
2025-09-03 01:54:52,186 - DEBUG - Probando numero_fotos:3
2025-09-03 01:54:52,188 - DEBUG - Probando numero_fotos:3
2025-09-03 01:59:12,155 - DEBUG - Probando numero_fotos:3
2025-09-03 01:59:12,156 - DEBUG - Probando numero_fotos:3
2025-09-03 02:01:14,604 - DEBUG - Probando numero_fotos:3
2025-09-03 02:01:14,606 - DEBUG - Probando numero_fotos:3
2025-09-03 02:01:17,202 - DEBUG - Probando numero_fotos:3
2025-09-03 02:01:17,204 - DEBUG - Probando numero_fotos:3
2025-09-03 02:18:06,721 - DEBUG - Probando numero_fotos:3
2025-09-03 02:18:06,723 - DEBUG - Probando numero_fotos:3
2025-09-03 02:20:05,643 - DEBUG - Probando numero_fotos:3
2025-09-03 02:20:05,645 - DEBUG - Probando numero_fotos:3
2025-09-03 02:21:01,755 - DEBUG - Probando numero_fotos:3
2025-09-03 02:21:01,762 - DEBUG - Probando numero_fotos:3
2025-09-03 02:21:05,154 - DEBUG - Probando numero_fotos:3
2025-09-03 02:21:05,157 - DEBUG - Probando numero_fotos:3
2025-09-03 02:22:18,048 - DEBUG - Probando numero_fotos:3
2025-09-03 02:22:18,050 - DEBUG - Probando numero_fotos:3
2025-09-03 02:22:27,831 - DEBUG - Probando numero_fotos:3
2025-09-03 02:22:27,837 - DEBUG - Probando numero_fotos:3
2025-09-03 02:22:33,482 - DEBUG - Probando numero_fotos:3
2025-09-03 02:22:33,487 - DEBUG - Probando numero_fotos:3
2025-09-03 02:35:56,093 - DEBUG - Probando numero_fotos:3
2025-09-03 02:35:56,095 - DEBUG - Probando numero_fotos:3
2025-09-03 02:36:02,553 - DEBUG - Probando numero_fotos:3
2025-09-03 02:36:02,555 - DEBUG - Probando numero_fotos:3
2025-09-03 02:36:07,615 - DEBUG - Probando numero_fotos:3
2025-09-03 02:36:07,636 - DEBUG - Probando numero_fotos:3
2025-09-03 02:36:17,710 - DEBUG - Probando numero_fotos:3
2025-09-03 02:36:17,728 - DEBUG - Probando numero_fotos:3
2025-09-03 02:36:19,053 - DEBUG - Probando numero_fotos:3
2025-09-03 02:36:19,055 - DEBUG - Probando numero_fotos:3
2025-09-03 02:36:35,538 - DEBUG - Probando numero_fotos:3
2025-09-03 02:36:35,540 - DEBUG - Probando numero_fotos:3
2025-09-03 02:44:48,639 - DEBUG - Probando numero_fotos:3
2025-09-03 02:44:48,647 - DEBUG - Probando numero_fotos:3
2025-09-03 02:44:53,236 - DEBUG - Probando numero_fotos:3
2025-09-03 02:44:53,242 - DEBUG - Probando numero_fotos:3
2025-09-03 02:45:10,315 - DEBUG - Probando numero_fotos:3
2025-09-03 02:45:10,321 - DEBUG - Probando numero_fotos:3
2025-09-03 02:45:14,850 - DEBUG - Probando numero_fotos:3
2025-09-03 02:45:14,851 - DEBUG - Probando numero_fotos:3
