2025-07-25 18:27:34,331 - DEBUG - ────────────────────────────────────────────────────────────────────────────────────────────────────────────────────────
2025-07-25 18:27:34,334 - DEBUG - 🎯 Endpoint /search activado correctamente
2025-07-25 18:27:34,334 - DEBUG - 📨 Payload recibido: {"rows": [{"text": "saracarceller", "dropdown1": "Opci\u00f3n 1", "dropdown2": "Nombre de usuario", "selectedOption1": "Instagram", "selectedOption2": "Nombre de usuario", "optionsForDropdown2": ["Nombre de usuario"], "numPhotos": 3}]}
2025-07-25 18:27:34,335 - DEBUG - Número de fotos: 3
2025-07-25 18:27:34,337 - DEBUG - 📂 Archivo user_info.json ya existe, cargando desde disco: C:\Users\jm_ay\Documents\0-TFM_Programacion\Proyecto_TFM\Gestion_Identidad\Instagram\busquedas\saracarceller\user_info.json
2025-07-25 18:27:34,376 - DEBUG - ✅ Usuario saracarceller preparado. user_id: 476165384
2025-07-25 18:27:34,377 - DEBUG - 📂 Archivo user_posts.json ya existe: C:\Users\jm_ay\Documents\0-TFM_Programacion\Proyecto_TFM\Gestion_Identidad\Instagram\busquedas\saracarceller\user_posts.json, cargando.
2025-07-25 18:27:34,398 - DEBUG - 📂 full_information ya existe: C:\Users\jm_ay\Documents\0-TFM_Programacion\Proyecto_TFM\Gestion_Identidad\Instagram\busquedas\saracarceller\3\full_information_3_posts.json, no se regenera.
2025-07-25 18:27:34,426 - DEBUG - 📦 search finalizado. Enviando datos de saracarceller con 3 fotos.
2025-07-25 18:27:36,254 - DEBUG - 📥 extract_posts activado
2025-07-25 18:27:36,255 - DEBUG - 📂 user_info.json encontrado en: C:\Users\jm_ay\Documents\0-TFM_Programacion\Proyecto_TFM\Gestion_Identidad\Instagram\busquedas\saracarceller\user_info.json
2025-07-25 18:27:36,260 - DEBUG - ✅ user_posts.json ya existe y no se reejecuta: C:\Users\jm_ay\Documents\0-TFM_Programacion\Proyecto_TFM\Gestion_Identidad\Instagram\busquedas\saracarceller\5\user_posts.json
2025-07-25 19:54:08,640 - DEBUG - ────────────────────────────────────────────────────────────────────────────────────────────────────────────────────────
2025-07-25 19:54:08,647 - DEBUG - 🎯 Endpoint /search activado correctamente
2025-07-25 19:54:08,651 - DEBUG - 📨 Payload recibido: {"rows": [{"text": "saracarceller", "dropdown1": "Opci\u00f3n 1", "dropdown2": "Nombre de usuario", "selectedOption1": "Instagram", "selectedOption2": "Nombre de usuario", "optionsForDropdown2": ["Nombre de usuario"], "numPhotos": 3}, {"text": "", "dropdown1": "", "dropdown2": "", "selectedOption1": "", "selectedOption2": "", "optionsForDropdown2": ["Nombre de usuario", "N\u00ba Tel\u00e9fono", "Email", "DNI"], "numPhotos": 3}]}
2025-07-25 19:54:08,652 - DEBUG - Número de fotos: 3
2025-07-25 19:54:08,657 - DEBUG - 📂 Archivo user_info.json ya existe, cargando desde disco: C:\Users\jm_ay\Documents\0-TFM_Programacion\Proyecto_TFM\Gestion_Identidad\Instagram\busquedas\saracarceller\user_info.json
2025-07-25 19:54:08,699 - DEBUG - ✅ Usuario saracarceller preparado. user_id: 476165384
2025-07-25 19:54:08,700 - DEBUG - 📂 Archivo user_posts.json ya existe: C:\Users\jm_ay\Documents\0-TFM_Programacion\Proyecto_TFM\Gestion_Identidad\Instagram\busquedas\saracarceller\user_posts.json, cargando.
2025-07-25 19:54:08,721 - DEBUG - 📂 full_information ya existe: C:\Users\jm_ay\Documents\0-TFM_Programacion\Proyecto_TFM\Gestion_Identidad\Instagram\busquedas\saracarceller\3\full_information_3_posts.json, no se regenera.
2025-07-25 19:54:08,749 - DEBUG - 📦 search finalizado. Enviando datos de saracarceller con 3 fotos.
2025-07-25 19:54:10,055 - DEBUG - 📥 extract_posts activado
2025-07-25 19:54:10,060 - DEBUG - 📂 user_info.json encontrado en: C:\Users\jm_ay\Documents\0-TFM_Programacion\Proyecto_TFM\Gestion_Identidad\Instagram\busquedas\saracarceller\user_info.json
2025-07-25 19:54:10,071 - DEBUG - ✅ user_posts.json ya existe y no se reejecuta: C:\Users\jm_ay\Documents\0-TFM_Programacion\Proyecto_TFM\Gestion_Identidad\Instagram\busquedas\saracarceller\5\user_posts.json
2025-07-25 19:55:23,890 - DEBUG - ────────────────────────────────────────────────────────────────────────────────────────────────────────────────────────
2025-07-25 19:55:23,892 - DEBUG - 🎯 Endpoint /search activado correctamente
2025-07-25 19:55:23,892 - DEBUG - 📨 Payload recibido: {"rows": [{"text": "saracarceller", "dropdown1": "Opci\u00f3n 1", "dropdown2": "Nombre de usuario", "selectedOption1": "Instagram", "selectedOption2": "Nombre de usuario", "optionsForDropdown2": ["Nombre de usuario"], "numPhotos": 3}]}
2025-07-25 19:55:23,898 - DEBUG - Número de fotos: 3
2025-07-25 19:55:23,898 - DEBUG - 📂 Archivo user_info.json ya existe, cargando desde disco: C:\Users\jm_ay\Documents\0-TFM_Programacion\Proyecto_TFM\Gestion_Identidad\Instagram\busquedas\saracarceller\user_info.json
2025-07-25 19:55:23,905 - DEBUG - ✅ Usuario saracarceller preparado. user_id: 476165384
2025-07-25 19:55:23,906 - DEBUG - 📂 Archivo user_posts.json ya existe: C:\Users\jm_ay\Documents\0-TFM_Programacion\Proyecto_TFM\Gestion_Identidad\Instagram\busquedas\saracarceller\user_posts.json, cargando.
2025-07-25 19:55:23,924 - DEBUG - 📂 full_information ya existe: C:\Users\jm_ay\Documents\0-TFM_Programacion\Proyecto_TFM\Gestion_Identidad\Instagram\busquedas\saracarceller\3\full_information_3_posts.json, no se regenera.
2025-07-25 19:55:23,939 - DEBUG - 📦 search finalizado. Enviando datos de saracarceller con 3 fotos.
2025-07-25 19:55:24,985 - DEBUG - 📥 extract_posts activado
2025-07-25 19:55:24,990 - DEBUG - 📂 user_info.json encontrado en: C:\Users\jm_ay\Documents\0-TFM_Programacion\Proyecto_TFM\Gestion_Identidad\Instagram\busquedas\saracarceller\user_info.json
2025-07-25 19:55:24,998 - DEBUG - ✅ user_posts.json ya existe y no se reejecuta: C:\Users\jm_ay\Documents\0-TFM_Programacion\Proyecto_TFM\Gestion_Identidad\Instagram\busquedas\saracarceller\5\user_posts.json
2025-07-25 20:10:28,727 - DEBUG - 📥 extract_posts activado
2025-07-25 20:10:28,735 - DEBUG - 📂 user_info.json encontrado en: C:\Users\jm_ay\Documents\0-TFM_Programacion\Proyecto_TFM\Gestion_Identidad\Instagram\busquedas\saracarceller\user_info.json
2025-07-25 20:10:28,750 - DEBUG - ✅ user_posts.json ya existe y no se reejecuta: C:\Users\jm_ay\Documents\0-TFM_Programacion\Proyecto_TFM\Gestion_Identidad\Instagram\busquedas\saracarceller\5\user_posts.json
2025-07-26 20:13:48,370 - DEBUG - ────────────────────────────────────────────────────────────────────────────────────────────────────────────────────────
2025-07-26 20:13:48,394 - DEBUG - 🎯 Endpoint /search activado correctamente
2025-07-26 20:13:48,396 - DEBUG - 📨 Payload recibido: {"rows": [{"text": "saracarceller", "dropdown1": "Opci\u00f3n 1", "dropdown2": "Nombre de usuario", "selectedOption1": "Instagram", "selectedOption2": "Nombre de usuario", "optionsForDropdown2": ["Nombre de usuario"], "numPhotos": 3}]}
2025-07-26 20:13:48,402 - DEBUG - Número de fotos: 3
2025-07-26 20:13:48,438 - DEBUG - 📂 Archivo user_info.json ya existe, cargando desde disco: C:\Users\jm_ay\Documents\0-TFM_Programacion\Proyecto_TFM\Gestion_Identidad\Instagram\busquedas\saracarceller\user_info.json
2025-07-26 20:13:48,576 - DEBUG - ✅ Usuario saracarceller preparado. user_id: 476165384
2025-07-26 20:13:48,578 - DEBUG - 📂 Archivo user_posts.json ya existe: C:\Users\jm_ay\Documents\0-TFM_Programacion\Proyecto_TFM\Gestion_Identidad\Instagram\busquedas\saracarceller\user_posts.json, cargando.
2025-07-26 20:13:48,665 - DEBUG - 📂 full_information ya existe: C:\Users\jm_ay\Documents\0-TFM_Programacion\Proyecto_TFM\Gestion_Identidad\Instagram\busquedas\saracarceller\3\full_information_3_posts.json, no se regenera.
2025-07-26 20:13:48,836 - DEBUG - 📦 search finalizado. Enviando datos de saracarceller con 3 fotos.
2025-07-26 20:13:50,206 - DEBUG - 📥 extract_posts activado
2025-07-26 20:13:50,210 - DEBUG - 📂 user_info.json encontrado en: C:\Users\jm_ay\Documents\0-TFM_Programacion\Proyecto_TFM\Gestion_Identidad\Instagram\busquedas\saracarceller\user_info.json
2025-07-26 20:13:50,215 - DEBUG - ✅ user_posts.json ya existe y no se reejecuta: C:\Users\jm_ay\Documents\0-TFM_Programacion\Proyecto_TFM\Gestion_Identidad\Instagram\busquedas\saracarceller\5\user_posts.json
2025-07-26 20:13:52,694 - DEBUG - 📥 extract_posts activado
2025-07-26 20:13:52,696 - DEBUG - 📂 user_info.json encontrado en: C:\Users\jm_ay\Documents\0-TFM_Programacion\Proyecto_TFM\Gestion_Identidad\Instagram\busquedas\saracarceller\user_info.json
2025-07-26 20:13:52,708 - DEBUG - ✅ user_posts.json ya existe y no se reejecuta: C:\Users\jm_ay\Documents\0-TFM_Programacion\Proyecto_TFM\Gestion_Identidad\Instagram\busquedas\saracarceller\5\user_posts.json
2025-07-26 20:13:55,349 - DEBUG - 📥 extract_posts activado
2025-07-26 20:13:55,352 - DEBUG - 📂 user_info.json encontrado en: C:\Users\jm_ay\Documents\0-TFM_Programacion\Proyecto_TFM\Gestion_Identidad\Instagram\busquedas\saracarceller\user_info.json
2025-07-26 20:13:55,360 - DEBUG - ✅ user_posts.json ya existe y no se reejecuta: C:\Users\jm_ay\Documents\0-TFM_Programacion\Proyecto_TFM\Gestion_Identidad\Instagram\busquedas\saracarceller\5\user_posts.json
2025-07-26 20:16:53,593 - DEBUG - ────────────────────────────────────────────────────────────────────────────────────────────────────────────────────────
2025-07-26 20:16:53,598 - DEBUG - 🎯 Endpoint /search activado correctamente
2025-07-26 20:16:53,599 - DEBUG - 📨 Payload recibido: {"rows": [{"text": "saracarceller", "dropdown1": "Opci\u00f3n 1", "dropdown2": "Nombre de usuario", "selectedOption1": "Instagram", "selectedOption2": "Nombre de usuario", "optionsForDropdown2": ["Nombre de usuario"], "numPhotos": 3}]}
2025-07-26 20:16:53,599 - DEBUG - Número de fotos: 3
2025-07-26 20:16:53,600 - DEBUG - 📂 Archivo user_info.json ya existe, cargando desde disco: C:\Users\jm_ay\Documents\0-TFM_Programacion\Proyecto_TFM\Gestion_Identidad\Instagram\busquedas\saracarceller\user_info.json
2025-07-26 20:16:53,607 - DEBUG - ✅ Usuario saracarceller preparado. user_id: 476165384
2025-07-26 20:16:53,607 - DEBUG - 📂 Archivo user_posts.json ya existe: C:\Users\jm_ay\Documents\0-TFM_Programacion\Proyecto_TFM\Gestion_Identidad\Instagram\busquedas\saracarceller\user_posts.json, cargando.
2025-07-26 20:16:53,611 - DEBUG - 📂 full_information ya existe: C:\Users\jm_ay\Documents\0-TFM_Programacion\Proyecto_TFM\Gestion_Identidad\Instagram\busquedas\saracarceller\3\full_information_3_posts.json, no se regenera.
2025-07-26 20:16:53,617 - DEBUG - 📦 search finalizado. Enviando datos de saracarceller con 3 fotos.
2025-07-26 20:16:54,785 - DEBUG - 📥 extract_posts activado
2025-07-26 20:16:54,789 - DEBUG - 📂 user_info.json encontrado en: C:\Users\jm_ay\Documents\0-TFM_Programacion\Proyecto_TFM\Gestion_Identidad\Instagram\busquedas\saracarceller\user_info.json
2025-07-26 20:16:54,798 - DEBUG - ✅ user_posts.json ya existe y no se reejecuta: C:\Users\jm_ay\Documents\0-TFM_Programacion\Proyecto_TFM\Gestion_Identidad\Instagram\busquedas\saracarceller\5\user_posts.json
2025-07-26 21:48:19,435 - DEBUG - ────────────────────────────────────────────────────────────────────────────────────────────────────────────────────────
2025-07-26 21:48:19,438 - DEBUG - 🎯 Endpoint /search activado correctamente
2025-07-26 21:48:19,438 - DEBUG - 📨 Payload recibido: {"rows": [{"text": "saracarceller", "dropdown1": "Opci\u00f3n 1", "dropdown2": "Nombre de usuario", "selectedOption1": "Instagram", "selectedOption2": "Nombre de usuario", "optionsForDropdown2": ["Nombre de usuario"], "numPhotos": 3}]}
2025-07-26 21:48:19,439 - DEBUG - Número de fotos: 3
2025-07-26 21:48:19,442 - DEBUG - 📂 Archivo user_info.json ya existe, cargando desde disco: C:\Users\jm_ay\Documents\0-TFM_Programacion\Proyecto_TFM\Gestion_Identidad\Instagram\busquedas\saracarceller\user_info.json
2025-07-26 21:48:19,450 - DEBUG - ✅ Usuario saracarceller preparado. user_id: 476165384
2025-07-26 21:48:19,451 - DEBUG - 📂 Archivo user_posts.json ya existe: C:\Users\jm_ay\Documents\0-TFM_Programacion\Proyecto_TFM\Gestion_Identidad\Instagram\busquedas\saracarceller\user_posts.json, cargando.
2025-07-26 21:48:19,456 - DEBUG - 📂 full_information ya existe: C:\Users\jm_ay\Documents\0-TFM_Programacion\Proyecto_TFM\Gestion_Identidad\Instagram\busquedas\saracarceller\3\full_information_3_posts.json, no se regenera.
2025-07-26 21:48:19,461 - DEBUG - 📦 search finalizado. Enviando datos de saracarceller con 3 fotos.
2025-07-26 21:48:21,220 - DEBUG - 📥 extract_posts activado
2025-07-26 21:48:21,225 - DEBUG - 📂 user_info.json encontrado en: C:\Users\jm_ay\Documents\0-TFM_Programacion\Proyecto_TFM\Gestion_Identidad\Instagram\busquedas\saracarceller\user_info.json
2025-07-26 21:48:21,235 - DEBUG - ✅ user_posts.json ya existe y no se reejecuta: C:\Users\jm_ay\Documents\0-TFM_Programacion\Proyecto_TFM\Gestion_Identidad\Instagram\busquedas\saracarceller\5\user_posts.json
