2025-08-27 17:15:41,848 - DEBUG - ────────────────────────────────────────────────────────────────────────────────────────────────────────────────────────
2025-08-27 17:15:41,850 - DEBUG - 🎯 Endpoint /search activado correctamente
2025-08-27 17:15:41,850 - DEBUG - 📨 Payload recibido: {"rows": [{"text": "sergiamen97", "dropdown1": "Opci\u00f3n 1", "dropdown2": "Nombre de usuario", "selectedOption1": "Instagram", "selectedOption2": "Nombre de usuario", "optionsForDropdown2": ["Nombre de usuario"], "numPhotos": 3}]}
2025-08-27 17:15:41,850 - DEBUG - Número de fotos: 3
2025-08-27 17:15:41,851 - DEBUG - 📂 Archivo user_info.json ya existe, cargando desde disco: C:\Users\jm_ay\Documents\0-TFM_Programacion\Proyecto_TFM\Gestion_Identidad\Instagram\busquedas\sergiamen97\user_info.json
2025-08-27 17:15:41,894 - DEBUG - ✅ Usuario sergiamen97 preparado. user_id: 564181243
2025-08-27 17:15:41,895 - DEBUG - 📂 Archivo user_posts.json ya existe: C:\Users\jm_ay\Documents\0-TFM_Programacion\Proyecto_TFM\Gestion_Identidad\Instagram\busquedas\sergiamen97\user_posts.json, cargando.
2025-08-27 17:15:41,913 - DEBUG - 📂 full_information ya existe: C:\Users\jm_ay\Documents\0-TFM_Programacion\Proyecto_TFM\Gestion_Identidad\Instagram\busquedas\sergiamen97\3\full_information_3_posts.json, no se regenera.
2025-08-27 17:15:41,936 - DEBUG - 📦 search finalizado. Enviando datos de sergiamen97 con 3 fotos.
2025-08-27 17:42:46,748 - DEBUG - ────────────────────────────────────────────────────────────────────────────────────────────────────────────────────────
2025-08-27 17:42:46,753 - DEBUG - 🎯 Endpoint /search activado correctamente
2025-08-27 17:42:46,754 - DEBUG - 📨 Payload recibido: {"rows": [{"text": "Jose Maria Aymerich Sanchez", "dropdown1": "", "dropdown2": "Nombre y apellidos", "selectedOption1": "", "selectedOption2": "Nombre y apellidos", "optionsForDropdown2": ["Nombre y apellidos", "Nombre de usuario", "N\u00ba Tel\u00e9fono", "Email", "DNI"], "numPhotos": 3}]}
2025-08-27 17:42:46,755 - DEBUG - Número de fotos: 3
2025-08-27 17:46:52,897 - DEBUG - ────────────────────────────────────────────────────────────────────────────────────────────────────────────────────────
2025-08-27 17:46:52,897 - DEBUG - 🎯 Endpoint /search activado correctamente
2025-08-27 17:46:52,898 - DEBUG - 📨 Payload recibido: {"rows": [{"text": "Jose Maria Aymerich Sanchez", "dropdown1": "", "dropdown2": "Nombre y apellidos", "selectedOption1": "", "selectedOption2": "Nombre y apellidos", "optionsForDropdown2": ["Nombre y apellidos", "Nombre de usuario", "N\u00ba Tel\u00e9fono", "Email", "DNI"], "numPhotos": 3}]}
2025-08-27 17:46:52,898 - DEBUG - Número de fotos: 3
2025-08-27 19:28:30,999 - DEBUG - ────────────────────────────────────────────────────────────────────────────────────────────────────────────────────────
2025-08-27 19:28:30,999 - DEBUG - 🎯 Endpoint /search activado correctamente
2025-08-27 19:28:31,000 - DEBUG - 📨 Payload recibido: {"rows": [{"text": "Jose Maria Aymerich Sanchez", "dropdown1": "", "dropdown2": "Nombre y apellidos", "selectedOption1": "", "selectedOption2": "Nombre y apellidos", "optionsForDropdown2": ["Nombre y apellidos", "Nombre de usuario", "N\u00ba Tel\u00e9fono", "Email", "DNI"], "numPhotos": 3}]}
2025-08-27 19:28:31,000 - DEBUG - Número de fotos: 3
2025-08-27 19:45:22,239 - DEBUG - ────────────────────────────────────────────────────────────────────────────────────────────────────────────────────────
2025-08-27 19:45:22,241 - DEBUG - 🎯 Endpoint /search activado correctamente
2025-08-27 19:45:22,241 - DEBUG - 📨 Payload recibido: {"rows": [{"text": "Jose Maria Aymerich Sanchez", "dropdown1": "", "dropdown2": "Nombre y apellidos", "selectedOption1": "", "selectedOption2": "Nombre y apellidos", "optionsForDropdown2": ["Nombre y apellidos", "Nombre de usuario", "N\u00ba Tel\u00e9fono", "Email", "DNI"], "numPhotos": 3}]}
2025-08-27 19:45:22,242 - DEBUG - Número de fotos: 3
2025-08-27 20:13:40,405 - DEBUG - ────────────────────────────────────────────────────────────────────────────────────────────────────────────────────────
2025-08-27 20:13:40,406 - DEBUG - 🎯 Endpoint /search activado correctamente
2025-08-27 20:13:40,406 - DEBUG - 📨 Payload recibido: {"rows": [{"text": "Jose Maria Aymerich Sanchez", "dropdown1": "", "dropdown2": "Nombre y apellidos", "selectedOption1": "", "selectedOption2": "Nombre y apellidos", "optionsForDropdown2": ["Nombre y apellidos", "Nombre de usuario", "N\u00ba Tel\u00e9fono", "Email", "DNI"], "numPhotos": 3}]}
2025-08-27 20:13:40,406 - DEBUG - Número de fotos: 3
2025-08-28 10:18:38,718 - DEBUG - ────────────────────────────────────────────────────────────────────────────────────────────────────────────────────────
2025-08-28 10:18:38,726 - DEBUG - 🎯 Endpoint /search activado correctamente
2025-08-28 10:18:38,727 - DEBUG - 📨 Payload recibido: {"rows": [{"text": "Jose Maria Aymerich Sanchez", "dropdown1": "", "dropdown2": "Nombre y apellidos", "selectedOption1": "", "selectedOption2": "Nombre y apellidos", "optionsForDropdown2": ["Nombre y apellidos", "Nombre de usuario", "N\u00ba Tel\u00e9fono", "Email", "DNI"], "numPhotos": 3}]}
2025-08-28 10:18:38,730 - DEBUG - Número de fotos: 3
2025-08-28 10:43:05,072 - DEBUG - ────────────────────────────────────────────────────────────────────────────────────────────────────────────────────────
2025-08-28 10:43:05,075 - DEBUG - 🎯 Endpoint /search activado correctamente
2025-08-28 10:43:05,075 - DEBUG - 📨 Payload recibido: {"rows": [{"text": "Jose Maria Aymerich Sanchez", "dropdown1": "", "dropdown2": "Nombre y apellidos", "selectedOption1": "", "selectedOption2": "Nombre y apellidos", "optionsForDropdown2": ["Nombre y apellidos", "Nombre de usuario", "N\u00ba Tel\u00e9fono", "Email", "DNI"], "numPhotos": 3}]}
2025-08-28 10:43:05,077 - DEBUG - Número de fotos: 3
2025-08-28 11:16:00,810 - DEBUG - ────────────────────────────────────────────────────────────────────────────────────────────────────────────────────────
2025-08-28 11:16:00,811 - DEBUG - 🎯 Endpoint /search activado correctamente
2025-08-28 11:16:00,812 - DEBUG - 📨 Payload recibido: {"rows": [{"text": "Jose Maria Aymerich Sanchez", "dropdown1": "", "dropdown2": "Nombre y apellidos", "selectedOption1": "", "selectedOption2": "Nombre y apellidos", "optionsForDropdown2": ["Nombre y apellidos", "Nombre de usuario", "N\u00ba Tel\u00e9fono", "Email", "DNI"], "numPhotos": 3}]}
2025-08-28 11:16:00,813 - DEBUG - Número de fotos: 3
