2025-08-29 13:09:13,149 - DEBUG - Número de fotos: 3
2025-08-29 13:09:13,158 - DEBUG - 📂 Archivo user_info.json ya existe: C:\Users\jm_ay\Documents\0-TFM_Programacion\Proyecto_TFM\Gestion_Identidad\Instagram\busquedas\sergiamen97\user_info.json
2025-08-29 13:09:13,186 - DEBUG - ✅ Usuario sergiamen97 preparado. user_id: 564181243
2025-08-29 13:09:13,187 - DEBUG - 📂 user_posts.json ya existe: C:\Users\jm_ay\Documents\0-TFM_Programacion\Proyecto_TFM\Gestion_Identidad\Instagram\busquedas\sergiamen97\user_posts.json
2025-08-29 13:09:13,219 - DEBUG - 📦 search finalizado. Enviando datos de sergiamen97 con 3 fotos.
2025-08-29 13:09:15,206 - DEBUG - 📥 extract_posts activado
2025-08-29 13:09:51,694 - DEBUG - 📥 extract_posts activado
2025-08-29 13:10:11,895 - DEBUG - Número de fotos: 3
2025-08-29 13:10:11,897 - DEBUG - 📂 Archivo user_info.json ya existe: C:\Users\jm_ay\Documents\0-TFM_Programacion\Proyecto_TFM\Gestion_Identidad\Instagram\busquedas\sergiamen97\user_info.json
2025-08-29 13:10:11,909 - DEBUG - ✅ Usuario sergiamen97 preparado. user_id: 564181243
2025-08-29 13:10:11,910 - DEBUG - 📂 user_posts.json ya existe: C:\Users\jm_ay\Documents\0-TFM_Programacion\Proyecto_TFM\Gestion_Identidad\Instagram\busquedas\sergiamen97\user_posts.json
2025-08-29 13:10:11,925 - DEBUG - 📦 search finalizado. Enviando datos de sergiamen97 con 3 fotos.
2025-08-29 13:10:13,403 - DEBUG - 📥 extract_posts activado
2025-08-29 14:50:40,678 - DEBUG - Número de fotos: 3
2025-08-29 14:50:40,680 - DEBUG - 📂 Archivo user_info.json ya existe: C:\Users\jm_ay\Documents\0-TFM_Programacion\Proyecto_TFM\Gestion_Identidad\Instagram\busquedas\sergiamen97\user_info.json
2025-08-29 14:50:40,689 - DEBUG - ✅ Usuario sergiamen97 preparado. user_id: 564181243
2025-08-29 14:50:40,690 - DEBUG - 📂 user_posts.json ya existe: C:\Users\jm_ay\Documents\0-TFM_Programacion\Proyecto_TFM\Gestion_Identidad\Instagram\busquedas\sergiamen97\user_posts.json
2025-08-29 14:50:40,702 - DEBUG - 📦 search finalizado. Enviando datos de sergiamen97 con 3 fotos.
2025-08-29 14:50:42,168 - DEBUG - Probando numero_fotos:3
2025-08-29 14:50:42,171 - DEBUG - 📥 extract_posts activado
2025-08-29 14:50:42,174 - DEBUG - Probando numero_fotos:3
2025-08-29 14:50:42,175 - DEBUG - 📂 user_info.json encontrado en: C:\Users\jm_ay\Documents\0-TFM_Programacion\Proyecto_TFM\Gestion_Identidad\Instagram\busquedas\sergiamen97\user_info.json
2025-08-29 14:50:42,197 - DEBUG - ✅ user_posts.json ya existe y no se reejecuta: C:\Users\jm_ay\Documents\0-TFM_Programacion\Proyecto_TFM\Gestion_Identidad\Instagram\busquedas\sergiamen97\3\user_posts.json
2025-08-29 14:51:26,061 - DEBUG - Número de fotos: 3
2025-08-29 14:51:26,061 - DEBUG - 📂 Archivo user_info.json ya existe: C:\Users\jm_ay\Documents\0-TFM_Programacion\Proyecto_TFM\Gestion_Identidad\Instagram\busquedas\sergiamen97\user_info.json
2025-08-29 14:51:26,065 - DEBUG - ✅ Usuario sergiamen97 preparado. user_id: 564181243
2025-08-29 14:51:26,065 - DEBUG - 📂 user_posts.json ya existe: C:\Users\jm_ay\Documents\0-TFM_Programacion\Proyecto_TFM\Gestion_Identidad\Instagram\busquedas\sergiamen97\user_posts.json
2025-08-29 14:51:26,068 - DEBUG - 📦 search finalizado. Enviando datos de sergiamen97 con 3 fotos.
2025-08-29 14:51:34,176 - DEBUG - 📥 extract_posts activado
2025-08-29 14:52:16,180 - DEBUG - 📥 extract_posts activado
