2025-08-28 16:45:47,551 - DEBUG - Número de fotos: 3
2025-08-28 16:45:47,554 - DEBUG - 📂 Archivo user_info.json ya existe: C:\Users\jm_ay\Documents\0-TFM_Programacion\Proyecto_TFM\Gestion_Identidad\Instagram\busquedas\sergiamen97\user_info.json
2025-08-28 16:45:47,571 - DEBUG - ✅ Usuario sergiamen97 preparado. user_id: 564181243
2025-08-28 16:45:47,572 - DEBUG - 📂 user_posts.json ya existe: C:\Users\jm_ay\Documents\0-TFM_Programacion\Proyecto_TFM\Gestion_Identidad\Instagram\busquedas\sergiamen97\user_posts.json
2025-08-28 16:45:47,584 - DEBUG - 📦 search finalizado. Enviando datos de sergiamen97 con 3 fotos.
2025-08-28 17:12:11,296 - DEBUG - Número de fotos: 3
2025-08-28 17:12:11,299 - DEBUG - 📂 Archivo user_info.json ya existe: C:\Users\jm_ay\Documents\0-TFM_Programacion\Proyecto_TFM\Gestion_Identidad\Instagram\busquedas\sergiamen97\user_info.json
2025-08-28 17:12:11,317 - DEBUG - ✅ Usuario sergiamen97 preparado. user_id: 564181243
2025-08-28 17:12:11,317 - DEBUG - 📂 user_posts.json ya existe: C:\Users\jm_ay\Documents\0-TFM_Programacion\Proyecto_TFM\Gestion_Identidad\Instagram\busquedas\sergiamen97\user_posts.json
2025-08-28 17:12:11,332 - DEBUG - 📦 search finalizado. Enviando datos de sergiamen97 con 3 fotos.
2025-08-28 17:12:13,143 - DEBUG - Probando numero_fotos:3
2025-08-28 17:12:13,148 - DEBUG - 📥 extract_posts activado
2025-08-28 17:12:13,154 - DEBUG - Probando numero_fotos:3
2025-08-28 17:12:13,154 - DEBUG - 📂 user_info.json encontrado en: C:\Users\jm_ay\Documents\0-TFM_Programacion\Proyecto_TFM\Gestion_Identidad\Instagram\busquedas\sergiamen97\user_info.json
2025-08-28 17:12:13,171 - DEBUG - ✅ user_posts.json ya existe y no se reejecuta: C:\Users\jm_ay\Documents\0-TFM_Programacion\Proyecto_TFM\Gestion_Identidad\Instagram\busquedas\sergiamen97\3\user_posts.json
2025-08-28 18:21:43,965 - DEBUG - 📥 extract_posts activado
2025-08-28 19:37:07,428 - DEBUG - 📥 extract_posts activado
2025-08-28 20:55:32,380 - DEBUG - Número de fotos: 3
2025-08-28 20:55:32,385 - DEBUG - 📂 Archivo user_info.json ya existe: C:\Users\jm_ay\Documents\0-TFM_Programacion\Proyecto_TFM\Gestion_Identidad\Instagram\busquedas\sergiamen97\user_info.json
2025-08-28 20:55:32,581 - DEBUG - ✅ Usuario sergiamen97 preparado. user_id: 564181243
2025-08-28 20:55:32,583 - DEBUG - 📂 user_posts.json ya existe: C:\Users\jm_ay\Documents\0-TFM_Programacion\Proyecto_TFM\Gestion_Identidad\Instagram\busquedas\sergiamen97\user_posts.json
2025-08-28 20:55:32,675 - DEBUG - 📦 search finalizado. Enviando datos de sergiamen97 con 3 fotos.
2025-08-28 20:55:34,443 - DEBUG - Probando numero_fotos:3
2025-08-28 20:55:34,445 - DEBUG - 📥 extract_posts activado
2025-08-28 20:55:34,446 - DEBUG - Probando numero_fotos:3
2025-08-28 20:55:34,450 - DEBUG - 📂 user_info.json encontrado en: C:\Users\jm_ay\Documents\0-TFM_Programacion\Proyecto_TFM\Gestion_Identidad\Instagram\busquedas\sergiamen97\user_info.json
2025-08-28 20:55:34,507 - DEBUG - ✅ user_posts.json ya existe y no se reejecuta: C:\Users\jm_ay\Documents\0-TFM_Programacion\Proyecto_TFM\Gestion_Identidad\Instagram\busquedas\sergiamen97\3\user_posts.json
