2025-08-31 23:10:38,032 - DEBUG - Número de fotos: 3
2025-08-31 23:10:38,034 - DEBUG - 📂 Archivo user_info.json ya existe: C:\Users\jm_ay\Documents\0-TFM_Programacion\Proyecto_TFM\Gestion_Identidad\Instagram\busquedas\sergiamen97\user_info.json
2025-08-31 23:10:38,060 - DEBUG - ✅ Usuario sergiamen97 preparado. user_id: 564181243
2025-08-31 23:10:38,061 - DEBUG - 📂 user_posts.json ya existe: C:\Users\jm_ay\Documents\0-TFM_Programacion\Proyecto_TFM\Gestion_Identidad\Instagram\busquedas\sergiamen97\user_posts.json
2025-08-31 23:10:38,091 - DEBUG - 📦 search finalizado. Enviando datos de sergiamen97 con 3 fotos.
2025-08-31 23:10:42,201 - DEBUG - 📥 extract_posts activado
2025-08-31 23:11:20,373 - DEBUG - 📥 extract_posts activado
2025-08-31 23:11:54,322 - DEBUG - Número de fotos: 3
2025-08-31 23:11:54,323 - DEBUG - 📂 Archivo user_info.json ya existe: C:\Users\jm_ay\Documents\0-TFM_Programacion\Proyecto_TFM\Gestion_Identidad\Instagram\busquedas\sergiamen97\user_info.json
2025-08-31 23:11:54,329 - DEBUG - ✅ Usuario sergiamen97 preparado. user_id: 564181243
2025-08-31 23:11:54,329 - DEBUG - 📂 user_posts.json ya existe: C:\Users\jm_ay\Documents\0-TFM_Programacion\Proyecto_TFM\Gestion_Identidad\Instagram\busquedas\sergiamen97\user_posts.json
2025-08-31 23:11:54,335 - DEBUG - 📦 search finalizado. Enviando datos de sergiamen97 con 3 fotos.
2025-08-31 23:11:55,829 - DEBUG - Número de fotos: 3
2025-08-31 23:11:55,829 - DEBUG - 📂 Archivo user_info.json ya existe: C:\Users\jm_ay\Documents\0-TFM_Programacion\Proyecto_TFM\Gestion_Identidad\Instagram\busquedas\sergiamen97\user_info.json
2025-08-31 23:11:55,833 - DEBUG - ✅ Usuario sergiamen97 preparado. user_id: 564181243
2025-08-31 23:11:55,833 - DEBUG - 📂 user_posts.json ya existe: C:\Users\jm_ay\Documents\0-TFM_Programacion\Proyecto_TFM\Gestion_Identidad\Instagram\busquedas\sergiamen97\user_posts.json
2025-08-31 23:11:55,837 - DEBUG - 📦 search finalizado. Enviando datos de sergiamen97 con 3 fotos.
2025-08-31 23:11:55,859 - DEBUG - 📥 extract_posts activado
2025-08-31 23:11:55,860 - DEBUG - 📂 user_info.json encontrado en: C:\Users\jm_ay\Documents\0-TFM_Programacion\Proyecto_TFM\Gestion_Identidad\Instagram\busquedas\sergiamen97\user_info.json
2025-08-31 23:11:55,873 - DEBUG - ✅ user_posts.json ya existe y no se reejecuta: C:\Users\jm_ay\Documents\0-TFM_Programacion\Proyecto_TFM\Gestion_Identidad\Instagram\busquedas\sergiamen97\3\user_posts.json
2025-08-31 23:11:55,887 - DEBUG - Número de fotos: 3
2025-08-31 23:11:55,888 - DEBUG - 📂 Archivo user_info.json ya existe: C:\Users\jm_ay\Documents\0-TFM_Programacion\Proyecto_TFM\Gestion_Identidad\Instagram\busquedas\sergiamen97\user_info.json
2025-08-31 23:11:55,891 - DEBUG - ✅ Usuario sergiamen97 preparado. user_id: 564181243
2025-08-31 23:11:55,892 - DEBUG - 📂 user_posts.json ya existe: C:\Users\jm_ay\Documents\0-TFM_Programacion\Proyecto_TFM\Gestion_Identidad\Instagram\busquedas\sergiamen97\user_posts.json
2025-08-31 23:11:55,896 - DEBUG - 📦 search finalizado. Enviando datos de sergiamen97 con 3 fotos.
2025-08-31 23:30:48,218 - DEBUG - Número de fotos: 3
2025-08-31 23:30:48,219 - DEBUG - 📂 Archivo user_info.json ya existe: C:\Users\jm_ay\Documents\0-TFM_Programacion\Proyecto_TFM\Gestion_Identidad\Instagram\busquedas\sergiamen97\user_info.json
2025-08-31 23:30:48,227 - DEBUG - ✅ Usuario sergiamen97 preparado. user_id: 564181243
2025-08-31 23:30:48,227 - DEBUG - 📂 user_posts.json ya existe: C:\Users\jm_ay\Documents\0-TFM_Programacion\Proyecto_TFM\Gestion_Identidad\Instagram\busquedas\sergiamen97\user_posts.json
2025-08-31 23:30:48,235 - DEBUG - 📦 search finalizado. Enviando datos de sergiamen97 con 3 fotos.
2025-08-31 23:30:49,588 - DEBUG - Probando numero_fotos:3
2025-08-31 23:30:49,611 - DEBUG - 📥 extract_posts activado
2025-08-31 23:30:49,614 - DEBUG - 📂 user_info.json encontrado en: C:\Users\jm_ay\Documents\0-TFM_Programacion\Proyecto_TFM\Gestion_Identidad\Instagram\busquedas\sergiamen97\user_info.json
2025-08-31 23:30:49,620 - DEBUG - ✅ user_posts.json ya existe y no se reejecuta: C:\Users\jm_ay\Documents\0-TFM_Programacion\Proyecto_TFM\Gestion_Identidad\Instagram\busquedas\sergiamen97\3\user_posts.json
2025-08-31 23:30:49,629 - DEBUG - Probando numero_fotos:3
2025-08-31 23:31:34,335 - DEBUG - Número de fotos: 3
2025-08-31 23:31:34,336 - DEBUG - 📂 Archivo user_info.json ya existe: C:\Users\jm_ay\Documents\0-TFM_Programacion\Proyecto_TFM\Gestion_Identidad\Instagram\busquedas\sergiamen97\user_info.json
2025-08-31 23:31:34,342 - DEBUG - ✅ Usuario sergiamen97 preparado. user_id: 564181243
2025-08-31 23:31:34,342 - DEBUG - 📂 user_posts.json ya existe: C:\Users\jm_ay\Documents\0-TFM_Programacion\Proyecto_TFM\Gestion_Identidad\Instagram\busquedas\sergiamen97\user_posts.json
2025-08-31 23:31:34,349 - DEBUG - 📦 search finalizado. Enviando datos de sergiamen97 con 3 fotos.
2025-08-31 23:31:34,350 - DEBUG - Número de fotos: 3
2025-08-31 23:31:34,354 - DEBUG - 📂 Archivo user_info.json ya existe: C:\Users\jm_ay\Documents\0-TFM_Programacion\Proyecto_TFM\Gestion_Identidad\Instagram\busquedas\chemacanario\user_info.json
2025-08-31 23:31:34,382 - DEBUG - ✅ Usuario chemacanario preparado. user_id: 573148928
2025-08-31 23:31:34,382 - DEBUG - 📂 user_posts.json ya existe: C:\Users\jm_ay\Documents\0-TFM_Programacion\Proyecto_TFM\Gestion_Identidad\Instagram\busquedas\chemacanario\user_posts.json
2025-08-31 23:31:34,402 - DEBUG - 📦 search finalizado. Enviando datos de chemacanario con 3 fotos.
2025-08-31 23:31:35,701 - DEBUG - 📥 extract_posts activado
2025-08-31 23:48:11,679 - DEBUG - Número de fotos: 3
2025-08-31 23:48:11,682 - DEBUG - 📂 Archivo user_info.json ya existe: C:\Users\jm_ay\Documents\0-TFM_Programacion\Proyecto_TFM\Gestion_Identidad\Instagram\busquedas\sergiamen97\user_info.json
2025-08-31 23:48:11,695 - DEBUG - ✅ Usuario sergiamen97 preparado. user_id: 564181243
2025-08-31 23:48:11,696 - DEBUG - 📂 user_posts.json ya existe: C:\Users\jm_ay\Documents\0-TFM_Programacion\Proyecto_TFM\Gestion_Identidad\Instagram\busquedas\sergiamen97\user_posts.json
2025-08-31 23:48:11,714 - DEBUG - 📦 search finalizado. Enviando datos de sergiamen97 con 3 fotos.
2025-08-31 23:48:13,335 - DEBUG - Probando numero_fotos:3
2025-08-31 23:48:13,337 - DEBUG - 📥 extract_posts activado
2025-08-31 23:48:13,339 - DEBUG - 📂 user_info.json encontrado en: C:\Users\jm_ay\Documents\0-TFM_Programacion\Proyecto_TFM\Gestion_Identidad\Instagram\busquedas\sergiamen97\user_info.json
2025-08-31 23:48:13,341 - DEBUG - Probando numero_fotos:3
2025-08-31 23:48:13,360 - DEBUG - ✅ user_posts.json ya existe y no se reejecuta: C:\Users\jm_ay\Documents\0-TFM_Programacion\Proyecto_TFM\Gestion_Identidad\Instagram\busquedas\sergiamen97\3\user_posts.json
2025-09-01 02:04:30,808 - DEBUG - Número de fotos: 3
2025-09-01 02:04:30,812 - DEBUG - 📂 Archivo user_info.json ya existe: C:\Users\jm_ay\Documents\0-TFM_Programacion\Proyecto_TFM\Gestion_Identidad\Instagram\busquedas\sergiamen97\user_info.json
2025-09-01 02:04:30,827 - DEBUG - ✅ Usuario sergiamen97 preparado. user_id: 564181243
2025-09-01 02:04:30,827 - DEBUG - 📂 user_posts.json ya existe: C:\Users\jm_ay\Documents\0-TFM_Programacion\Proyecto_TFM\Gestion_Identidad\Instagram\busquedas\sergiamen97\user_posts.json
2025-09-01 02:04:30,839 - DEBUG - 📦 search finalizado. Enviando datos de sergiamen97 con 3 fotos.
2025-09-01 02:04:34,095 - DEBUG - Probando numero_fotos:3
2025-09-01 02:04:34,116 - DEBUG - 📥 extract_posts activado
2025-09-01 02:04:34,117 - DEBUG - 📂 user_info.json encontrado en: C:\Users\jm_ay\Documents\0-TFM_Programacion\Proyecto_TFM\Gestion_Identidad\Instagram\busquedas\sergiamen97\user_info.json
2025-09-01 02:04:34,120 - DEBUG - ✅ user_posts.json ya existe y no se reejecuta: C:\Users\jm_ay\Documents\0-TFM_Programacion\Proyecto_TFM\Gestion_Identidad\Instagram\busquedas\sergiamen97\3\user_posts.json
2025-09-01 02:04:34,129 - DEBUG - Probando numero_fotos:3
2025-09-01 02:05:54,325 - DEBUG - Número de fotos: 3
2025-09-01 02:05:54,326 - DEBUG - 📂 Archivo user_info.json ya existe: C:\Users\jm_ay\Documents\0-TFM_Programacion\Proyecto_TFM\Gestion_Identidad\Instagram\busquedas\sergiamen97\user_info.json
2025-09-01 02:05:54,332 - DEBUG - ✅ Usuario sergiamen97 preparado. user_id: 564181243
2025-09-01 02:05:54,332 - DEBUG - 📂 user_posts.json ya existe: C:\Users\jm_ay\Documents\0-TFM_Programacion\Proyecto_TFM\Gestion_Identidad\Instagram\busquedas\sergiamen97\user_posts.json
2025-09-01 02:05:54,339 - DEBUG - 📦 search finalizado. Enviando datos de sergiamen97 con 3 fotos.
2025-09-01 02:05:59,995 - DEBUG - 📥 extract_posts activado
