2025-09-07 21:54:40,217 - DEBUG - ────────────────────────────────────────────────────────────────────────────────────────────────────────────────────────
2025-09-07 22:06:33,426 - DEBUG - ────────────────────────────────────────────────────────────────────────────────────────────────────────────────────────
2025-09-07 22:08:35,062 - DEBUG - ────────────────────────────────────────────────────────────────────────────────────────────────────────────────────────
2025-09-07 22:26:23,273 - DEBUG - ────────────────────────────────────────────────────────────────────────────────────────────────────────────────────────
2025-09-07 22:27:26,018 - DEBUG - ────────────────────────────────────────────────────────────────────────────────────────────────────────────────────────
2025-09-07 22:27:43,957 - DEBUG - ────────────────────────────────────────────────────────────────────────────────────────────────────────────────────────
2025-09-07 22:27:43,965 - DEBUG - ────────────────────────────────────────────────────────────────────────────────────────────────────────────────────────
2025-09-07 22:30:40,728 - DEBUG - ────────────────────────────────────────────────────────────────────────────────────────────────────────────────────────
2025-09-07 22:33:09,533 - DEBUG - ────────────────────────────────────────────────────────────────────────────────────────────────────────────────────────
2025-09-07 22:34:11,646 - DEBUG - ────────────────────────────────────────────────────────────────────────────────────────────────────────────────────────
2025-09-07 22:40:15,730 - DEBUG - ────────────────────────────────────────────────────────────────────────────────────────────────────────────────────────
2025-09-07 23:41:23,962 - DEBUG - ────────────────────────────────────────────────────────────────────────────────────────────────────────────────────────
2025-09-07 23:41:23,978 - DEBUG - [Twitter] Iniciando búsqueda para usuario=xemacanario
2025-09-07 23:41:23,978 - DEBUG - [Twitter] Usando cache en C:\Users\jm_ay\Documents\0-TFM_Programacion\Proyecto_TFM\Gestion_Identidad\Instagram\views\..\..\Twitter\busquedas\xemacanario.json
2025-09-07 23:41:23,984 - DEBUG - [find_sensitive] Analizando texto: Hamilton debería pagarle a Fernando Alonso solo por compartir pista con él.
Si q...
2025-09-07 23:41:23,987 - DEBUG - [find_sensitive] Coincidencias -> DNI=1, IBAN=2, CCC=2, Phones=1
2025-09-07 23:41:23,987 - DEBUG - [find_sensitive] Analizando texto: @Offsiders_PRJ Óscar Valentin...
2025-09-07 23:41:23,987 - DEBUG - [find_sensitive] Coincidencias -> DNI=0, IBAN=0, CCC=0, Phones=0
2025-09-07 23:41:23,987 - DEBUG - [find_sensitive] Analizando texto: RT @OrangeEsportsES: Termina el último clasificatorio del torneo virtual de @Mut...
2025-09-07 23:41:23,988 - DEBUG - [find_sensitive] Coincidencias -> DNI=0, IBAN=0, CCC=0, Phones=0
2025-09-07 23:41:23,988 - DEBUG - [find_sensitive] Analizando texto: RT @WorldRugby_ES: Ignacio Rodríguez-Guerra atraviesa a dos defensores de Japón ...
2025-09-07 23:41:23,988 - DEBUG - [find_sensitive] Coincidencias -> DNI=0, IBAN=0, CCC=0, Phones=0
2025-09-07 23:41:23,988 - DEBUG - [find_sensitive] Analizando texto: RT @Carlosnieto_97: ¿Por qué El once? https://t.co/kBsmCGMoxu https://t.co/iaFR1...
2025-09-07 23:41:23,988 - DEBUG - [find_sensitive] Coincidencias -> DNI=0, IBAN=0, CCC=0, Phones=0
2025-09-07 23:41:23,988 - DEBUG - [find_sensitive] Analizando texto: RT @CanariasEnHora: Sabe @Era_un_crass que  @FranNicolas_G es seguidor de la @UD...
2025-09-07 23:41:23,988 - DEBUG - [find_sensitive] Coincidencias -> DNI=0, IBAN=0, CCC=0, Phones=0
2025-09-07 23:41:23,988 - DEBUG - [find_sensitive] Analizando texto: RT @ecodeteleco: #Nius El grupo 13.1 presentará una denuncia por alineación inde...
2025-09-07 23:41:23,988 - DEBUG - [find_sensitive] Coincidencias -> DNI=0, IBAN=0, CCC=0, Phones=0
2025-09-07 23:41:23,988 - DEBUG - [find_sensitive] Analizando texto: RT @estereotopicos: Estar toda la semana más dormido que despierto #estereotopic...
2025-09-07 23:41:23,988 - DEBUG - [find_sensitive] Coincidencias -> DNI=0, IBAN=0, CCC=0, Phones=0
2025-09-07 23:41:23,988 - DEBUG - [find_sensitive] Analizando texto: RT @mariaflores555: Ehhhh hola? Se acaba de mover mi casa...
2025-09-07 23:41:23,988 - DEBUG - [find_sensitive] Coincidencias -> DNI=0, IBAN=0, CCC=0, Phones=0
2025-09-07 23:41:23,989 - DEBUG - [Twitter] Reanalizados 9 tweets
2025-09-08 08:48:30,404 - DEBUG - ────────────────────────────────────────────────────────────────────────────────────────────────────────────────────────
2025-09-08 08:48:30,474 - DEBUG - [Twitter] Iniciando búsqueda para usuario=xemacanario
2025-09-08 08:48:30,475 - DEBUG - [Twitter] Usando cache en C:\Users\jm_ay\Documents\0-TFM_Programacion\Proyecto_TFM\Gestion_Identidad\Instagram\views\..\..\Twitter\busquedas\xemacanario.json
2025-09-08 08:48:30,476 - DEBUG - [find_sensitive] Analizando texto: Hamilton debería pagarle a Fernando Alonso solo por compartir pista con él.
Si q...
2025-09-08 08:48:30,476 - DEBUG - [find_sensitive] Coincidencias -> DNI=1, IBAN=2, CCC=2, Phones=1
2025-09-08 08:48:30,477 - DEBUG - [find_sensitive] Analizando texto: @Offsiders_PRJ Óscar Valentin...
2025-09-08 08:48:30,477 - DEBUG - [find_sensitive] Coincidencias -> DNI=0, IBAN=0, CCC=0, Phones=0
2025-09-08 08:48:30,477 - DEBUG - [find_sensitive] Analizando texto: RT @OrangeEsportsES: Termina el último clasificatorio del torneo virtual de @Mut...
2025-09-08 08:48:30,477 - DEBUG - [find_sensitive] Coincidencias -> DNI=0, IBAN=0, CCC=0, Phones=0
2025-09-08 08:48:30,477 - DEBUG - [find_sensitive] Analizando texto: RT @WorldRugby_ES: Ignacio Rodríguez-Guerra atraviesa a dos defensores de Japón ...
2025-09-08 08:48:30,478 - DEBUG - [find_sensitive] Coincidencias -> DNI=0, IBAN=0, CCC=0, Phones=0
2025-09-08 08:48:30,478 - DEBUG - [find_sensitive] Analizando texto: RT @Carlosnieto_97: ¿Por qué El once? https://t.co/kBsmCGMoxu https://t.co/iaFR1...
2025-09-08 08:48:30,478 - DEBUG - [find_sensitive] Coincidencias -> DNI=0, IBAN=0, CCC=0, Phones=0
2025-09-08 08:48:30,478 - DEBUG - [find_sensitive] Analizando texto: RT @CanariasEnHora: Sabe @Era_un_crass que  @FranNicolas_G es seguidor de la @UD...
2025-09-08 08:48:30,478 - DEBUG - [find_sensitive] Coincidencias -> DNI=0, IBAN=0, CCC=0, Phones=0
2025-09-08 08:48:30,478 - DEBUG - [find_sensitive] Analizando texto: RT @ecodeteleco: #Nius El grupo 13.1 presentará una denuncia por alineación inde...
2025-09-08 08:48:30,478 - DEBUG - [find_sensitive] Coincidencias -> DNI=0, IBAN=0, CCC=0, Phones=0
2025-09-08 08:48:30,479 - DEBUG - [find_sensitive] Analizando texto: RT @estereotopicos: Estar toda la semana más dormido que despierto #estereotopic...
2025-09-08 08:48:30,479 - DEBUG - [find_sensitive] Coincidencias -> DNI=0, IBAN=0, CCC=0, Phones=0
2025-09-08 08:48:30,479 - DEBUG - [find_sensitive] Analizando texto: RT @mariaflores555: Ehhhh hola? Se acaba de mover mi casa...
2025-09-08 08:48:30,479 - DEBUG - [find_sensitive] Coincidencias -> DNI=0, IBAN=0, CCC=0, Phones=0
2025-09-08 08:48:30,479 - DEBUG - [Twitter] Reanalizados 9 tweets
2025-09-08 14:58:14,482 - DEBUG - ────────────────────────────────────────────────────────────────────────────────────────────────────────────────────────
2025-09-08 14:58:41,600 - DEBUG - ────────────────────────────────────────────────────────────────────────────────────────────────────────────────────────
