2025-09-04 17:47:48,976 - DEBUG - ────────────────────────────────────────────────────────────────────────────────────────────────────────────────────────
2025-09-04 18:01:25,611 - DEBUG - ────────────────────────────────────────────────────────────────────────────────────────────────────────────────────────
2025-09-04 18:02:01,708 - DEBUG - ────────────────────────────────────────────────────────────────────────────────────────────────────────────────────────
2025-09-04 18:03:37,475 - DEBUG - ────────────────────────────────────────────────────────────────────────────────────────────────────────────────────────
2025-09-04 18:09:48,053 - DEBUG - ────────────────────────────────────────────────────────────────────────────────────────────────────────────────────────
2025-09-04 18:10:39,543 - DEBUG - ────────────────────────────────────────────────────────────────────────────────────────────────────────────────────────
2025-09-04 18:19:05,938 - DEBUG - ────────────────────────────────────────────────────────────────────────────────────────────────────────────────────────
2025-09-04 18:25:05,504 - DEBUG - ────────────────────────────────────────────────────────────────────────────────────────────────────────────────────────
2025-09-04 18:26:10,677 - DEBUG - ────────────────────────────────────────────────────────────────────────────────────────────────────────────────────────
2025-09-04 22:06:02,541 - DEBUG - ────────────────────────────────────────────────────────────────────────────────────────────────────────────────────────
2025-09-04 22:19:52,889 - DEBUG - ────────────────────────────────────────────────────────────────────────────────────────────────────────────────────────
2025-09-04 22:32:13,619 - DEBUG - ────────────────────────────────────────────────────────────────────────────────────────────────────────────────────────
2025-09-04 22:40:57,311 - DEBUG - ────────────────────────────────────────────────────────────────────────────────────────────────────────────────────────
2025-09-04 22:40:58,562 - DEBUG - [Twitter] Iniciando búsqueda para usuario=xemacanario
2025-09-04 22:40:58,563 - DEBUG - [Twitter] Usando cache en C:\Users\jm_ay\Documents\0-TFM_Programacion\Proyecto_TFM\Gestion_Identidad\Instagram\views\..\..\Twitter\busquedas\xemacanario.json
2025-09-04 22:40:58,590 - DEBUG - [find_sensitive] Analizando texto: Hamilton debería pagarle a Fernando Alonso solo por compartir pista con él.
Si q...
2025-09-04 22:40:58,590 - DEBUG - [find_sensitive] Coincidencias -> DNI=1, IBAN=2, CCC=2, Phones=1
2025-09-04 22:40:58,590 - DEBUG - [find_sensitive] Analizando texto: @Offsiders_PRJ Óscar Valentin...
2025-09-04 22:40:58,590 - DEBUG - [find_sensitive] Coincidencias -> DNI=0, IBAN=0, CCC=0, Phones=0
2025-09-04 22:40:58,590 - DEBUG - [find_sensitive] Analizando texto: RT @OrangeEsportsES: Termina el último clasificatorio del torneo virtual de @Mut...
2025-09-04 22:40:58,590 - DEBUG - [find_sensitive] Coincidencias -> DNI=0, IBAN=0, CCC=0, Phones=0
2025-09-04 22:40:58,591 - DEBUG - [find_sensitive] Analizando texto: RT @WorldRugby_ES: Ignacio Rodríguez-Guerra atraviesa a dos defensores de Japón ...
2025-09-04 22:40:58,591 - DEBUG - [find_sensitive] Coincidencias -> DNI=0, IBAN=0, CCC=0, Phones=0
2025-09-04 22:40:58,591 - DEBUG - [find_sensitive] Analizando texto: RT @Carlosnieto_97: ¿Por qué El once? https://t.co/kBsmCGMoxu https://t.co/iaFR1...
2025-09-04 22:40:58,591 - DEBUG - [find_sensitive] Coincidencias -> DNI=0, IBAN=0, CCC=0, Phones=0
2025-09-04 22:40:58,591 - DEBUG - [find_sensitive] Analizando texto: RT @CanariasEnHora: Sabe @Era_un_crass que  @FranNicolas_G es seguidor de la @UD...
2025-09-04 22:40:58,591 - DEBUG - [find_sensitive] Coincidencias -> DNI=0, IBAN=0, CCC=0, Phones=0
2025-09-04 22:40:58,591 - DEBUG - [find_sensitive] Analizando texto: RT @ecodeteleco: #Nius El grupo 13.1 presentará una denuncia por alineación inde...
2025-09-04 22:40:58,591 - DEBUG - [find_sensitive] Coincidencias -> DNI=0, IBAN=0, CCC=0, Phones=0
2025-09-04 22:40:58,591 - DEBUG - [find_sensitive] Analizando texto: RT @estereotopicos: Estar toda la semana más dormido que despierto #estereotopic...
2025-09-04 22:40:58,591 - DEBUG - [find_sensitive] Coincidencias -> DNI=0, IBAN=0, CCC=0, Phones=0
2025-09-04 22:40:58,591 - DEBUG - [find_sensitive] Analizando texto: RT @mariaflores555: Ehhhh hola? Se acaba de mover mi casa...
2025-09-04 22:40:58,591 - DEBUG - [find_sensitive] Coincidencias -> DNI=0, IBAN=0, CCC=0, Phones=0
2025-09-04 22:40:58,592 - DEBUG - [Twitter] Reanalizados 9 tweets
2025-09-04 22:51:53,658 - DEBUG - ────────────────────────────────────────────────────────────────────────────────────────────────────────────────────────
2025-09-04 22:51:55,847 - DEBUG - [Twitter] Iniciando búsqueda para usuario=xemacanario
2025-09-04 22:51:55,849 - DEBUG - [Twitter] Usando cache en C:\Users\jm_ay\Documents\0-TFM_Programacion\Proyecto_TFM\Gestion_Identidad\Instagram\views\..\..\Twitter\busquedas\xemacanario.json
2025-09-04 22:51:55,855 - DEBUG - [find_sensitive] Analizando texto: Hamilton debería pagarle a Fernando Alonso solo por compartir pista con él.
Si q...
2025-09-04 22:51:55,855 - DEBUG - [find_sensitive] Coincidencias -> DNI=1, IBAN=2, CCC=2, Phones=1
2025-09-04 22:51:55,856 - DEBUG - [find_sensitive] Analizando texto: @Offsiders_PRJ Óscar Valentin...
2025-09-04 22:51:55,856 - DEBUG - [find_sensitive] Coincidencias -> DNI=0, IBAN=0, CCC=0, Phones=0
2025-09-04 22:51:55,856 - DEBUG - [find_sensitive] Analizando texto: RT @OrangeEsportsES: Termina el último clasificatorio del torneo virtual de @Mut...
2025-09-04 22:51:55,856 - DEBUG - [find_sensitive] Coincidencias -> DNI=0, IBAN=0, CCC=0, Phones=0
2025-09-04 22:51:55,856 - DEBUG - [find_sensitive] Analizando texto: RT @WorldRugby_ES: Ignacio Rodríguez-Guerra atraviesa a dos defensores de Japón ...
2025-09-04 22:51:55,856 - DEBUG - [find_sensitive] Coincidencias -> DNI=0, IBAN=0, CCC=0, Phones=0
2025-09-04 22:51:55,857 - DEBUG - [find_sensitive] Analizando texto: RT @Carlosnieto_97: ¿Por qué El once? https://t.co/kBsmCGMoxu https://t.co/iaFR1...
2025-09-04 22:51:55,857 - DEBUG - [find_sensitive] Coincidencias -> DNI=0, IBAN=0, CCC=0, Phones=0
2025-09-04 22:51:55,857 - DEBUG - [find_sensitive] Analizando texto: RT @CanariasEnHora: Sabe @Era_un_crass que  @FranNicolas_G es seguidor de la @UD...
2025-09-04 22:51:55,857 - DEBUG - [find_sensitive] Coincidencias -> DNI=0, IBAN=0, CCC=0, Phones=0
2025-09-04 22:51:55,857 - DEBUG - [find_sensitive] Analizando texto: RT @ecodeteleco: #Nius El grupo 13.1 presentará una denuncia por alineación inde...
2025-09-04 22:51:55,858 - DEBUG - [find_sensitive] Coincidencias -> DNI=0, IBAN=0, CCC=0, Phones=0
2025-09-04 22:51:55,858 - DEBUG - [find_sensitive] Analizando texto: RT @estereotopicos: Estar toda la semana más dormido que despierto #estereotopic...
2025-09-04 22:51:55,858 - DEBUG - [find_sensitive] Coincidencias -> DNI=0, IBAN=0, CCC=0, Phones=0
2025-09-04 22:51:55,858 - DEBUG - [find_sensitive] Analizando texto: RT @mariaflores555: Ehhhh hola? Se acaba de mover mi casa...
2025-09-04 22:51:55,858 - DEBUG - [find_sensitive] Coincidencias -> DNI=0, IBAN=0, CCC=0, Phones=0
2025-09-04 22:51:55,858 - DEBUG - [Twitter] Reanalizados 9 tweets
2025-09-04 22:53:30,489 - DEBUG - ────────────────────────────────────────────────────────────────────────────────────────────────────────────────────────
2025-09-04 22:54:34,074 - DEBUG - ────────────────────────────────────────────────────────────────────────────────────────────────────────────────────────
2025-09-04 22:59:38,655 - DEBUG - ────────────────────────────────────────────────────────────────────────────────────────────────────────────────────────
2025-09-04 23:00:25,265 - DEBUG - ────────────────────────────────────────────────────────────────────────────────────────────────────────────────────────
2025-09-04 23:04:26,689 - DEBUG - ────────────────────────────────────────────────────────────────────────────────────────────────────────────────────────
2025-09-04 23:09:21,849 - DEBUG - ────────────────────────────────────────────────────────────────────────────────────────────────────────────────────────
2025-09-04 23:09:44,769 - DEBUG - ────────────────────────────────────────────────────────────────────────────────────────────────────────────────────────
2025-09-04 23:11:00,377 - DEBUG - ────────────────────────────────────────────────────────────────────────────────────────────────────────────────────────
2025-09-04 23:19:40,690 - DEBUG - ────────────────────────────────────────────────────────────────────────────────────────────────────────────────────────
2025-09-04 23:29:31,042 - DEBUG - ────────────────────────────────────────────────────────────────────────────────────────────────────────────────────────
2025-09-04 23:33:58,472 - DEBUG - ────────────────────────────────────────────────────────────────────────────────────────────────────────────────────────
2025-09-04 23:34:13,102 - DEBUG - ────────────────────────────────────────────────────────────────────────────────────────────────────────────────────────
2025-09-04 23:34:38,943 - DEBUG - ────────────────────────────────────────────────────────────────────────────────────────────────────────────────────────
2025-09-04 23:36:30,096 - DEBUG - ────────────────────────────────────────────────────────────────────────────────────────────────────────────────────────
2025-09-04 23:55:01,048 - DEBUG - ────────────────────────────────────────────────────────────────────────────────────────────────────────────────────────
